Inserting into couriers_orders... 

Records: 1000  Deleted: 0  Skipped: 1000  Warnings: 1000
Level	Code	Message
Warning	1062	Duplicate entry '1-244' for key 'couriers_orders.PRIMARY'
Warning	1062	Duplicate entry '2-217' for key 'couriers_orders.PRIMARY'
Warning	1062	Duplicate entry '3-272' for key 'couriers_orders.PRIMARY'
Warning	1062	Duplicate entry '4-214' for key 'couriers_orders.PRIMARY'
Warning	1062	Duplicate entry '5-221' for key 'couriers_orders.PRIMARY'
Warning	1062	Duplicate entry '6-219' for key 'couriers_orders.PRIMARY'
Warning	1062	Duplicate entry '7-208' for key 'couriers_orders.PRIMARY'
Warning	1062	Duplicate entry '8-265' for key 'couriers_orders.PRIMARY'
Warning	1062	Duplicate entry '9-285' for key 'couriers_orders.PRIMARY'
Warning	1062	Duplicate entry '10-211' for key 'couriers_orders.PRIMARY'
Warning	1062	Duplicate entry '11-243' for key 'couriers_orders.PRIMARY'
Warning	1062	Duplicate entry '12-285' for key 'couriers_orders.PRIMARY'
Warning	1062	Duplicate entry '13-214' for key 'couriers_orders.PRIMARY'
Warning	1062	Duplicate entry '14-282' for key 'couriers_orders.PRIMARY'
Warning	1062	Duplicate entry '15-257' for key 'couriers_orders.PRIMARY'
Warning	1062	Duplicate entry '16-215' for key 'couriers_orders.PRIMARY'
Warning	1062	Duplicate entry '17-258' for key 'couriers_orders.PRIMARY'
Warning	1062	Duplicate entry '18-232' for key 'couriers_orders.PRIMARY'
Warning	1062	Duplicate entry '19-203' for key 'couriers_orders.PRIMARY'
Warning	1062	Duplicate entry '20-238' for key 'couriers_orders.PRIMARY'
Warning	1062	Duplicate entry '21-299' for key 'couriers_orders.PRIMARY'
Warning	1062	Duplicate entry '22-246' for key 'couriers_orders.PRIMARY'
Warning	1062	Duplicate entry '23-268' for key 'couriers_orders.PRIMARY'
Warning	1062	Duplicate entry '24-277' for key 'couriers_orders.PRIMARY'
Warning	1062	Duplicate entry '25-213' for key 'couriers_orders.PRIMARY'
Warning	1062	Duplicate entry '26-280' for key 'couriers_orders.PRIMARY'
Warning	1062	Duplicate entry '27-278' for key 'couriers_orders.PRIMARY'
Warning	1062	Duplicate entry '28-251' for key 'couriers_orders.PRIMARY'
Warning	1062	Duplicate entry '29-260' for key 'couriers_orders.PRIMARY'
Warning	1062	Duplicate entry '30-286' for key 'couriers_orders.PRIMARY'
Warning	1062	Duplicate entry '31-213' for key 'couriers_orders.PRIMARY'
Warning	1062	Duplicate entry '32-273' for key 'couriers_orders.PRIMARY'
Warning	1062	Duplicate entry '33-251' for key 'couriers_orders.PRIMARY'
Warning	1062	Duplicate entry '34-214' for key 'couriers_orders.PRIMARY'
Warning	1062	Duplicate entry '35-202' for key 'couriers_orders.PRIMARY'
Warning	1062	Duplicate entry '36-288' for key 'couriers_orders.PRIMARY'
Warning	1062	Duplicate entry '37-293' for key 'couriers_orders.PRIMARY'
Warning	1062	Duplicate entry '38-253' for key 'couriers_orders.PRIMARY'
Warning	1062	Duplicate entry '39-283' for key 'couriers_orders.PRIMARY'
Warning	1062	Duplicate entry '40-221' for key 'couriers_orders.PRIMARY'
Warning	1062	Duplicate entry '41-260' for key 'couriers_orders.PRIMARY'
Warning	1062	Duplicate entry '42-255' for key 'couriers_orders.PRIMARY'
Warning	1062	Duplicate entry '43-264' for key 'couriers_orders.PRIMARY'
Warning	1062	Duplicate entry '44-240' for key 'couriers_orders.PRIMARY'
Warning	1062	Duplicate entry '45-235' for key 'couriers_orders.PRIMARY'
Warning	1062	Duplicate entry '46-221' for key 'couriers_orders.PRIMARY'
Warning	1062	Duplicate entry '47-262' for key 'couriers_orders.PRIMARY'
Warning	1062	Duplicate entry '48-243' for key 'couriers_orders.PRIMARY'
Warning	1062	Duplicate entry '49-216' for key 'couriers_orders.PRIMARY'
Warning	1062	Duplicate entry '50-205' for key 'couriers_orders.PRIMARY'
Warning	1452	Cannot add or update a child row: a foreign key constraint fails (`masnaszama`.`couriers_orders`, CONSTRAINT `FK81k145s3ngpq6wo0hljadxlrs` FOREIGN KEY (`person_id`) REFERENCES `courier` (`person_id`))
Warning	1062	Duplicate entry '52-209' for key 'couriers_orders.PRIMARY'
Warning	1062	Duplicate entry '53-277' for key 'couriers_orders.PRIMARY'
Warning	1062	Duplicate entry '54-207' for key 'couriers_orders.PRIMARY'
Warning	1062	Duplicate entry '55-236' for key 'couriers_orders.PRIMARY'
Warning	1062	Duplicate entry '56-259' for key 'couriers_orders.PRIMARY'
Warning	1062	Duplicate entry '57-271' for key 'couriers_orders.PRIMARY'
Warning	1062	Duplicate entry '58-270' for key 'couriers_orders.PRIMARY'
Warning	1062	Duplicate entry '59-278' for key 'couriers_orders.PRIMARY'
Warning	1062	Duplicate entry '60-205' for key 'couriers_orders.PRIMARY'
Warning	1062	Duplicate entry '61-220' for key 'couriers_orders.PRIMARY'
Warning	1062	Duplicate entry '62-206' for key 'couriers_orders.PRIMARY'
Warning	1062	Duplicate entry '63-294' for key 'couriers_orders.PRIMARY'
Warning	1062	Duplicate entry '64-208' for key 'couriers_orders.PRIMARY'
Warning	1062	Duplicate entry '65-274' for key 'couriers_orders.PRIMARY'
Warning	1062	Duplicate entry '66-218' for key 'couriers_orders.PRIMARY'
Warning	1062	Duplicate entry '67-261' for key 'couriers_orders.PRIMARY'
Warning	1062	Duplicate entry '68-235' for key 'couriers_orders.PRIMARY'
Warning	1062	Duplicate entry '69-254' for key 'couriers_orders.PRIMARY'
Warning	1062	Duplicate entry '70-220' for key 'couriers_orders.PRIMARY'
Warning	1062	Duplicate entry '71-277' for key 'couriers_orders.PRIMARY'
Warning	1062	Duplicate entry '72-274' for key 'couriers_orders.PRIMARY'
Warning	1062	Duplicate entry '73-227' for key 'couriers_orders.PRIMARY'
Warning	1062	Duplicate entry '74-276' for key 'couriers_orders.PRIMARY'
Warning	1062	Duplicate entry '75-215' for key 'couriers_orders.PRIMARY'
Warning	1062	Duplicate entry '76-268' for key 'couriers_orders.PRIMARY'
Warning	1062	Duplicate entry '77-253' for key 'couriers_orders.PRIMARY'
Warning	1062	Duplicate entry '78-294' for key 'couriers_orders.PRIMARY'
Warning	1062	Duplicate entry '79-209' for key 'couriers_orders.PRIMARY'
Warning	1062	Duplicate entry '80-214' for key 'couriers_orders.PRIMARY'
Warning	1062	Duplicate entry '81-241' for key 'couriers_orders.PRIMARY'
Warning	1062	Duplicate entry '82-210' for key 'couriers_orders.PRIMARY'
Warning	1062	Duplicate entry '83-218' for key 'couriers_orders.PRIMARY'
Warning	1062	Duplicate entry '84-221' for key 'couriers_orders.PRIMARY'
Warning	1062	Duplicate entry '85-261' for key 'couriers_orders.PRIMARY'
Warning	1062	Duplicate entry '86-207' for key 'couriers_orders.PRIMARY'
Warning	1062	Duplicate entry '87-242' for key 'couriers_orders.PRIMARY'
Warning	1062	Duplicate entry '88-242' for key 'couriers_orders.PRIMARY'
Warning	1062	Duplicate entry '89-286' for key 'couriers_orders.PRIMARY'
Warning	1062	Duplicate entry '90-233' for key 'couriers_orders.PRIMARY'
Warning	1062	Duplicate entry '91-203' for key 'couriers_orders.PRIMARY'
Warning	1062	Duplicate entry '92-280' for key 'couriers_orders.PRIMARY'
Warning	1062	Duplicate entry '93-264' for key 'couriers_orders.PRIMARY'
Warning	1062	Duplicate entry '94-276' for key 'couriers_orders.PRIMARY'
Warning	1062	Duplicate entry '95-215' for key 'couriers_orders.PRIMARY'
Warning	1062	Duplicate entry '96-227' for key 'couriers_orders.PRIMARY'
Warning	1062	Duplicate entry '97-273' for key 'couriers_orders.PRIMARY'
Warning	1062	Duplicate entry '98-282' for key 'couriers_orders.PRIMARY'
Warning	1062	Duplicate entry '99-292' for key 'couriers_orders.PRIMARY'
Warning	1452	Cannot add or update a child row: a foreign key constraint fails (`masnaszama`.`couriers_orders`, CONSTRAINT `FK81k145s3ngpq6wo0hljadxlrs` FOREIGN KEY (`person_id`) REFERENCES `courier` (`person_id`))
Warning	1062	Duplicate entry '101-259' for key 'couriers_orders.PRIMARY'
Warning	1062	Duplicate entry '102-270' for key 'couriers_orders.PRIMARY'
Warning	1062	Duplicate entry '103-275' for key 'couriers_orders.PRIMARY'
Warning	1062	Duplicate entry '104-296' for key 'couriers_orders.PRIMARY'
Warning	1062	Duplicate entry '105-263' for key 'couriers_orders.PRIMARY'
Warning	1062	Duplicate entry '106-212' for key 'couriers_orders.PRIMARY'
Warning	1452	Cannot add or update a child row: a foreign key constraint fails (`masnaszama`.`couriers_orders`, CONSTRAINT `FK81k145s3ngpq6wo0hljadxlrs` FOREIGN KEY (`person_id`) REFERENCES `courier` (`person_id`))
Warning	1062	Duplicate entry '108-264' for key 'couriers_orders.PRIMARY'
Warning	1062	Duplicate entry '109-270' for key 'couriers_orders.PRIMARY'
Warning	1062	Duplicate entry '110-295' for key 'couriers_orders.PRIMARY'
Warning	1452	Cannot add or update a child row: a foreign key constraint fails (`masnaszama`.`couriers_orders`, CONSTRAINT `FK81k145s3ngpq6wo0hljadxlrs` FOREIGN KEY (`person_id`) REFERENCES `courier` (`person_id`))
Warning	1062	Duplicate entry '112-210' for key 'couriers_orders.PRIMARY'
Warning	1062	Duplicate entry '113-284' for key 'couriers_orders.PRIMARY'
Warning	1062	Duplicate entry '114-247' for key 'couriers_orders.PRIMARY'
Warning	1062	Duplicate entry '115-251' for key 'couriers_orders.PRIMARY'
Warning	1062	Duplicate entry '116-259' for key 'couriers_orders.PRIMARY'
Warning	1062	Duplicate entry '117-220' for key 'couriers_orders.PRIMARY'
Warning	1062	Duplicate entry '118-258' for key 'couriers_orders.PRIMARY'
Warning	1062	Duplicate entry '119-212' for key 'couriers_orders.PRIMARY'
Warning	1062	Duplicate entry '120-279' for key 'couriers_orders.PRIMARY'
Warning	1062	Duplicate entry '121-216' for key 'couriers_orders.PRIMARY'
Warning	1062	Duplicate entry '122-239' for key 'couriers_orders.PRIMARY'
Warning	1062	Duplicate entry '123-211' for key 'couriers_orders.PRIMARY'
Warning	1062	Duplicate entry '124-235' for key 'couriers_orders.PRIMARY'
Warning	1062	Duplicate entry '125-262' for key 'couriers_orders.PRIMARY'
Warning	1062	Duplicate entry '126-221' for key 'couriers_orders.PRIMARY'
Warning	1062	Duplicate entry '127-202' for key 'couriers_orders.PRIMARY'
Warning	1062	Duplicate entry '128-241' for key 'couriers_orders.PRIMARY'
Warning	1062	Duplicate entry '129-294' for key 'couriers_orders.PRIMARY'
Warning	1062	Duplicate entry '130-207' for key 'couriers_orders.PRIMARY'
Warning	1062	Duplicate entry '131-262' for key 'couriers_orders.PRIMARY'
Warning	1062	Duplicate entry '132-293' for key 'couriers_orders.PRIMARY'
Warning	1062	Duplicate entry '133-236' for key 'couriers_orders.PRIMARY'
Warning	1062	Duplicate entry '134-294' for key 'couriers_orders.PRIMARY'
Warning	1062	Duplicate entry '135-275' for key 'couriers_orders.PRIMARY'
Warning	1062	Duplicate entry '136-227' for key 'couriers_orders.PRIMARY'
Warning	1062	Duplicate entry '137-291' for key 'couriers_orders.PRIMARY'
Warning	1062	Duplicate entry '138-273' for key 'couriers_orders.PRIMARY'
Warning	1062	Duplicate entry '139-220' for key 'couriers_orders.PRIMARY'
Warning	1062	Duplicate entry '140-276' for key 'couriers_orders.PRIMARY'
Warning	1062	Duplicate entry '141-253' for key 'couriers_orders.PRIMARY'
Warning	1062	Duplicate entry '142-295' for key 'couriers_orders.PRIMARY'
Warning	1062	Duplicate entry '143-207' for key 'couriers_orders.PRIMARY'
Warning	1062	Duplicate entry '144-271' for key 'couriers_orders.PRIMARY'
Warning	1062	Duplicate entry '145-278' for key 'couriers_orders.PRIMARY'
Warning	1062	Duplicate entry '146-278' for key 'couriers_orders.PRIMARY'
Warning	1062	Duplicate entry '147-290' for key 'couriers_orders.PRIMARY'
Warning	1062	Duplicate entry '148-225' for key 'couriers_orders.PRIMARY'
Warning	1062	Duplicate entry '149-298' for key 'couriers_orders.PRIMARY'
Warning	1062	Duplicate entry '150-218' for key 'couriers_orders.PRIMARY'
Warning	1062	Duplicate entry '151-286' for key 'couriers_orders.PRIMARY'
Warning	1062	Duplicate entry '152-215' for key 'couriers_orders.PRIMARY'
Warning	1062	Duplicate entry '153-243' for key 'couriers_orders.PRIMARY'
Warning	1062	Duplicate entry '154-251' for key 'couriers_orders.PRIMARY'
Warning	1062	Duplicate entry '155-271' for key 'couriers_orders.PRIMARY'
Warning	1062	Duplicate entry '156-237' for key 'couriers_orders.PRIMARY'
Warning	1062	Duplicate entry '157-292' for key 'couriers_orders.PRIMARY'
Warning	1062	Duplicate entry '158-211' for key 'couriers_orders.PRIMARY'
Warning	1062	Duplicate entry '159-228' for key 'couriers_orders.PRIMARY'
Warning	1062	Duplicate entry '160-297' for key 'couriers_orders.PRIMARY'
Warning	1062	Duplicate entry '161-201' for key 'couriers_orders.PRIMARY'
Warning	1062	Duplicate entry '162-240' for key 'couriers_orders.PRIMARY'
Warning	1062	Duplicate entry '163-219' for key 'couriers_orders.PRIMARY'
Warning	1062	Duplicate entry '164-208' for key 'couriers_orders.PRIMARY'
Warning	1062	Duplicate entry '165-215' for key 'couriers_orders.PRIMARY'
Warning	1062	Duplicate entry '166-286' for key 'couriers_orders.PRIMARY'
Warning	1062	Duplicate entry '167-236' for key 'couriers_orders.PRIMARY'
Warning	1062	Duplicate entry '168-240' for key 'couriers_orders.PRIMARY'
Warning	1062	Duplicate entry '169-221' for key 'couriers_orders.PRIMARY'
Warning	1062	Duplicate entry '170-239' for key 'couriers_orders.PRIMARY'
Warning	1062	Duplicate entry '171-290' for key 'couriers_orders.PRIMARY'
Warning	1062	Duplicate entry '172-298' for key 'couriers_orders.PRIMARY'
Warning	1062	Duplicate entry '173-260' for key 'couriers_orders.PRIMARY'
Warning	1062	Duplicate entry '174-297' for key 'couriers_orders.PRIMARY'
Warning	1062	Duplicate entry '175-279' for key 'couriers_orders.PRIMARY'
Warning	1062	Duplicate entry '176-293' for key 'couriers_orders.PRIMARY'
Warning	1062	Duplicate entry '177-243' for key 'couriers_orders.PRIMARY'
Warning	1062	Duplicate entry '178-225' for key 'couriers_orders.PRIMARY'
Warning	1062	Duplicate entry '179-228' for key 'couriers_orders.PRIMARY'
Warning	1062	Duplicate entry '180-297' for key 'couriers_orders.PRIMARY'
Warning	1062	Duplicate entry '181-207' for key 'couriers_orders.PRIMARY'
Warning	1062	Duplicate entry '182-295' for key 'couriers_orders.PRIMARY'
Warning	1062	Duplicate entry '183-240' for key 'couriers_orders.PRIMARY'
Warning	1062	Duplicate entry '184-283' for key 'couriers_orders.PRIMARY'
Warning	1062	Duplicate entry '185-227' for key 'couriers_orders.PRIMARY'
Warning	1062	Duplicate entry '186-219' for key 'couriers_orders.PRIMARY'
Warning	1062	Duplicate entry '187-252' for key 'couriers_orders.PRIMARY'
Warning	1062	Duplicate entry '188-209' for key 'couriers_orders.PRIMARY'
Warning	1062	Duplicate entry '189-278' for key 'couriers_orders.PRIMARY'
Warning	1062	Duplicate entry '190-277' for key 'couriers_orders.PRIMARY'
Warning	1062	Duplicate entry '191-286' for key 'couriers_orders.PRIMARY'
Warning	1062	Duplicate entry '192-258' for key 'couriers_orders.PRIMARY'
Warning	1062	Duplicate entry '193-280' for key 'couriers_orders.PRIMARY'
Warning	1062	Duplicate entry '194-298' for key 'couriers_orders.PRIMARY'
Warning	1062	Duplicate entry '195-294' for key 'couriers_orders.PRIMARY'
Warning	1062	Duplicate entry '196-295' for key 'couriers_orders.PRIMARY'
Warning	1062	Duplicate entry '197-284' for key 'couriers_orders.PRIMARY'
Warning	1062	Duplicate entry '198-214' for key 'couriers_orders.PRIMARY'
Warning	1062	Duplicate entry '199-217' for key 'couriers_orders.PRIMARY'
Warning	1062	Duplicate entry '200-249' for key 'couriers_orders.PRIMARY'
Warning	1062	Duplicate entry '201-221' for key 'couriers_orders.PRIMARY'
Warning	1062	Duplicate entry '202-295' for key 'couriers_orders.PRIMARY'
Warning	1062	Duplicate entry '203-257' for key 'couriers_orders.PRIMARY'
Warning	1062	Duplicate entry '204-283' for key 'couriers_orders.PRIMARY'
Warning	1062	Duplicate entry '205-285' for key 'couriers_orders.PRIMARY'
Warning	1062	Duplicate entry '206-245' for key 'couriers_orders.PRIMARY'
Warning	1062	Duplicate entry '207-284' for key 'couriers_orders.PRIMARY'
Warning	1062	Duplicate entry '208-207' for key 'couriers_orders.PRIMARY'
Warning	1062	Duplicate entry '209-201' for key 'couriers_orders.PRIMARY'
Warning	1062	Duplicate entry '210-232' for key 'couriers_orders.PRIMARY'
Warning	1062	Duplicate entry '211-258' for key 'couriers_orders.PRIMARY'
Warning	1062	Duplicate entry '212-247' for key 'couriers_orders.PRIMARY'
Warning	1062	Duplicate entry '213-270' for key 'couriers_orders.PRIMARY'
Warning	1062	Duplicate entry '214-265' for key 'couriers_orders.PRIMARY'
Warning	1062	Duplicate entry '215-226' for key 'couriers_orders.PRIMARY'
Warning	1062	Duplicate entry '216-227' for key 'couriers_orders.PRIMARY'
Warning	1062	Duplicate entry '217-238' for key 'couriers_orders.PRIMARY'
Warning	1062	Duplicate entry '218-249' for key 'couriers_orders.PRIMARY'
Warning	1062	Duplicate entry '219-228' for key 'couriers_orders.PRIMARY'
Warning	1062	Duplicate entry '220-248' for key 'couriers_orders.PRIMARY'
Warning	1062	Duplicate entry '221-239' for key 'couriers_orders.PRIMARY'
Warning	1062	Duplicate entry '222-219' for key 'couriers_orders.PRIMARY'
Warning	1062	Duplicate entry '223-234' for key 'couriers_orders.PRIMARY'
Warning	1062	Duplicate entry '224-215' for key 'couriers_orders.PRIMARY'
Warning	1062	Duplicate entry '225-235' for key 'couriers_orders.PRIMARY'
Warning	1062	Duplicate entry '226-263' for key 'couriers_orders.PRIMARY'
Warning	1062	Duplicate entry '227-212' for key 'couriers_orders.PRIMARY'
Warning	1062	Duplicate entry '228-296' for key 'couriers_orders.PRIMARY'
Warning	1062	Duplicate entry '229-210' for key 'couriers_orders.PRIMARY'
Warning	1062	Duplicate entry '230-278' for key 'couriers_orders.PRIMARY'
Warning	1062	Duplicate entry '231-238' for key 'couriers_orders.PRIMARY'
Warning	1062	Duplicate entry '232-243' for key 'couriers_orders.PRIMARY'
Warning	1062	Duplicate entry '233-298' for key 'couriers_orders.PRIMARY'
Warning	1062	Duplicate entry '234-215' for key 'couriers_orders.PRIMARY'
Warning	1062	Duplicate entry '235-260' for key 'couriers_orders.PRIMARY'
Warning	1062	Duplicate entry '236-210' for key 'couriers_orders.PRIMARY'
Warning	1062	Duplicate entry '237-243' for key 'couriers_orders.PRIMARY'
Warning	1062	Duplicate entry '238-282' for key 'couriers_orders.PRIMARY'
Warning	1062	Duplicate entry '239-250' for key 'couriers_orders.PRIMARY'
Warning	1062	Duplicate entry '240-201' for key 'couriers_orders.PRIMARY'
Warning	1062	Duplicate entry '241-212' for key 'couriers_orders.PRIMARY'
Warning	1062	Duplicate entry '242-229' for key 'couriers_orders.PRIMARY'
Warning	1062	Duplicate entry '243-220' for key 'couriers_orders.PRIMARY'
Warning	1062	Duplicate entry '244-297' for key 'couriers_orders.PRIMARY'
Warning	1062	Duplicate entry '245-266' for key 'couriers_orders.PRIMARY'
Warning	1062	Duplicate entry '246-261' for key 'couriers_orders.PRIMARY'
Warning	1062	Duplicate entry '247-208' for key 'couriers_orders.PRIMARY'
Warning	1062	Duplicate entry '248-245' for key 'couriers_orders.PRIMARY'
Warning	1062	Duplicate entry '249-275' for key 'couriers_orders.PRIMARY'
Warning	1062	Duplicate entry '250-215' for key 'couriers_orders.PRIMARY'
Warning	1062	Duplicate entry '251-212' for key 'couriers_orders.PRIMARY'
Warning	1062	Duplicate entry '252-228' for key 'couriers_orders.PRIMARY'
Warning	1062	Duplicate entry '253-201' for key 'couriers_orders.PRIMARY'
Warning	1062	Duplicate entry '254-278' for key 'couriers_orders.PRIMARY'
Warning	1062	Duplicate entry '255-214' for key 'couriers_orders.PRIMARY'
Warning	1062	Duplicate entry '256-241' for key 'couriers_orders.PRIMARY'
Warning	1062	Duplicate entry '257-251' for key 'couriers_orders.PRIMARY'
Warning	1062	Duplicate entry '258-224' for key 'couriers_orders.PRIMARY'
Warning	1062	Duplicate entry '259-233' for key 'couriers_orders.PRIMARY'
Warning	1062	Duplicate entry '260-274' for key 'couriers_orders.PRIMARY'
Warning	1062	Duplicate entry '261-242' for key 'couriers_orders.PRIMARY'
Warning	1062	Duplicate entry '262-279' for key 'couriers_orders.PRIMARY'
Warning	1062	Duplicate entry '263-238' for key 'couriers_orders.PRIMARY'
Warning	1062	Duplicate entry '264-256' for key 'couriers_orders.PRIMARY'
Warning	1062	Duplicate entry '265-206' for key 'couriers_orders.PRIMARY'
Warning	1062	Duplicate entry '266-241' for key 'couriers_orders.PRIMARY'
Warning	1062	Duplicate entry '267-256' for key 'couriers_orders.PRIMARY'
Warning	1062	Duplicate entry '268-240' for key 'couriers_orders.PRIMARY'
Warning	1062	Duplicate entry '269-253' for key 'couriers_orders.PRIMARY'
Warning	1062	Duplicate entry '270-269' for key 'couriers_orders.PRIMARY'
Warning	1062	Duplicate entry '271-241' for key 'couriers_orders.PRIMARY'
Warning	1062	Duplicate entry '272-206' for key 'couriers_orders.PRIMARY'
Warning	1062	Duplicate entry '273-299' for key 'couriers_orders.PRIMARY'
Warning	1062	Duplicate entry '274-236' for key 'couriers_orders.PRIMARY'
Warning	1062	Duplicate entry '275-276' for key 'couriers_orders.PRIMARY'
Warning	1062	Duplicate entry '276-230' for key 'couriers_orders.PRIMARY'
Warning	1062	Duplicate entry '277-283' for key 'couriers_orders.PRIMARY'
Warning	1062	Duplicate entry '278-230' for key 'couriers_orders.PRIMARY'
Warning	1062	Duplicate entry '279-252' for key 'couriers_orders.PRIMARY'
Warning	1062	Duplicate entry '280-256' for key 'couriers_orders.PRIMARY'
Warning	1062	Duplicate entry '281-237' for key 'couriers_orders.PRIMARY'
Warning	1062	Duplicate entry '282-253' for key 'couriers_orders.PRIMARY'
Warning	1062	Duplicate entry '283-220' for key 'couriers_orders.PRIMARY'
Warning	1062	Duplicate entry '284-293' for key 'couriers_orders.PRIMARY'
Warning	1062	Duplicate entry '285-229' for key 'couriers_orders.PRIMARY'
Warning	1062	Duplicate entry '286-247' for key 'couriers_orders.PRIMARY'
Warning	1062	Duplicate entry '287-260' for key 'couriers_orders.PRIMARY'
Warning	1062	Duplicate entry '288-203' for key 'couriers_orders.PRIMARY'
Warning	1062	Duplicate entry '289-299' for key 'couriers_orders.PRIMARY'
Warning	1062	Duplicate entry '290-208' for key 'couriers_orders.PRIMARY'
Warning	1062	Duplicate entry '291-256' for key 'couriers_orders.PRIMARY'
Warning	1062	Duplicate entry '292-281' for key 'couriers_orders.PRIMARY'
Warning	1062	Duplicate entry '293-241' for key 'couriers_orders.PRIMARY'
Warning	1062	Duplicate entry '294-202' for key 'couriers_orders.PRIMARY'
Warning	1062	Duplicate entry '295-290' for key 'couriers_orders.PRIMARY'
Warning	1062	Duplicate entry '296-300' for key 'couriers_orders.PRIMARY'
Warning	1062	Duplicate entry '297-201' for key 'couriers_orders.PRIMARY'
Warning	1062	Duplicate entry '298-228' for key 'couriers_orders.PRIMARY'
Warning	1062	Duplicate entry '299-259' for key 'couriers_orders.PRIMARY'
Warning	1062	Duplicate entry '300-204' for key 'couriers_orders.PRIMARY'
Warning	1062	Duplicate entry '301-271' for key 'couriers_orders.PRIMARY'
Warning	1062	Duplicate entry '302-236' for key 'couriers_orders.PRIMARY'
Warning	1452	Cannot add or update a child row: a foreign key constraint fails (`masnaszama`.`couriers_orders`, CONSTRAINT `FK81k145s3ngpq6wo0hljadxlrs` FOREIGN KEY (`person_id`) REFERENCES `courier` (`person_id`))
Warning	1062	Duplicate entry '304-280' for key 'couriers_orders.PRIMARY'
Warning	1062	Duplicate entry '305-299' for key 'couriers_orders.PRIMARY'
Warning	1062	Duplicate entry '306-210' for key 'couriers_orders.PRIMARY'
Warning	1062	Duplicate entry '307-292' for key 'couriers_orders.PRIMARY'
Warning	1062	Duplicate entry '308-285' for key 'couriers_orders.PRIMARY'
Warning	1062	Duplicate entry '309-201' for key 'couriers_orders.PRIMARY'
Warning	1062	Duplicate entry '310-212' for key 'couriers_orders.PRIMARY'
Warning	1062	Duplicate entry '311-265' for key 'couriers_orders.PRIMARY'
Warning	1062	Duplicate entry '312-209' for key 'couriers_orders.PRIMARY'
Warning	1062	Duplicate entry '313-230' for key 'couriers_orders.PRIMARY'
Warning	1062	Duplicate entry '314-212' for key 'couriers_orders.PRIMARY'
Warning	1062	Duplicate entry '315-287' for key 'couriers_orders.PRIMARY'
Warning	1062	Duplicate entry '316-287' for key 'couriers_orders.PRIMARY'
Warning	1062	Duplicate entry '317-296' for key 'couriers_orders.PRIMARY'
Warning	1062	Duplicate entry '318-289' for key 'couriers_orders.PRIMARY'
Warning	1062	Duplicate entry '319-285' for key 'couriers_orders.PRIMARY'
Warning	1062	Duplicate entry '320-240' for key 'couriers_orders.PRIMARY'
Warning	1062	Duplicate entry '321-234' for key 'couriers_orders.PRIMARY'
Warning	1062	Duplicate entry '322-209' for key 'couriers_orders.PRIMARY'
Warning	1062	Duplicate entry '323-287' for key 'couriers_orders.PRIMARY'
Warning	1062	Duplicate entry '324-224' for key 'couriers_orders.PRIMARY'
Warning	1062	Duplicate entry '325-221' for key 'couriers_orders.PRIMARY'
Warning	1062	Duplicate entry '326-281' for key 'couriers_orders.PRIMARY'
Warning	1062	Duplicate entry '327-273' for key 'couriers_orders.PRIMARY'
Warning	1062	Duplicate entry '328-263' for key 'couriers_orders.PRIMARY'
Warning	1062	Duplicate entry '329-297' for key 'couriers_orders.PRIMARY'
Warning	1062	Duplicate entry '330-284' for key 'couriers_orders.PRIMARY'
Warning	1062	Duplicate entry '331-272' for key 'couriers_orders.PRIMARY'
Warning	1062	Duplicate entry '332-220' for key 'couriers_orders.PRIMARY'
Warning	1062	Duplicate entry '333-223' for key 'couriers_orders.PRIMARY'
Warning	1062	Duplicate entry '334-279' for key 'couriers_orders.PRIMARY'
Warning	1062	Duplicate entry '335-298' for key 'couriers_orders.PRIMARY'
Warning	1062	Duplicate entry '336-254' for key 'couriers_orders.PRIMARY'
Warning	1062	Duplicate entry '337-271' for key 'couriers_orders.PRIMARY'
Warning	1062	Duplicate entry '338-206' for key 'couriers_orders.PRIMARY'
Warning	1062	Duplicate entry '339-210' for key 'couriers_orders.PRIMARY'
Warning	1062	Duplicate entry '340-290' for key 'couriers_orders.PRIMARY'
Warning	1062	Duplicate entry '341-276' for key 'couriers_orders.PRIMARY'
Warning	1062	Duplicate entry '342-225' for key 'couriers_orders.PRIMARY'
Warning	1062	Duplicate entry '343-260' for key 'couriers_orders.PRIMARY'
Warning	1062	Duplicate entry '344-278' for key 'couriers_orders.PRIMARY'
Warning	1062	Duplicate entry '345-295' for key 'couriers_orders.PRIMARY'
Warning	1062	Duplicate entry '346-236' for key 'couriers_orders.PRIMARY'
Warning	1062	Duplicate entry '347-269' for key 'couriers_orders.PRIMARY'
Warning	1062	Duplicate entry '348-296' for key 'couriers_orders.PRIMARY'
Warning	1062	Duplicate entry '349-259' for key 'couriers_orders.PRIMARY'
Warning	1062	Duplicate entry '350-221' for key 'couriers_orders.PRIMARY'
Warning	1062	Duplicate entry '351-298' for key 'couriers_orders.PRIMARY'
Warning	1062	Duplicate entry '352-289' for key 'couriers_orders.PRIMARY'
Warning	1062	Duplicate entry '353-206' for key 'couriers_orders.PRIMARY'
Warning	1062	Duplicate entry '354-271' for key 'couriers_orders.PRIMARY'
Warning	1062	Duplicate entry '355-283' for key 'couriers_orders.PRIMARY'
Warning	1062	Duplicate entry '356-210' for key 'couriers_orders.PRIMARY'
Warning	1062	Duplicate entry '357-234' for key 'couriers_orders.PRIMARY'
Warning	1062	Duplicate entry '358-262' for key 'couriers_orders.PRIMARY'
Warning	1062	Duplicate entry '359-278' for key 'couriers_orders.PRIMARY'
Warning	1062	Duplicate entry '360-242' for key 'couriers_orders.PRIMARY'
Warning	1062	Duplicate entry '361-293' for key 'couriers_orders.PRIMARY'
Warning	1062	Duplicate entry '362-251' for key 'couriers_orders.PRIMARY'
Warning	1452	Cannot add or update a child row: a foreign key constraint fails (`masnaszama`.`couriers_orders`, CONSTRAINT `FK81k145s3ngpq6wo0hljadxlrs` FOREIGN KEY (`person_id`) REFERENCES `courier` (`person_id`))
Warning	1062	Duplicate entry '364-285' for key 'couriers_orders.PRIMARY'
Warning	1062	Duplicate entry '365-233' for key 'couriers_orders.PRIMARY'
Warning	1062	Duplicate entry '366-233' for key 'couriers_orders.PRIMARY'
Warning	1062	Duplicate entry '367-221' for key 'couriers_orders.PRIMARY'
Warning	1062	Duplicate entry '368-252' for key 'couriers_orders.PRIMARY'
Warning	1062	Duplicate entry '369-237' for key 'couriers_orders.PRIMARY'
Warning	1062	Duplicate entry '370-232' for key 'couriers_orders.PRIMARY'
Warning	1062	Duplicate entry '371-299' for key 'couriers_orders.PRIMARY'
Warning	1062	Duplicate entry '372-204' for key 'couriers_orders.PRIMARY'
Warning	1062	Duplicate entry '373-243' for key 'couriers_orders.PRIMARY'
Warning	1062	Duplicate entry '374-219' for key 'couriers_orders.PRIMARY'
Warning	1062	Duplicate entry '375-296' for key 'couriers_orders.PRIMARY'
Warning	1062	Duplicate entry '376-219' for key 'couriers_orders.PRIMARY'
Warning	1062	Duplicate entry '377-261' for key 'couriers_orders.PRIMARY'
Warning	1062	Duplicate entry '378-273' for key 'couriers_orders.PRIMARY'
Warning	1062	Duplicate entry '379-241' for key 'couriers_orders.PRIMARY'
Warning	1062	Duplicate entry '380-270' for key 'couriers_orders.PRIMARY'
Warning	1062	Duplicate entry '381-215' for key 'couriers_orders.PRIMARY'
Warning	1062	Duplicate entry '382-212' for key 'couriers_orders.PRIMARY'
Warning	1062	Duplicate entry '383-246' for key 'couriers_orders.PRIMARY'
Warning	1062	Duplicate entry '384-276' for key 'couriers_orders.PRIMARY'
Warning	1062	Duplicate entry '385-269' for key 'couriers_orders.PRIMARY'
Warning	1062	Duplicate entry '386-279' for key 'couriers_orders.PRIMARY'
Warning	1062	Duplicate entry '387-267' for key 'couriers_orders.PRIMARY'
Warning	1062	Duplicate entry '388-279' for key 'couriers_orders.PRIMARY'
Warning	1062	Duplicate entry '389-243' for key 'couriers_orders.PRIMARY'
Warning	1452	Cannot add or update a child row: a foreign key constraint fails (`masnaszama`.`couriers_orders`, CONSTRAINT `FK81k145s3ngpq6wo0hljadxlrs` FOREIGN KEY (`person_id`) REFERENCES `courier` (`person_id`))
Warning	1062	Duplicate entry '391-246' for key 'couriers_orders.PRIMARY'
Warning	1062	Duplicate entry '392-208' for key 'couriers_orders.PRIMARY'
Warning	1062	Duplicate entry '393-293' for key 'couriers_orders.PRIMARY'
Warning	1062	Duplicate entry '394-256' for key 'couriers_orders.PRIMARY'
Warning	1062	Duplicate entry '395-280' for key 'couriers_orders.PRIMARY'
Warning	1062	Duplicate entry '396-224' for key 'couriers_orders.PRIMARY'
Warning	1062	Duplicate entry '397-220' for key 'couriers_orders.PRIMARY'
Warning	1062	Duplicate entry '398-293' for key 'couriers_orders.PRIMARY'
Warning	1062	Duplicate entry '399-295' for key 'couriers_orders.PRIMARY'
Warning	1062	Duplicate entry '400-261' for key 'couriers_orders.PRIMARY'
Warning	1062	Duplicate entry '401-233' for key 'couriers_orders.PRIMARY'
Warning	1062	Duplicate entry '402-276' for key 'couriers_orders.PRIMARY'
Warning	1062	Duplicate entry '403-262' for key 'couriers_orders.PRIMARY'
Warning	1062	Duplicate entry '404-290' for key 'couriers_orders.PRIMARY'
Warning	1062	Duplicate entry '405-213' for key 'couriers_orders.PRIMARY'
Warning	1062	Duplicate entry '406-212' for key 'couriers_orders.PRIMARY'
Warning	1062	Duplicate entry '407-295' for key 'couriers_orders.PRIMARY'
Warning	1062	Duplicate entry '408-285' for key 'couriers_orders.PRIMARY'
Warning	1062	Duplicate entry '409-213' for key 'couriers_orders.PRIMARY'
Warning	1062	Duplicate entry '410-241' for key 'couriers_orders.PRIMARY'
Warning	1062	Duplicate entry '411-207' for key 'couriers_orders.PRIMARY'
Warning	1062	Duplicate entry '412-224' for key 'couriers_orders.PRIMARY'
Warning	1062	Duplicate entry '413-242' for key 'couriers_orders.PRIMARY'
Warning	1062	Duplicate entry '414-232' for key 'couriers_orders.PRIMARY'
Warning	1062	Duplicate entry '415-251' for key 'couriers_orders.PRIMARY'
Warning	1062	Duplicate entry '416-276' for key 'couriers_orders.PRIMARY'
Warning	1062	Duplicate entry '417-236' for key 'couriers_orders.PRIMARY'
Warning	1062	Duplicate entry '418-283' for key 'couriers_orders.PRIMARY'
Warning	1062	Duplicate entry '419-241' for key 'couriers_orders.PRIMARY'
Warning	1062	Duplicate entry '420-263' for key 'couriers_orders.PRIMARY'
Warning	1062	Duplicate entry '421-270' for key 'couriers_orders.PRIMARY'
Warning	1062	Duplicate entry '422-205' for key 'couriers_orders.PRIMARY'
Warning	1062	Duplicate entry '423-274' for key 'couriers_orders.PRIMARY'
Warning	1062	Duplicate entry '424-254' for key 'couriers_orders.PRIMARY'
Warning	1062	Duplicate entry '425-231' for key 'couriers_orders.PRIMARY'
Warning	1062	Duplicate entry '426-208' for key 'couriers_orders.PRIMARY'
Warning	1062	Duplicate entry '427-240' for key 'couriers_orders.PRIMARY'
Warning	1062	Duplicate entry '428-274' for key 'couriers_orders.PRIMARY'
Warning	1062	Duplicate entry '429-210' for key 'couriers_orders.PRIMARY'
Warning	1062	Duplicate entry '430-266' for key 'couriers_orders.PRIMARY'
Warning	1062	Duplicate entry '431-245' for key 'couriers_orders.PRIMARY'
Warning	1062	Duplicate entry '432-249' for key 'couriers_orders.PRIMARY'
Warning	1062	Duplicate entry '433-203' for key 'couriers_orders.PRIMARY'
Warning	1062	Duplicate entry '434-212' for key 'couriers_orders.PRIMARY'
Warning	1062	Duplicate entry '435-275' for key 'couriers_orders.PRIMARY'
Warning	1062	Duplicate entry '436-215' for key 'couriers_orders.PRIMARY'
Warning	1062	Duplicate entry '437-278' for key 'couriers_orders.PRIMARY'
Warning	1062	Duplicate entry '438-248' for key 'couriers_orders.PRIMARY'
Warning	1062	Duplicate entry '439-250' for key 'couriers_orders.PRIMARY'
Warning	1062	Duplicate entry '440-236' for key 'couriers_orders.PRIMARY'
Warning	1062	Duplicate entry '441-297' for key 'couriers_orders.PRIMARY'
Warning	1062	Duplicate entry '442-245' for key 'couriers_orders.PRIMARY'
Warning	1062	Duplicate entry '443-271' for key 'couriers_orders.PRIMARY'
Warning	1062	Duplicate entry '444-287' for key 'couriers_orders.PRIMARY'
Warning	1062	Duplicate entry '445-269' for key 'couriers_orders.PRIMARY'
Warning	1062	Duplicate entry '446-300' for key 'couriers_orders.PRIMARY'
Warning	1062	Duplicate entry '447-250' for key 'couriers_orders.PRIMARY'
Warning	1062	Duplicate entry '448-259' for key 'couriers_orders.PRIMARY'
Warning	1062	Duplicate entry '449-208' for key 'couriers_orders.PRIMARY'
Warning	1062	Duplicate entry '450-277' for key 'couriers_orders.PRIMARY'
Warning	1062	Duplicate entry '451-244' for key 'couriers_orders.PRIMARY'
Warning	1062	Duplicate entry '452-246' for key 'couriers_orders.PRIMARY'
Warning	1062	Duplicate entry '453-276' for key 'couriers_orders.PRIMARY'
Warning	1062	Duplicate entry '454-218' for key 'couriers_orders.PRIMARY'
Warning	1062	Duplicate entry '455-290' for key 'couriers_orders.PRIMARY'
Warning	1062	Duplicate entry '456-268' for key 'couriers_orders.PRIMARY'
Warning	1062	Duplicate entry '457-226' for key 'couriers_orders.PRIMARY'
Warning	1062	Duplicate entry '458-251' for key 'couriers_orders.PRIMARY'
Warning	1062	Duplicate entry '459-261' for key 'couriers_orders.PRIMARY'
Warning	1062	Duplicate entry '460-214' for key 'couriers_orders.PRIMARY'
Warning	1062	Duplicate entry '461-239' for key 'couriers_orders.PRIMARY'
Warning	1062	Duplicate entry '462-279' for key 'couriers_orders.PRIMARY'
Warning	1062	Duplicate entry '463-249' for key 'couriers_orders.PRIMARY'
Warning	1062	Duplicate entry '464-278' for key 'couriers_orders.PRIMARY'
Warning	1062	Duplicate entry '465-258' for key 'couriers_orders.PRIMARY'
Warning	1062	Duplicate entry '466-253' for key 'couriers_orders.PRIMARY'
Warning	1062	Duplicate entry '467-231' for key 'couriers_orders.PRIMARY'
Warning	1062	Duplicate entry '468-279' for key 'couriers_orders.PRIMARY'
Warning	1062	Duplicate entry '469-240' for key 'couriers_orders.PRIMARY'
Warning	1062	Duplicate entry '470-265' for key 'couriers_orders.PRIMARY'
Warning	1062	Duplicate entry '471-266' for key 'couriers_orders.PRIMARY'
Warning	1062	Duplicate entry '472-235' for key 'couriers_orders.PRIMARY'
Warning	1062	Duplicate entry '473-291' for key 'couriers_orders.PRIMARY'
Warning	1062	Duplicate entry '474-279' for key 'couriers_orders.PRIMARY'
Warning	1062	Duplicate entry '475-212' for key 'couriers_orders.PRIMARY'
Warning	1062	Duplicate entry '476-245' for key 'couriers_orders.PRIMARY'
Warning	1062	Duplicate entry '477-300' for key 'couriers_orders.PRIMARY'
Warning	1062	Duplicate entry '478-291' for key 'couriers_orders.PRIMARY'
Warning	1062	Duplicate entry '479-206' for key 'couriers_orders.PRIMARY'
Warning	1062	Duplicate entry '480-220' for key 'couriers_orders.PRIMARY'
Warning	1062	Duplicate entry '481-226' for key 'couriers_orders.PRIMARY'
Warning	1062	Duplicate entry '482-288' for key 'couriers_orders.PRIMARY'
Warning	1062	Duplicate entry '483-297' for key 'couriers_orders.PRIMARY'
Warning	1062	Duplicate entry '484-255' for key 'couriers_orders.PRIMARY'
Warning	1062	Duplicate entry '485-271' for key 'couriers_orders.PRIMARY'
Warning	1062	Duplicate entry '486-203' for key 'couriers_orders.PRIMARY'
Warning	1062	Duplicate entry '487-285' for key 'couriers_orders.PRIMARY'
Warning	1062	Duplicate entry '488-233' for key 'couriers_orders.PRIMARY'
Warning	1062	Duplicate entry '489-221' for key 'couriers_orders.PRIMARY'
Warning	1062	Duplicate entry '490-230' for key 'couriers_orders.PRIMARY'
Warning	1062	Duplicate entry '491-206' for key 'couriers_orders.PRIMARY'
Warning	1062	Duplicate entry '492-282' for key 'couriers_orders.PRIMARY'
Warning	1062	Duplicate entry '493-226' for key 'couriers_orders.PRIMARY'
Warning	1062	Duplicate entry '494-229' for key 'couriers_orders.PRIMARY'
Warning	1062	Duplicate entry '495-262' for key 'couriers_orders.PRIMARY'
Warning	1062	Duplicate entry '496-207' for key 'couriers_orders.PRIMARY'
Warning	1062	Duplicate entry '497-296' for key 'couriers_orders.PRIMARY'
Warning	1062	Duplicate entry '498-226' for key 'couriers_orders.PRIMARY'
Warning	1062	Duplicate entry '499-242' for key 'couriers_orders.PRIMARY'
Warning	1062	Duplicate entry '500-219' for key 'couriers_orders.PRIMARY'
Warning	1062	Duplicate entry '501-299' for key 'couriers_orders.PRIMARY'
Warning	1062	Duplicate entry '502-243' for key 'couriers_orders.PRIMARY'
Warning	1062	Duplicate entry '503-288' for key 'couriers_orders.PRIMARY'
Warning	1062	Duplicate entry '504-247' for key 'couriers_orders.PRIMARY'
Warning	1062	Duplicate entry '505-268' for key 'couriers_orders.PRIMARY'
Warning	1062	Duplicate entry '506-282' for key 'couriers_orders.PRIMARY'
Warning	1062	Duplicate entry '507-264' for key 'couriers_orders.PRIMARY'
Warning	1062	Duplicate entry '508-202' for key 'couriers_orders.PRIMARY'
Warning	1062	Duplicate entry '509-277' for key 'couriers_orders.PRIMARY'
Warning	1062	Duplicate entry '510-217' for key 'couriers_orders.PRIMARY'
Warning	1062	Duplicate entry '511-284' for key 'couriers_orders.PRIMARY'
Warning	1062	Duplicate entry '512-259' for key 'couriers_orders.PRIMARY'
Warning	1062	Duplicate entry '513-252' for key 'couriers_orders.PRIMARY'
Warning	1062	Duplicate entry '514-273' for key 'couriers_orders.PRIMARY'
Warning	1452	Cannot add or update a child row: a foreign key constraint fails (`masnaszama`.`couriers_orders`, CONSTRAINT `FK81k145s3ngpq6wo0hljadxlrs` FOREIGN KEY (`person_id`) REFERENCES `courier` (`person_id`))
Warning	1062	Duplicate entry '516-201' for key 'couriers_orders.PRIMARY'
Warning	1062	Duplicate entry '517-203' for key 'couriers_orders.PRIMARY'
Warning	1062	Duplicate entry '518-263' for key 'couriers_orders.PRIMARY'
Warning	1062	Duplicate entry '519-238' for key 'couriers_orders.PRIMARY'
Warning	1062	Duplicate entry '520-246' for key 'couriers_orders.PRIMARY'
Warning	1062	Duplicate entry '521-259' for key 'couriers_orders.PRIMARY'
Warning	1062	Duplicate entry '522-209' for key 'couriers_orders.PRIMARY'
Warning	1062	Duplicate entry '523-224' for key 'couriers_orders.PRIMARY'
Warning	1062	Duplicate entry '524-294' for key 'couriers_orders.PRIMARY'
Warning	1062	Duplicate entry '525-227' for key 'couriers_orders.PRIMARY'
Warning	1062	Duplicate entry '526-217' for key 'couriers_orders.PRIMARY'
Warning	1062	Duplicate entry '527-263' for key 'couriers_orders.PRIMARY'
Warning	1062	Duplicate entry '528-225' for key 'couriers_orders.PRIMARY'
Warning	1062	Duplicate entry '529-268' for key 'couriers_orders.PRIMARY'
Warning	1062	Duplicate entry '530-272' for key 'couriers_orders.PRIMARY'
Warning	1062	Duplicate entry '531-263' for key 'couriers_orders.PRIMARY'
Warning	1062	Duplicate entry '532-255' for key 'couriers_orders.PRIMARY'
Warning	1062	Duplicate entry '533-244' for key 'couriers_orders.PRIMARY'
Warning	1062	Duplicate entry '534-263' for key 'couriers_orders.PRIMARY'
Warning	1062	Duplicate entry '535-202' for key 'couriers_orders.PRIMARY'
Warning	1062	Duplicate entry '536-246' for key 'couriers_orders.PRIMARY'
Warning	1062	Duplicate entry '537-265' for key 'couriers_orders.PRIMARY'
Warning	1062	Duplicate entry '538-287' for key 'couriers_orders.PRIMARY'
Warning	1062	Duplicate entry '539-207' for key 'couriers_orders.PRIMARY'
Warning	1062	Duplicate entry '540-274' for key 'couriers_orders.PRIMARY'
Warning	1062	Duplicate entry '541-298' for key 'couriers_orders.PRIMARY'
Warning	1062	Duplicate entry '542-295' for key 'couriers_orders.PRIMARY'
Warning	1062	Duplicate entry '543-228' for key 'couriers_orders.PRIMARY'
Warning	1062	Duplicate entry '544-279' for key 'couriers_orders.PRIMARY'
Warning	1062	Duplicate entry '545-266' for key 'couriers_orders.PRIMARY'
Warning	1062	Duplicate entry '546-208' for key 'couriers_orders.PRIMARY'
Warning	1062	Duplicate entry '547-265' for key 'couriers_orders.PRIMARY'
Warning	1062	Duplicate entry '548-290' for key 'couriers_orders.PRIMARY'
Warning	1062	Duplicate entry '549-239' for key 'couriers_orders.PRIMARY'
Warning	1062	Duplicate entry '550-285' for key 'couriers_orders.PRIMARY'
Warning	1062	Duplicate entry '551-205' for key 'couriers_orders.PRIMARY'
Warning	1062	Duplicate entry '552-290' for key 'couriers_orders.PRIMARY'
Warning	1062	Duplicate entry '553-262' for key 'couriers_orders.PRIMARY'
Warning	1062	Duplicate entry '554-296' for key 'couriers_orders.PRIMARY'
Warning	1062	Duplicate entry '555-289' for key 'couriers_orders.PRIMARY'
Warning	1062	Duplicate entry '556-247' for key 'couriers_orders.PRIMARY'
Warning	1062	Duplicate entry '557-251' for key 'couriers_orders.PRIMARY'
Warning	1062	Duplicate entry '558-207' for key 'couriers_orders.PRIMARY'
Warning	1062	Duplicate entry '559-226' for key 'couriers_orders.PRIMARY'
Warning	1062	Duplicate entry '560-250' for key 'couriers_orders.PRIMARY'
Warning	1062	Duplicate entry '561-243' for key 'couriers_orders.PRIMARY'
Warning	1062	Duplicate entry '562-233' for key 'couriers_orders.PRIMARY'
Warning	1062	Duplicate entry '563-231' for key 'couriers_orders.PRIMARY'
Warning	1062	Duplicate entry '564-245' for key 'couriers_orders.PRIMARY'
Warning	1062	Duplicate entry '565-250' for key 'couriers_orders.PRIMARY'
Warning	1062	Duplicate entry '566-290' for key 'couriers_orders.PRIMARY'
Warning	1062	Duplicate entry '567-280' for key 'couriers_orders.PRIMARY'
Warning	1062	Duplicate entry '568-201' for key 'couriers_orders.PRIMARY'
Warning	1062	Duplicate entry '569-244' for key 'couriers_orders.PRIMARY'
Warning	1062	Duplicate entry '570-225' for key 'couriers_orders.PRIMARY'
Warning	1062	Duplicate entry '571-300' for key 'couriers_orders.PRIMARY'
Warning	1452	Cannot add or update a child row: a foreign key constraint fails (`masnaszama`.`couriers_orders`, CONSTRAINT `FK81k145s3ngpq6wo0hljadxlrs` FOREIGN KEY (`person_id`) REFERENCES `courier` (`person_id`))
Warning	1062	Duplicate entry '573-247' for key 'couriers_orders.PRIMARY'
Warning	1062	Duplicate entry '574-237' for key 'couriers_orders.PRIMARY'
Warning	1062	Duplicate entry '575-276' for key 'couriers_orders.PRIMARY'
Warning	1062	Duplicate entry '576-267' for key 'couriers_orders.PRIMARY'
Warning	1062	Duplicate entry '577-283' for key 'couriers_orders.PRIMARY'
Warning	1062	Duplicate entry '578-204' for key 'couriers_orders.PRIMARY'
Warning	1062	Duplicate entry '579-234' for key 'couriers_orders.PRIMARY'
Warning	1062	Duplicate entry '580-211' for key 'couriers_orders.PRIMARY'
Warning	1062	Duplicate entry '581-273' for key 'couriers_orders.PRIMARY'
Warning	1062	Duplicate entry '582-285' for key 'couriers_orders.PRIMARY'
Warning	1062	Duplicate entry '583-274' for key 'couriers_orders.PRIMARY'
Warning	1062	Duplicate entry '584-205' for key 'couriers_orders.PRIMARY'
Warning	1062	Duplicate entry '585-214' for key 'couriers_orders.PRIMARY'
Warning	1062	Duplicate entry '586-268' for key 'couriers_orders.PRIMARY'
Warning	1062	Duplicate entry '587-246' for key 'couriers_orders.PRIMARY'
Warning	1062	Duplicate entry '588-213' for key 'couriers_orders.PRIMARY'
Warning	1062	Duplicate entry '589-207' for key 'couriers_orders.PRIMARY'
Warning	1062	Duplicate entry '590-247' for key 'couriers_orders.PRIMARY'
Warning	1062	Duplicate entry '591-251' for key 'couriers_orders.PRIMARY'
Warning	1062	Duplicate entry '592-288' for key 'couriers_orders.PRIMARY'
Warning	1062	Duplicate entry '593-226' for key 'couriers_orders.PRIMARY'
Warning	1062	Duplicate entry '594-282' for key 'couriers_orders.PRIMARY'
Warning	1062	Duplicate entry '595-269' for key 'couriers_orders.PRIMARY'
Warning	1062	Duplicate entry '596-274' for key 'couriers_orders.PRIMARY'
Warning	1062	Duplicate entry '597-225' for key 'couriers_orders.PRIMARY'
Warning	1062	Duplicate entry '598-219' for key 'couriers_orders.PRIMARY'
Warning	1062	Duplicate entry '599-299' for key 'couriers_orders.PRIMARY'
Warning	1062	Duplicate entry '600-222' for key 'couriers_orders.PRIMARY'
Warning	1062	Duplicate entry '601-201' for key 'couriers_orders.PRIMARY'
Warning	1062	Duplicate entry '602-294' for key 'couriers_orders.PRIMARY'
Warning	1062	Duplicate entry '603-241' for key 'couriers_orders.PRIMARY'
Warning	1062	Duplicate entry '604-222' for key 'couriers_orders.PRIMARY'
Warning	1062	Duplicate entry '605-245' for key 'couriers_orders.PRIMARY'
Warning	1062	Duplicate entry '606-274' for key 'couriers_orders.PRIMARY'
Warning	1062	Duplicate entry '607-276' for key 'couriers_orders.PRIMARY'
Warning	1062	Duplicate entry '608-216' for key 'couriers_orders.PRIMARY'
Warning	1062	Duplicate entry '609-250' for key 'couriers_orders.PRIMARY'
Warning	1062	Duplicate entry '610-289' for key 'couriers_orders.PRIMARY'
Warning	1062	Duplicate entry '611-238' for key 'couriers_orders.PRIMARY'
Warning	1062	Duplicate entry '612-228' for key 'couriers_orders.PRIMARY'
Warning	1062	Duplicate entry '613-294' for key 'couriers_orders.PRIMARY'
Warning	1062	Duplicate entry '614-217' for key 'couriers_orders.PRIMARY'
Warning	1062	Duplicate entry '615-243' for key 'couriers_orders.PRIMARY'
Warning	1062	Duplicate entry '616-299' for key 'couriers_orders.PRIMARY'
Warning	1062	Duplicate entry '617-282' for key 'couriers_orders.PRIMARY'
Warning	1062	Duplicate entry '618-203' for key 'couriers_orders.PRIMARY'
Warning	1062	Duplicate entry '619-231' for key 'couriers_orders.PRIMARY'
Warning	1062	Duplicate entry '620-215' for key 'couriers_orders.PRIMARY'
Warning	1062	Duplicate entry '621-297' for key 'couriers_orders.PRIMARY'
Warning	1062	Duplicate entry '622-268' for key 'couriers_orders.PRIMARY'
Warning	1062	Duplicate entry '623-276' for key 'couriers_orders.PRIMARY'
Warning	1062	Duplicate entry '624-256' for key 'couriers_orders.PRIMARY'
Warning	1452	Cannot add or update a child row: a foreign key constraint fails (`masnaszama`.`couriers_orders`, CONSTRAINT `FK81k145s3ngpq6wo0hljadxlrs` FOREIGN KEY (`person_id`) REFERENCES `courier` (`person_id`))
Warning	1062	Duplicate entry '626-259' for key 'couriers_orders.PRIMARY'
Warning	1062	Duplicate entry '627-234' for key 'couriers_orders.PRIMARY'
Warning	1062	Duplicate entry '628-227' for key 'couriers_orders.PRIMARY'
Warning	1062	Duplicate entry '629-298' for key 'couriers_orders.PRIMARY'
Warning	1062	Duplicate entry '630-299' for key 'couriers_orders.PRIMARY'
Warning	1062	Duplicate entry '631-273' for key 'couriers_orders.PRIMARY'
Warning	1062	Duplicate entry '632-280' for key 'couriers_orders.PRIMARY'
Warning	1062	Duplicate entry '633-286' for key 'couriers_orders.PRIMARY'
Warning	1062	Duplicate entry '634-249' for key 'couriers_orders.PRIMARY'
Warning	1062	Duplicate entry '635-240' for key 'couriers_orders.PRIMARY'
Warning	1062	Duplicate entry '636-248' for key 'couriers_orders.PRIMARY'
Warning	1062	Duplicate entry '637-236' for key 'couriers_orders.PRIMARY'
Warning	1062	Duplicate entry '638-246' for key 'couriers_orders.PRIMARY'
Warning	1062	Duplicate entry '639-257' for key 'couriers_orders.PRIMARY'
Warning	1062	Duplicate entry '640-237' for key 'couriers_orders.PRIMARY'
Warning	1062	Duplicate entry '641-285' for key 'couriers_orders.PRIMARY'
Warning	1062	Duplicate entry '642-205' for key 'couriers_orders.PRIMARY'
Warning	1062	Duplicate entry '643-256' for key 'couriers_orders.PRIMARY'
Warning	1062	Duplicate entry '644-240' for key 'couriers_orders.PRIMARY'
Warning	1062	Duplicate entry '645-274' for key 'couriers_orders.PRIMARY'
Warning	1062	Duplicate entry '646-293' for key 'couriers_orders.PRIMARY'
Warning	1062	Duplicate entry '647-291' for key 'couriers_orders.PRIMARY'
Warning	1062	Duplicate entry '648-247' for key 'couriers_orders.PRIMARY'
Warning	1062	Duplicate entry '649-274' for key 'couriers_orders.PRIMARY'
Warning	1062	Duplicate entry '650-292' for key 'couriers_orders.PRIMARY'
Warning	1062	Duplicate entry '651-267' for key 'couriers_orders.PRIMARY'
Warning	1062	Duplicate entry '652-201' for key 'couriers_orders.PRIMARY'
Warning	1062	Duplicate entry '653-285' for key 'couriers_orders.PRIMARY'
Warning	1062	Duplicate entry '654-241' for key 'couriers_orders.PRIMARY'
Warning	1062	Duplicate entry '655-221' for key 'couriers_orders.PRIMARY'
Warning	1062	Duplicate entry '656-293' for key 'couriers_orders.PRIMARY'
Warning	1062	Duplicate entry '657-254' for key 'couriers_orders.PRIMARY'
Warning	1062	Duplicate entry '658-241' for key 'couriers_orders.PRIMARY'
Warning	1062	Duplicate entry '659-245' for key 'couriers_orders.PRIMARY'
Warning	1062	Duplicate entry '660-288' for key 'couriers_orders.PRIMARY'
Warning	1062	Duplicate entry '661-289' for key 'couriers_orders.PRIMARY'
Warning	1062	Duplicate entry '662-260' for key 'couriers_orders.PRIMARY'
Warning	1062	Duplicate entry '663-263' for key 'couriers_orders.PRIMARY'
Warning	1062	Duplicate entry '664-271' for key 'couriers_orders.PRIMARY'
Warning	1062	Duplicate entry '665-202' for key 'couriers_orders.PRIMARY'
Warning	1062	Duplicate entry '666-239' for key 'couriers_orders.PRIMARY'
Warning	1062	Duplicate entry '667-284' for key 'couriers_orders.PRIMARY'
Warning	1062	Duplicate entry '668-235' for key 'couriers_orders.PRIMARY'
Warning	1062	Duplicate entry '669-272' for key 'couriers_orders.PRIMARY'
Warning	1062	Duplicate entry '670-212' for key 'couriers_orders.PRIMARY'
Warning	1062	Duplicate entry '671-267' for key 'couriers_orders.PRIMARY'
Warning	1062	Duplicate entry '672-282' for key 'couriers_orders.PRIMARY'
Warning	1062	Duplicate entry '673-256' for key 'couriers_orders.PRIMARY'
Warning	1062	Duplicate entry '674-216' for key 'couriers_orders.PRIMARY'
Warning	1062	Duplicate entry '675-261' for key 'couriers_orders.PRIMARY'
Warning	1062	Duplicate entry '676-237' for key 'couriers_orders.PRIMARY'
Warning	1062	Duplicate entry '677-229' for key 'couriers_orders.PRIMARY'
Warning	1062	Duplicate entry '678-236' for key 'couriers_orders.PRIMARY'
Warning	1062	Duplicate entry '679-274' for key 'couriers_orders.PRIMARY'
Warning	1062	Duplicate entry '680-284' for key 'couriers_orders.PRIMARY'
Warning	1062	Duplicate entry '681-280' for key 'couriers_orders.PRIMARY'
Warning	1062	Duplicate entry '682-202' for key 'couriers_orders.PRIMARY'
Warning	1062	Duplicate entry '683-296' for key 'couriers_orders.PRIMARY'
Warning	1062	Duplicate entry '684-205' for key 'couriers_orders.PRIMARY'
Warning	1062	Duplicate entry '685-287' for key 'couriers_orders.PRIMARY'
Warning	1062	Duplicate entry '686-240' for key 'couriers_orders.PRIMARY'
Warning	1062	Duplicate entry '687-250' for key 'couriers_orders.PRIMARY'
Warning	1062	Duplicate entry '688-201' for key 'couriers_orders.PRIMARY'
Warning	1062	Duplicate entry '689-283' for key 'couriers_orders.PRIMARY'
Warning	1062	Duplicate entry '690-263' for key 'couriers_orders.PRIMARY'
Warning	1062	Duplicate entry '691-237' for key 'couriers_orders.PRIMARY'
Warning	1062	Duplicate entry '692-224' for key 'couriers_orders.PRIMARY'
Warning	1062	Duplicate entry '693-271' for key 'couriers_orders.PRIMARY'
Warning	1062	Duplicate entry '694-252' for key 'couriers_orders.PRIMARY'
Warning	1062	Duplicate entry '695-219' for key 'couriers_orders.PRIMARY'
Warning	1062	Duplicate entry '696-278' for key 'couriers_orders.PRIMARY'
Warning	1062	Duplicate entry '697-273' for key 'couriers_orders.PRIMARY'
Warning	1062	Duplicate entry '698-278' for key 'couriers_orders.PRIMARY'
Warning	1062	Duplicate entry '699-259' for key 'couriers_orders.PRIMARY'
Warning	1062	Duplicate entry '700-279' for key 'couriers_orders.PRIMARY'
Warning	1062	Duplicate entry '701-211' for key 'couriers_orders.PRIMARY'
Warning	1062	Duplicate entry '702-247' for key 'couriers_orders.PRIMARY'
Warning	1062	Duplicate entry '703-213' for key 'couriers_orders.PRIMARY'
Warning	1062	Duplicate entry '704-206' for key 'couriers_orders.PRIMARY'
Warning	1062	Duplicate entry '705-220' for key 'couriers_orders.PRIMARY'
Warning	1062	Duplicate entry '706-254' for key 'couriers_orders.PRIMARY'
Warning	1062	Duplicate entry '707-243' for key 'couriers_orders.PRIMARY'
Warning	1062	Duplicate entry '708-239' for key 'couriers_orders.PRIMARY'
Warning	1062	Duplicate entry '709-207' for key 'couriers_orders.PRIMARY'
Warning	1062	Duplicate entry '710-277' for key 'couriers_orders.PRIMARY'
Warning	1062	Duplicate entry '711-276' for key 'couriers_orders.PRIMARY'
Warning	1062	Duplicate entry '712-296' for key 'couriers_orders.PRIMARY'
Warning	1062	Duplicate entry '713-218' for key 'couriers_orders.PRIMARY'
Warning	1062	Duplicate entry '714-245' for key 'couriers_orders.PRIMARY'
Warning	1062	Duplicate entry '715-211' for key 'couriers_orders.PRIMARY'
Warning	1062	Duplicate entry '716-223' for key 'couriers_orders.PRIMARY'
Warning	1062	Duplicate entry '717-239' for key 'couriers_orders.PRIMARY'
Warning	1062	Duplicate entry '718-257' for key 'couriers_orders.PRIMARY'
Warning	1062	Duplicate entry '719-261' for key 'couriers_orders.PRIMARY'
Warning	1062	Duplicate entry '720-297' for key 'couriers_orders.PRIMARY'
Warning	1062	Duplicate entry '721-225' for key 'couriers_orders.PRIMARY'
Warning	1062	Duplicate entry '722-258' for key 'couriers_orders.PRIMARY'
Warning	1062	Duplicate entry '723-225' for key 'couriers_orders.PRIMARY'
Warning	1062	Duplicate entry '724-244' for key 'couriers_orders.PRIMARY'
Warning	1062	Duplicate entry '725-209' for key 'couriers_orders.PRIMARY'
Warning	1062	Duplicate entry '726-293' for key 'couriers_orders.PRIMARY'
Warning	1062	Duplicate entry '727-219' for key 'couriers_orders.PRIMARY'
Warning	1062	Duplicate entry '728-231' for key 'couriers_orders.PRIMARY'
Warning	1062	Duplicate entry '729-265' for key 'couriers_orders.PRIMARY'
Warning	1062	Duplicate entry '730-212' for key 'couriers_orders.PRIMARY'
Warning	1062	Duplicate entry '731-247' for key 'couriers_orders.PRIMARY'
Warning	1062	Duplicate entry '732-209' for key 'couriers_orders.PRIMARY'
Warning	1062	Duplicate entry '733-235' for key 'couriers_orders.PRIMARY'
Warning	1062	Duplicate entry '734-230' for key 'couriers_orders.PRIMARY'
Warning	1062	Duplicate entry '735-250' for key 'couriers_orders.PRIMARY'
Warning	1062	Duplicate entry '736-219' for key 'couriers_orders.PRIMARY'
Warning	1062	Duplicate entry '737-239' for key 'couriers_orders.PRIMARY'
Warning	1062	Duplicate entry '738-263' for key 'couriers_orders.PRIMARY'
Warning	1062	Duplicate entry '739-242' for key 'couriers_orders.PRIMARY'
Warning	1062	Duplicate entry '740-282' for key 'couriers_orders.PRIMARY'
Warning	1062	Duplicate entry '741-267' for key 'couriers_orders.PRIMARY'
Warning	1062	Duplicate entry '742-285' for key 'couriers_orders.PRIMARY'
Warning	1062	Duplicate entry '743-220' for key 'couriers_orders.PRIMARY'
Warning	1062	Duplicate entry '744-259' for key 'couriers_orders.PRIMARY'
Warning	1062	Duplicate entry '745-273' for key 'couriers_orders.PRIMARY'
Warning	1062	Duplicate entry '746-204' for key 'couriers_orders.PRIMARY'
Warning	1062	Duplicate entry '747-293' for key 'couriers_orders.PRIMARY'
Warning	1062	Duplicate entry '748-220' for key 'couriers_orders.PRIMARY'
Warning	1062	Duplicate entry '749-248' for key 'couriers_orders.PRIMARY'
Warning	1062	Duplicate entry '750-288' for key 'couriers_orders.PRIMARY'
Warning	1062	Duplicate entry '751-203' for key 'couriers_orders.PRIMARY'
Warning	1062	Duplicate entry '752-215' for key 'couriers_orders.PRIMARY'
Warning	1062	Duplicate entry '753-242' for key 'couriers_orders.PRIMARY'
Warning	1062	Duplicate entry '754-289' for key 'couriers_orders.PRIMARY'
Warning	1062	Duplicate entry '755-299' for key 'couriers_orders.PRIMARY'
Warning	1062	Duplicate entry '756-255' for key 'couriers_orders.PRIMARY'
Warning	1062	Duplicate entry '757-228' for key 'couriers_orders.PRIMARY'
Warning	1062	Duplicate entry '758-278' for key 'couriers_orders.PRIMARY'
Warning	1062	Duplicate entry '759-275' for key 'couriers_orders.PRIMARY'
Warning	1062	Duplicate entry '760-224' for key 'couriers_orders.PRIMARY'
Warning	1062	Duplicate entry '761-289' for key 'couriers_orders.PRIMARY'
Warning	1062	Duplicate entry '762-247' for key 'couriers_orders.PRIMARY'
Warning	1062	Duplicate entry '763-267' for key 'couriers_orders.PRIMARY'
Warning	1062	Duplicate entry '764-285' for key 'couriers_orders.PRIMARY'
Warning	1062	Duplicate entry '765-260' for key 'couriers_orders.PRIMARY'
Warning	1062	Duplicate entry '766-284' for key 'couriers_orders.PRIMARY'
Warning	1062	Duplicate entry '767-223' for key 'couriers_orders.PRIMARY'
Warning	1062	Duplicate entry '768-213' for key 'couriers_orders.PRIMARY'
Warning	1062	Duplicate entry '769-227' for key 'couriers_orders.PRIMARY'
Warning	1062	Duplicate entry '770-212' for key 'couriers_orders.PRIMARY'
Warning	1062	Duplicate entry '771-281' for key 'couriers_orders.PRIMARY'
Warning	1062	Duplicate entry '772-278' for key 'couriers_orders.PRIMARY'
Warning	1062	Duplicate entry '773-224' for key 'couriers_orders.PRIMARY'
Warning	1062	Duplicate entry '774-214' for key 'couriers_orders.PRIMARY'
Warning	1062	Duplicate entry '775-216' for key 'couriers_orders.PRIMARY'
Warning	1062	Duplicate entry '776-299' for key 'couriers_orders.PRIMARY'
Warning	1062	Duplicate entry '777-254' for key 'couriers_orders.PRIMARY'
Warning	1062	Duplicate entry '778-227' for key 'couriers_orders.PRIMARY'
Warning	1062	Duplicate entry '779-212' for key 'couriers_orders.PRIMARY'
Warning	1062	Duplicate entry '780-233' for key 'couriers_orders.PRIMARY'
Warning	1062	Duplicate entry '781-296' for key 'couriers_orders.PRIMARY'
Warning	1062	Duplicate entry '782-276' for key 'couriers_orders.PRIMARY'
Warning	1062	Duplicate entry '783-221' for key 'couriers_orders.PRIMARY'
Warning	1062	Duplicate entry '784-275' for key 'couriers_orders.PRIMARY'
Warning	1062	Duplicate entry '785-222' for key 'couriers_orders.PRIMARY'
Warning	1062	Duplicate entry '786-224' for key 'couriers_orders.PRIMARY'
Warning	1062	Duplicate entry '787-297' for key 'couriers_orders.PRIMARY'
Warning	1062	Duplicate entry '788-268' for key 'couriers_orders.PRIMARY'
Warning	1062	Duplicate entry '789-259' for key 'couriers_orders.PRIMARY'
Warning	1062	Duplicate entry '790-291' for key 'couriers_orders.PRIMARY'
Warning	1062	Duplicate entry '791-256' for key 'couriers_orders.PRIMARY'
Warning	1062	Duplicate entry '792-297' for key 'couriers_orders.PRIMARY'
Warning	1062	Duplicate entry '793-279' for key 'couriers_orders.PRIMARY'
Warning	1062	Duplicate entry '794-238' for key 'couriers_orders.PRIMARY'
Warning	1062	Duplicate entry '795-214' for key 'couriers_orders.PRIMARY'
Warning	1062	Duplicate entry '796-244' for key 'couriers_orders.PRIMARY'
Warning	1062	Duplicate entry '797-288' for key 'couriers_orders.PRIMARY'
Warning	1062	Duplicate entry '798-229' for key 'couriers_orders.PRIMARY'
Warning	1062	Duplicate entry '799-220' for key 'couriers_orders.PRIMARY'
Warning	1062	Duplicate entry '800-228' for key 'couriers_orders.PRIMARY'
Warning	1062	Duplicate entry '801-216' for key 'couriers_orders.PRIMARY'
Warning	1062	Duplicate entry '802-222' for key 'couriers_orders.PRIMARY'
Warning	1062	Duplicate entry '803-226' for key 'couriers_orders.PRIMARY'
Warning	1062	Duplicate entry '804-210' for key 'couriers_orders.PRIMARY'
Warning	1062	Duplicate entry '805-216' for key 'couriers_orders.PRIMARY'
Warning	1062	Duplicate entry '806-258' for key 'couriers_orders.PRIMARY'
Warning	1062	Duplicate entry '807-248' for key 'couriers_orders.PRIMARY'
Warning	1062	Duplicate entry '808-219' for key 'couriers_orders.PRIMARY'
Warning	1062	Duplicate entry '809-229' for key 'couriers_orders.PRIMARY'
Warning	1062	Duplicate entry '810-239' for key 'couriers_orders.PRIMARY'
Warning	1062	Duplicate entry '811-288' for key 'couriers_orders.PRIMARY'
Warning	1062	Duplicate entry '812-254' for key 'couriers_orders.PRIMARY'
Warning	1062	Duplicate entry '813-275' for key 'couriers_orders.PRIMARY'
Warning	1062	Duplicate entry '814-253' for key 'couriers_orders.PRIMARY'
Warning	1062	Duplicate entry '815-214' for key 'couriers_orders.PRIMARY'
Warning	1062	Duplicate entry '816-290' for key 'couriers_orders.PRIMARY'
Warning	1062	Duplicate entry '817-210' for key 'couriers_orders.PRIMARY'
Warning	1062	Duplicate entry '818-201' for key 'couriers_orders.PRIMARY'
Warning	1062	Duplicate entry '819-202' for key 'couriers_orders.PRIMARY'
Warning	1062	Duplicate entry '820-243' for key 'couriers_orders.PRIMARY'
Warning	1062	Duplicate entry '821-232' for key 'couriers_orders.PRIMARY'
Warning	1062	Duplicate entry '822-243' for key 'couriers_orders.PRIMARY'
Warning	1062	Duplicate entry '823-249' for key 'couriers_orders.PRIMARY'
Warning	1062	Duplicate entry '824-229' for key 'couriers_orders.PRIMARY'
Warning	1062	Duplicate entry '825-239' for key 'couriers_orders.PRIMARY'
Warning	1062	Duplicate entry '826-264' for key 'couriers_orders.PRIMARY'
Warning	1062	Duplicate entry '827-231' for key 'couriers_orders.PRIMARY'
Warning	1062	Duplicate entry '828-227' for key 'couriers_orders.PRIMARY'
Warning	1062	Duplicate entry '829-235' for key 'couriers_orders.PRIMARY'
Warning	1062	Duplicate entry '830-215' for key 'couriers_orders.PRIMARY'
Warning	1062	Duplicate entry '831-231' for key 'couriers_orders.PRIMARY'
Warning	1062	Duplicate entry '832-248' for key 'couriers_orders.PRIMARY'
Warning	1062	Duplicate entry '833-288' for key 'couriers_orders.PRIMARY'
Warning	1062	Duplicate entry '834-285' for key 'couriers_orders.PRIMARY'
Warning	1062	Duplicate entry '835-266' for key 'couriers_orders.PRIMARY'
Warning	1062	Duplicate entry '836-246' for key 'couriers_orders.PRIMARY'
Warning	1062	Duplicate entry '837-228' for key 'couriers_orders.PRIMARY'
Warning	1062	Duplicate entry '838-256' for key 'couriers_orders.PRIMARY'
Warning	1062	Duplicate entry '839-226' for key 'couriers_orders.PRIMARY'
Warning	1062	Duplicate entry '840-290' for key 'couriers_orders.PRIMARY'
Warning	1062	Duplicate entry '841-261' for key 'couriers_orders.PRIMARY'
Warning	1062	Duplicate entry '842-276' for key 'couriers_orders.PRIMARY'
Warning	1062	Duplicate entry '843-274' for key 'couriers_orders.PRIMARY'
Warning	1062	Duplicate entry '844-230' for key 'couriers_orders.PRIMARY'
Warning	1062	Duplicate entry '845-296' for key 'couriers_orders.PRIMARY'
Warning	1062	Duplicate entry '846-223' for key 'couriers_orders.PRIMARY'
Warning	1062	Duplicate entry '847-274' for key 'couriers_orders.PRIMARY'
Warning	1062	Duplicate entry '848-233' for key 'couriers_orders.PRIMARY'
Warning	1062	Duplicate entry '849-212' for key 'couriers_orders.PRIMARY'
Warning	1062	Duplicate entry '850-227' for key 'couriers_orders.PRIMARY'
Warning	1062	Duplicate entry '851-280' for key 'couriers_orders.PRIMARY'
Warning	1062	Duplicate entry '852-236' for key 'couriers_orders.PRIMARY'
Warning	1062	Duplicate entry '853-290' for key 'couriers_orders.PRIMARY'
Warning	1062	Duplicate entry '854-240' for key 'couriers_orders.PRIMARY'
Warning	1062	Duplicate entry '855-212' for key 'couriers_orders.PRIMARY'
Warning	1062	Duplicate entry '856-293' for key 'couriers_orders.PRIMARY'
Warning	1062	Duplicate entry '857-284' for key 'couriers_orders.PRIMARY'
Warning	1062	Duplicate entry '858-253' for key 'couriers_orders.PRIMARY'
Warning	1062	Duplicate entry '859-270' for key 'couriers_orders.PRIMARY'
Warning	1062	Duplicate entry '860-211' for key 'couriers_orders.PRIMARY'
Warning	1062	Duplicate entry '861-212' for key 'couriers_orders.PRIMARY'
Warning	1062	Duplicate entry '862-207' for key 'couriers_orders.PRIMARY'
Warning	1062	Duplicate entry '863-217' for key 'couriers_orders.PRIMARY'
Warning	1062	Duplicate entry '864-272' for key 'couriers_orders.PRIMARY'
Warning	1062	Duplicate entry '865-216' for key 'couriers_orders.PRIMARY'
Warning	1062	Duplicate entry '866-241' for key 'couriers_orders.PRIMARY'
Warning	1062	Duplicate entry '867-260' for key 'couriers_orders.PRIMARY'
Warning	1062	Duplicate entry '868-274' for key 'couriers_orders.PRIMARY'
Warning	1062	Duplicate entry '869-254' for key 'couriers_orders.PRIMARY'
Warning	1062	Duplicate entry '870-244' for key 'couriers_orders.PRIMARY'
Warning	1062	Duplicate entry '871-288' for key 'couriers_orders.PRIMARY'
Warning	1062	Duplicate entry '872-269' for key 'couriers_orders.PRIMARY'
Warning	1062	Duplicate entry '873-288' for key 'couriers_orders.PRIMARY'
Warning	1062	Duplicate entry '874-281' for key 'couriers_orders.PRIMARY'
Warning	1062	Duplicate entry '875-257' for key 'couriers_orders.PRIMARY'
Warning	1062	Duplicate entry '876-292' for key 'couriers_orders.PRIMARY'
Warning	1062	Duplicate entry '877-243' for key 'couriers_orders.PRIMARY'
Warning	1062	Duplicate entry '878-221' for key 'couriers_orders.PRIMARY'
Warning	1062	Duplicate entry '879-241' for key 'couriers_orders.PRIMARY'
Warning	1062	Duplicate entry '880-253' for key 'couriers_orders.PRIMARY'
Warning	1062	Duplicate entry '881-224' for key 'couriers_orders.PRIMARY'
Warning	1062	Duplicate entry '882-205' for key 'couriers_orders.PRIMARY'
Warning	1062	Duplicate entry '883-227' for key 'couriers_orders.PRIMARY'
Warning	1062	Duplicate entry '884-269' for key 'couriers_orders.PRIMARY'
Warning	1062	Duplicate entry '885-213' for key 'couriers_orders.PRIMARY'
Warning	1062	Duplicate entry '886-253' for key 'couriers_orders.PRIMARY'
Warning	1062	Duplicate entry '887-287' for key 'couriers_orders.PRIMARY'
Warning	1062	Duplicate entry '888-208' for key 'couriers_orders.PRIMARY'
Warning	1062	Duplicate entry '889-286' for key 'couriers_orders.PRIMARY'
Warning	1062	Duplicate entry '890-255' for key 'couriers_orders.PRIMARY'
Warning	1062	Duplicate entry '891-300' for key 'couriers_orders.PRIMARY'
Warning	1062	Duplicate entry '892-257' for key 'couriers_orders.PRIMARY'
Warning	1062	Duplicate entry '893-294' for key 'couriers_orders.PRIMARY'
Warning	1062	Duplicate entry '894-230' for key 'couriers_orders.PRIMARY'
Warning	1062	Duplicate entry '895-267' for key 'couriers_orders.PRIMARY'
Warning	1062	Duplicate entry '896-240' for key 'couriers_orders.PRIMARY'
Warning	1062	Duplicate entry '897-290' for key 'couriers_orders.PRIMARY'
Warning	1062	Duplicate entry '898-242' for key 'couriers_orders.PRIMARY'
Warning	1062	Duplicate entry '899-235' for key 'couriers_orders.PRIMARY'
Warning	1062	Duplicate entry '900-295' for key 'couriers_orders.PRIMARY'
Warning	1062	Duplicate entry '901-297' for key 'couriers_orders.PRIMARY'
Warning	1062	Duplicate entry '902-261' for key 'couriers_orders.PRIMARY'
Warning	1062	Duplicate entry '903-255' for key 'couriers_orders.PRIMARY'
Warning	1062	Duplicate entry '904-300' for key 'couriers_orders.PRIMARY'
Warning	1062	Duplicate entry '905-202' for key 'couriers_orders.PRIMARY'
Warning	1062	Duplicate entry '906-241' for key 'couriers_orders.PRIMARY'
Warning	1062	Duplicate entry '907-293' for key 'couriers_orders.PRIMARY'
Warning	1062	Duplicate entry '908-220' for key 'couriers_orders.PRIMARY'
Warning	1062	Duplicate entry '909-238' for key 'couriers_orders.PRIMARY'
Warning	1062	Duplicate entry '910-245' for key 'couriers_orders.PRIMARY'
Warning	1062	Duplicate entry '911-298' for key 'couriers_orders.PRIMARY'
Warning	1062	Duplicate entry '912-266' for key 'couriers_orders.PRIMARY'
Warning	1062	Duplicate entry '913-236' for key 'couriers_orders.PRIMARY'
Warning	1062	Duplicate entry '914-222' for key 'couriers_orders.PRIMARY'
Warning	1062	Duplicate entry '915-232' for key 'couriers_orders.PRIMARY'
Warning	1062	Duplicate entry '916-252' for key 'couriers_orders.PRIMARY'
Warning	1062	Duplicate entry '917-280' for key 'couriers_orders.PRIMARY'
Warning	1062	Duplicate entry '918-229' for key 'couriers_orders.PRIMARY'
Warning	1062	Duplicate entry '919-240' for key 'couriers_orders.PRIMARY'
Warning	1062	Duplicate entry '920-253' for key 'couriers_orders.PRIMARY'
Warning	1062	Duplicate entry '921-268' for key 'couriers_orders.PRIMARY'
Warning	1062	Duplicate entry '922-229' for key 'couriers_orders.PRIMARY'
Warning	1062	Duplicate entry '923-230' for key 'couriers_orders.PRIMARY'
Warning	1062	Duplicate entry '924-293' for key 'couriers_orders.PRIMARY'
Warning	1062	Duplicate entry '925-250' for key 'couriers_orders.PRIMARY'
Warning	1062	Duplicate entry '926-298' for key 'couriers_orders.PRIMARY'
Warning	1062	Duplicate entry '927-251' for key 'couriers_orders.PRIMARY'
Warning	1062	Duplicate entry '928-296' for key 'couriers_orders.PRIMARY'
Warning	1062	Duplicate entry '929-297' for key 'couriers_orders.PRIMARY'
Warning	1062	Duplicate entry '930-263' for key 'couriers_orders.PRIMARY'
Warning	1062	Duplicate entry '931-300' for key 'couriers_orders.PRIMARY'
Warning	1062	Duplicate entry '932-204' for key 'couriers_orders.PRIMARY'
Warning	1062	Duplicate entry '933-255' for key 'couriers_orders.PRIMARY'
Warning	1062	Duplicate entry '934-289' for key 'couriers_orders.PRIMARY'
Warning	1062	Duplicate entry '935-224' for key 'couriers_orders.PRIMARY'
Warning	1062	Duplicate entry '936-295' for key 'couriers_orders.PRIMARY'
Warning	1062	Duplicate entry '937-202' for key 'couriers_orders.PRIMARY'
Warning	1062	Duplicate entry '938-209' for key 'couriers_orders.PRIMARY'
Warning	1062	Duplicate entry '939-234' for key 'couriers_orders.PRIMARY'
Warning	1062	Duplicate entry '940-287' for key 'couriers_orders.PRIMARY'
Warning	1062	Duplicate entry '941-229' for key 'couriers_orders.PRIMARY'
Warning	1062	Duplicate entry '942-213' for key 'couriers_orders.PRIMARY'
Warning	1062	Duplicate entry '943-203' for key 'couriers_orders.PRIMARY'
Warning	1062	Duplicate entry '944-298' for key 'couriers_orders.PRIMARY'
Warning	1062	Duplicate entry '945-255' for key 'couriers_orders.PRIMARY'
Warning	1062	Duplicate entry '946-262' for key 'couriers_orders.PRIMARY'
Warning	1062	Duplicate entry '947-294' for key 'couriers_orders.PRIMARY'
Warning	1062	Duplicate entry '948-253' for key 'couriers_orders.PRIMARY'
Warning	1062	Duplicate entry '949-272' for key 'couriers_orders.PRIMARY'
Warning	1062	Duplicate entry '950-283' for key 'couriers_orders.PRIMARY'
Warning	1062	Duplicate entry '951-275' for key 'couriers_orders.PRIMARY'
Warning	1062	Duplicate entry '952-218' for key 'couriers_orders.PRIMARY'
Warning	1062	Duplicate entry '953-300' for key 'couriers_orders.PRIMARY'
Warning	1062	Duplicate entry '954-249' for key 'couriers_orders.PRIMARY'
Warning	1062	Duplicate entry '955-252' for key 'couriers_orders.PRIMARY'
Warning	1062	Duplicate entry '956-268' for key 'couriers_orders.PRIMARY'
Warning	1062	Duplicate entry '957-202' for key 'couriers_orders.PRIMARY'
Warning	1062	Duplicate entry '958-271' for key 'couriers_orders.PRIMARY'
Warning	1062	Duplicate entry '959-245' for key 'couriers_orders.PRIMARY'
Warning	1062	Duplicate entry '960-210' for key 'couriers_orders.PRIMARY'
Warning	1062	Duplicate entry '961-219' for key 'couriers_orders.PRIMARY'
Warning	1062	Duplicate entry '962-214' for key 'couriers_orders.PRIMARY'
Warning	1062	Duplicate entry '963-281' for key 'couriers_orders.PRIMARY'
Warning	1062	Duplicate entry '964-241' for key 'couriers_orders.PRIMARY'
Warning	1062	Duplicate entry '965-225' for key 'couriers_orders.PRIMARY'
Warning	1062	Duplicate entry '966-271' for key 'couriers_orders.PRIMARY'
Warning	1062	Duplicate entry '967-208' for key 'couriers_orders.PRIMARY'
Warning	1062	Duplicate entry '968-241' for key 'couriers_orders.PRIMARY'
Warning	1062	Duplicate entry '969-255' for key 'couriers_orders.PRIMARY'
Warning	1062	Duplicate entry '970-240' for key 'couriers_orders.PRIMARY'
Warning	1062	Duplicate entry '971-256' for key 'couriers_orders.PRIMARY'
Warning	1062	Duplicate entry '972-287' for key 'couriers_orders.PRIMARY'
Warning	1062	Duplicate entry '973-230' for key 'couriers_orders.PRIMARY'
Warning	1062	Duplicate entry '974-221' for key 'couriers_orders.PRIMARY'
Warning	1062	Duplicate entry '975-298' for key 'couriers_orders.PRIMARY'
Warning	1062	Duplicate entry '976-264' for key 'couriers_orders.PRIMARY'
Warning	1062	Duplicate entry '977-205' for key 'couriers_orders.PRIMARY'
Warning	1062	Duplicate entry '978-220' for key 'couriers_orders.PRIMARY'
Warning	1062	Duplicate entry '979-296' for key 'couriers_orders.PRIMARY'
Warning	1062	Duplicate entry '980-261' for key 'couriers_orders.PRIMARY'
Warning	1062	Duplicate entry '981-283' for key 'couriers_orders.PRIMARY'
Warning	1062	Duplicate entry '982-223' for key 'couriers_orders.PRIMARY'
Warning	1062	Duplicate entry '983-225' for key 'couriers_orders.PRIMARY'
Warning	1062	Duplicate entry '984-223' for key 'couriers_orders.PRIMARY'
Warning	1062	Duplicate entry '985-297' for key 'couriers_orders.PRIMARY'
Warning	1062	Duplicate entry '986-252' for key 'couriers_orders.PRIMARY'
Warning	1062	Duplicate entry '987-244' for key 'couriers_orders.PRIMARY'
Warning	1062	Duplicate entry '988-283' for key 'couriers_orders.PRIMARY'
Warning	1062	Duplicate entry '989-295' for key 'couriers_orders.PRIMARY'
Warning	1062	Duplicate entry '990-263' for key 'couriers_orders.PRIMARY'
Warning	1062	Duplicate entry '991-232' for key 'couriers_orders.PRIMARY'
Warning	1062	Duplicate entry '992-296' for key 'couriers_orders.PRIMARY'
Warning	1062	Duplicate entry '993-254' for key 'couriers_orders.PRIMARY'
Warning	1062	Duplicate entry '994-259' for key 'couriers_orders.PRIMARY'
Warning	1062	Duplicate entry '995-218' for key 'couriers_orders.PRIMARY'
Warning	1062	Duplicate entry '996-222' for key 'couriers_orders.PRIMARY'
Warning	1062	Duplicate entry '997-242' for key 'couriers_orders.PRIMARY'
Warning	1062	Duplicate entry '998-229' for key 'couriers_orders.PRIMARY'
Warning	1062	Duplicate entry '999-260' for key 'couriers_orders.PRIMARY'
Warning	1062	Duplicate entry '1000-222' for key 'couriers_orders.PRIMARY'
