Inserting into order_... 

Records: 1000  Deleted: 0  Skipped: 1000  Warnings: 1000
Level	Code	Message
Warning	1062	Duplicate entry '1' for key 'order_.PRIMARY'
Warning	1062	Duplicate entry '2' for key 'order_.PRIMARY'
Warning	1062	Duplicate entry '3' for key 'order_.PRIMARY'
Warning	1062	Duplicate entry '4' for key 'order_.PRIMARY'
Warning	1062	Duplicate entry '5' for key 'order_.PRIMARY'
Warning	1062	Duplicate entry '6' for key 'order_.PRIMARY'
Warning	1062	Duplicate entry '7' for key 'order_.PRIMARY'
Warning	1062	Duplicate entry '8' for key 'order_.PRIMARY'
Warning	1062	Duplicate entry '9' for key 'order_.PRIMARY'
Warning	1062	Duplicate entry '10' for key 'order_.PRIMARY'
Warning	1062	Duplicate entry '11' for key 'order_.PRIMARY'
Warning	1062	Duplicate entry '12' for key 'order_.PRIMARY'
Warning	1062	Duplicate entry '13' for key 'order_.PRIMARY'
Warning	1062	Duplicate entry '14' for key 'order_.PRIMARY'
Warning	1062	Duplicate entry '15' for key 'order_.PRIMARY'
Warning	1062	Duplicate entry '16' for key 'order_.PRIMARY'
Warning	1062	Duplicate entry '17' for key 'order_.PRIMARY'
Warning	1062	Duplicate entry '18' for key 'order_.PRIMARY'
Warning	1062	Duplicate entry '19' for key 'order_.PRIMARY'
Warning	1062	Duplicate entry '20' for key 'order_.PRIMARY'
Warning	1062	Duplicate entry '21' for key 'order_.PRIMARY'
Warning	1062	Duplicate entry '22' for key 'order_.PRIMARY'
Warning	1062	Duplicate entry '23' for key 'order_.PRIMARY'
Warning	1062	Duplicate entry '24' for key 'order_.PRIMARY'
Warning	1062	Duplicate entry '25' for key 'order_.PRIMARY'
Warning	1062	Duplicate entry '26' for key 'order_.PRIMARY'
Warning	1062	Duplicate entry '27' for key 'order_.PRIMARY'
Warning	1062	Duplicate entry '28' for key 'order_.PRIMARY'
Warning	1062	Duplicate entry '29' for key 'order_.PRIMARY'
Warning	1062	Duplicate entry '30' for key 'order_.PRIMARY'
Warning	1062	Duplicate entry '31' for key 'order_.PRIMARY'
Warning	1062	Duplicate entry '32' for key 'order_.PRIMARY'
Warning	1062	Duplicate entry '33' for key 'order_.PRIMARY'
Warning	1062	Duplicate entry '34' for key 'order_.PRIMARY'
Warning	1062	Duplicate entry '35' for key 'order_.PRIMARY'
Warning	1062	Duplicate entry '36' for key 'order_.PRIMARY'
Warning	1062	Duplicate entry '37' for key 'order_.PRIMARY'
Warning	1062	Duplicate entry '38' for key 'order_.PRIMARY'
Warning	1062	Duplicate entry '39' for key 'order_.PRIMARY'
Warning	1062	Duplicate entry '40' for key 'order_.PRIMARY'
Warning	1062	Duplicate entry '41' for key 'order_.PRIMARY'
Warning	1062	Duplicate entry '42' for key 'order_.PRIMARY'
Warning	1062	Duplicate entry '43' for key 'order_.PRIMARY'
Warning	1062	Duplicate entry '44' for key 'order_.PRIMARY'
Warning	1062	Duplicate entry '45' for key 'order_.PRIMARY'
Warning	1062	Duplicate entry '46' for key 'order_.PRIMARY'
Warning	1062	Duplicate entry '47' for key 'order_.PRIMARY'
Warning	1062	Duplicate entry '48' for key 'order_.PRIMARY'
Warning	1062	Duplicate entry '49' for key 'order_.PRIMARY'
Warning	1062	Duplicate entry '50' for key 'order_.PRIMARY'
Warning	1062	Duplicate entry '51' for key 'order_.PRIMARY'
Warning	1062	Duplicate entry '52' for key 'order_.PRIMARY'
Warning	1062	Duplicate entry '53' for key 'order_.PRIMARY'
Warning	1062	Duplicate entry '54' for key 'order_.PRIMARY'
Warning	1062	Duplicate entry '55' for key 'order_.PRIMARY'
Warning	1062	Duplicate entry '56' for key 'order_.PRIMARY'
Warning	1062	Duplicate entry '57' for key 'order_.PRIMARY'
Warning	1062	Duplicate entry '58' for key 'order_.PRIMARY'
Warning	1062	Duplicate entry '59' for key 'order_.PRIMARY'
Warning	1062	Duplicate entry '60' for key 'order_.PRIMARY'
Warning	1062	Duplicate entry '61' for key 'order_.PRIMARY'
Warning	1062	Duplicate entry '62' for key 'order_.PRIMARY'
Warning	1062	Duplicate entry '63' for key 'order_.PRIMARY'
Warning	1062	Duplicate entry '64' for key 'order_.PRIMARY'
Warning	1062	Duplicate entry '65' for key 'order_.PRIMARY'
Warning	1062	Duplicate entry '66' for key 'order_.PRIMARY'
Warning	1062	Duplicate entry '67' for key 'order_.PRIMARY'
Warning	1062	Duplicate entry '68' for key 'order_.PRIMARY'
Warning	1062	Duplicate entry '69' for key 'order_.PRIMARY'
Warning	1062	Duplicate entry '70' for key 'order_.PRIMARY'
Warning	1062	Duplicate entry '71' for key 'order_.PRIMARY'
Warning	1062	Duplicate entry '72' for key 'order_.PRIMARY'
Warning	1062	Duplicate entry '73' for key 'order_.PRIMARY'
Warning	1062	Duplicate entry '74' for key 'order_.PRIMARY'
Warning	1062	Duplicate entry '75' for key 'order_.PRIMARY'
Warning	1062	Duplicate entry '76' for key 'order_.PRIMARY'
Warning	1062	Duplicate entry '77' for key 'order_.PRIMARY'
Warning	1062	Duplicate entry '78' for key 'order_.PRIMARY'
Warning	1062	Duplicate entry '79' for key 'order_.PRIMARY'
Warning	1062	Duplicate entry '80' for key 'order_.PRIMARY'
Warning	1062	Duplicate entry '81' for key 'order_.PRIMARY'
Warning	1062	Duplicate entry '82' for key 'order_.PRIMARY'
Warning	1062	Duplicate entry '83' for key 'order_.PRIMARY'
Warning	1062	Duplicate entry '84' for key 'order_.PRIMARY'
Warning	1062	Duplicate entry '85' for key 'order_.PRIMARY'
Warning	1062	Duplicate entry '86' for key 'order_.PRIMARY'
Warning	1062	Duplicate entry '87' for key 'order_.PRIMARY'
Warning	1062	Duplicate entry '88' for key 'order_.PRIMARY'
Warning	1062	Duplicate entry '89' for key 'order_.PRIMARY'
Warning	1062	Duplicate entry '90' for key 'order_.PRIMARY'
Warning	1062	Duplicate entry '91' for key 'order_.PRIMARY'
Warning	1062	Duplicate entry '92' for key 'order_.PRIMARY'
Warning	1062	Duplicate entry '93' for key 'order_.PRIMARY'
Warning	1062	Duplicate entry '94' for key 'order_.PRIMARY'
Warning	1062	Duplicate entry '95' for key 'order_.PRIMARY'
Warning	1062	Duplicate entry '96' for key 'order_.PRIMARY'
Warning	1062	Duplicate entry '97' for key 'order_.PRIMARY'
Warning	1062	Duplicate entry '98' for key 'order_.PRIMARY'
Warning	1062	Duplicate entry '99' for key 'order_.PRIMARY'
Warning	1062	Duplicate entry '100' for key 'order_.PRIMARY'
Warning	1062	Duplicate entry '101' for key 'order_.PRIMARY'
Warning	1062	Duplicate entry '102' for key 'order_.PRIMARY'
Warning	1062	Duplicate entry '103' for key 'order_.PRIMARY'
Warning	1062	Duplicate entry '104' for key 'order_.PRIMARY'
Warning	1062	Duplicate entry '105' for key 'order_.PRIMARY'
Warning	1062	Duplicate entry '106' for key 'order_.PRIMARY'
Warning	1062	Duplicate entry '107' for key 'order_.PRIMARY'
Warning	1062	Duplicate entry '108' for key 'order_.PRIMARY'
Warning	1062	Duplicate entry '109' for key 'order_.PRIMARY'
Warning	1062	Duplicate entry '110' for key 'order_.PRIMARY'
Warning	1062	Duplicate entry '111' for key 'order_.PRIMARY'
Warning	1062	Duplicate entry '112' for key 'order_.PRIMARY'
Warning	1062	Duplicate entry '113' for key 'order_.PRIMARY'
Warning	1062	Duplicate entry '114' for key 'order_.PRIMARY'
Warning	1062	Duplicate entry '115' for key 'order_.PRIMARY'
Warning	1062	Duplicate entry '116' for key 'order_.PRIMARY'
Warning	1062	Duplicate entry '117' for key 'order_.PRIMARY'
Warning	1062	Duplicate entry '118' for key 'order_.PRIMARY'
Warning	1062	Duplicate entry '119' for key 'order_.PRIMARY'
Warning	1062	Duplicate entry '120' for key 'order_.PRIMARY'
Warning	1062	Duplicate entry '121' for key 'order_.PRIMARY'
Warning	1062	Duplicate entry '122' for key 'order_.PRIMARY'
Warning	1062	Duplicate entry '123' for key 'order_.PRIMARY'
Warning	1062	Duplicate entry '124' for key 'order_.PRIMARY'
Warning	1062	Duplicate entry '125' for key 'order_.PRIMARY'
Warning	1062	Duplicate entry '126' for key 'order_.PRIMARY'
Warning	1062	Duplicate entry '127' for key 'order_.PRIMARY'
Warning	1062	Duplicate entry '128' for key 'order_.PRIMARY'
Warning	1062	Duplicate entry '129' for key 'order_.PRIMARY'
Warning	1062	Duplicate entry '130' for key 'order_.PRIMARY'
Warning	1062	Duplicate entry '131' for key 'order_.PRIMARY'
Warning	1062	Duplicate entry '132' for key 'order_.PRIMARY'
Warning	1062	Duplicate entry '133' for key 'order_.PRIMARY'
Warning	1062	Duplicate entry '134' for key 'order_.PRIMARY'
Warning	1062	Duplicate entry '135' for key 'order_.PRIMARY'
Warning	1062	Duplicate entry '136' for key 'order_.PRIMARY'
Warning	1062	Duplicate entry '137' for key 'order_.PRIMARY'
Warning	1062	Duplicate entry '138' for key 'order_.PRIMARY'
Warning	1062	Duplicate entry '139' for key 'order_.PRIMARY'
Warning	1062	Duplicate entry '140' for key 'order_.PRIMARY'
Warning	1062	Duplicate entry '141' for key 'order_.PRIMARY'
Warning	1062	Duplicate entry '142' for key 'order_.PRIMARY'
Warning	1062	Duplicate entry '143' for key 'order_.PRIMARY'
Warning	1062	Duplicate entry '144' for key 'order_.PRIMARY'
Warning	1062	Duplicate entry '145' for key 'order_.PRIMARY'
Warning	1062	Duplicate entry '146' for key 'order_.PRIMARY'
Warning	1062	Duplicate entry '147' for key 'order_.PRIMARY'
Warning	1062	Duplicate entry '148' for key 'order_.PRIMARY'
Warning	1062	Duplicate entry '149' for key 'order_.PRIMARY'
Warning	1062	Duplicate entry '150' for key 'order_.PRIMARY'
Warning	1062	Duplicate entry '151' for key 'order_.PRIMARY'
Warning	1062	Duplicate entry '152' for key 'order_.PRIMARY'
Warning	1062	Duplicate entry '153' for key 'order_.PRIMARY'
Warning	1062	Duplicate entry '154' for key 'order_.PRIMARY'
Warning	1062	Duplicate entry '155' for key 'order_.PRIMARY'
Warning	1062	Duplicate entry '156' for key 'order_.PRIMARY'
Warning	1062	Duplicate entry '157' for key 'order_.PRIMARY'
Warning	1062	Duplicate entry '158' for key 'order_.PRIMARY'
Warning	1062	Duplicate entry '159' for key 'order_.PRIMARY'
Warning	1062	Duplicate entry '160' for key 'order_.PRIMARY'
Warning	1062	Duplicate entry '161' for key 'order_.PRIMARY'
Warning	1062	Duplicate entry '162' for key 'order_.PRIMARY'
Warning	1062	Duplicate entry '163' for key 'order_.PRIMARY'
Warning	1062	Duplicate entry '164' for key 'order_.PRIMARY'
Warning	1062	Duplicate entry '165' for key 'order_.PRIMARY'
Warning	1062	Duplicate entry '166' for key 'order_.PRIMARY'
Warning	1062	Duplicate entry '167' for key 'order_.PRIMARY'
Warning	1062	Duplicate entry '168' for key 'order_.PRIMARY'
Warning	1062	Duplicate entry '169' for key 'order_.PRIMARY'
Warning	1062	Duplicate entry '170' for key 'order_.PRIMARY'
Warning	1062	Duplicate entry '171' for key 'order_.PRIMARY'
Warning	1062	Duplicate entry '172' for key 'order_.PRIMARY'
Warning	1062	Duplicate entry '173' for key 'order_.PRIMARY'
Warning	1062	Duplicate entry '174' for key 'order_.PRIMARY'
Warning	1062	Duplicate entry '175' for key 'order_.PRIMARY'
Warning	1062	Duplicate entry '176' for key 'order_.PRIMARY'
Warning	1062	Duplicate entry '177' for key 'order_.PRIMARY'
Warning	1062	Duplicate entry '178' for key 'order_.PRIMARY'
Warning	1062	Duplicate entry '179' for key 'order_.PRIMARY'
Warning	1062	Duplicate entry '180' for key 'order_.PRIMARY'
Warning	1062	Duplicate entry '181' for key 'order_.PRIMARY'
Warning	1062	Duplicate entry '182' for key 'order_.PRIMARY'
Warning	1062	Duplicate entry '183' for key 'order_.PRIMARY'
Warning	1062	Duplicate entry '184' for key 'order_.PRIMARY'
Warning	1062	Duplicate entry '185' for key 'order_.PRIMARY'
Warning	1062	Duplicate entry '186' for key 'order_.PRIMARY'
Warning	1062	Duplicate entry '187' for key 'order_.PRIMARY'
Warning	1062	Duplicate entry '188' for key 'order_.PRIMARY'
Warning	1062	Duplicate entry '189' for key 'order_.PRIMARY'
Warning	1062	Duplicate entry '190' for key 'order_.PRIMARY'
Warning	1062	Duplicate entry '191' for key 'order_.PRIMARY'
Warning	1062	Duplicate entry '192' for key 'order_.PRIMARY'
Warning	1062	Duplicate entry '193' for key 'order_.PRIMARY'
Warning	1062	Duplicate entry '194' for key 'order_.PRIMARY'
Warning	1062	Duplicate entry '195' for key 'order_.PRIMARY'
Warning	1062	Duplicate entry '196' for key 'order_.PRIMARY'
Warning	1062	Duplicate entry '197' for key 'order_.PRIMARY'
Warning	1062	Duplicate entry '198' for key 'order_.PRIMARY'
Warning	1062	Duplicate entry '199' for key 'order_.PRIMARY'
Warning	1062	Duplicate entry '200' for key 'order_.PRIMARY'
Warning	1062	Duplicate entry '201' for key 'order_.PRIMARY'
Warning	1062	Duplicate entry '202' for key 'order_.PRIMARY'
Warning	1062	Duplicate entry '203' for key 'order_.PRIMARY'
Warning	1062	Duplicate entry '204' for key 'order_.PRIMARY'
Warning	1062	Duplicate entry '205' for key 'order_.PRIMARY'
Warning	1062	Duplicate entry '206' for key 'order_.PRIMARY'
Warning	1062	Duplicate entry '207' for key 'order_.PRIMARY'
Warning	1062	Duplicate entry '208' for key 'order_.PRIMARY'
Warning	1062	Duplicate entry '209' for key 'order_.PRIMARY'
Warning	1062	Duplicate entry '210' for key 'order_.PRIMARY'
Warning	1062	Duplicate entry '211' for key 'order_.PRIMARY'
Warning	1062	Duplicate entry '212' for key 'order_.PRIMARY'
Warning	1062	Duplicate entry '213' for key 'order_.PRIMARY'
Warning	1062	Duplicate entry '214' for key 'order_.PRIMARY'
Warning	1062	Duplicate entry '215' for key 'order_.PRIMARY'
Warning	1062	Duplicate entry '216' for key 'order_.PRIMARY'
Warning	1062	Duplicate entry '217' for key 'order_.PRIMARY'
Warning	1062	Duplicate entry '218' for key 'order_.PRIMARY'
Warning	1062	Duplicate entry '219' for key 'order_.PRIMARY'
Warning	1062	Duplicate entry '220' for key 'order_.PRIMARY'
Warning	1062	Duplicate entry '221' for key 'order_.PRIMARY'
Warning	1062	Duplicate entry '222' for key 'order_.PRIMARY'
Warning	1062	Duplicate entry '223' for key 'order_.PRIMARY'
Warning	1062	Duplicate entry '224' for key 'order_.PRIMARY'
Warning	1062	Duplicate entry '225' for key 'order_.PRIMARY'
Warning	1062	Duplicate entry '226' for key 'order_.PRIMARY'
Warning	1062	Duplicate entry '227' for key 'order_.PRIMARY'
Warning	1062	Duplicate entry '228' for key 'order_.PRIMARY'
Warning	1062	Duplicate entry '229' for key 'order_.PRIMARY'
Warning	1062	Duplicate entry '230' for key 'order_.PRIMARY'
Warning	1062	Duplicate entry '231' for key 'order_.PRIMARY'
Warning	1062	Duplicate entry '232' for key 'order_.PRIMARY'
Warning	1062	Duplicate entry '233' for key 'order_.PRIMARY'
Warning	1062	Duplicate entry '234' for key 'order_.PRIMARY'
Warning	1062	Duplicate entry '235' for key 'order_.PRIMARY'
Warning	1062	Duplicate entry '236' for key 'order_.PRIMARY'
Warning	1062	Duplicate entry '237' for key 'order_.PRIMARY'
Warning	1062	Duplicate entry '238' for key 'order_.PRIMARY'
Warning	1062	Duplicate entry '239' for key 'order_.PRIMARY'
Warning	1062	Duplicate entry '240' for key 'order_.PRIMARY'
Warning	1062	Duplicate entry '241' for key 'order_.PRIMARY'
Warning	1062	Duplicate entry '242' for key 'order_.PRIMARY'
Warning	1062	Duplicate entry '243' for key 'order_.PRIMARY'
Warning	1062	Duplicate entry '244' for key 'order_.PRIMARY'
Warning	1062	Duplicate entry '245' for key 'order_.PRIMARY'
Warning	1062	Duplicate entry '246' for key 'order_.PRIMARY'
Warning	1062	Duplicate entry '247' for key 'order_.PRIMARY'
Warning	1062	Duplicate entry '248' for key 'order_.PRIMARY'
Warning	1062	Duplicate entry '249' for key 'order_.PRIMARY'
Warning	1062	Duplicate entry '250' for key 'order_.PRIMARY'
Warning	1062	Duplicate entry '251' for key 'order_.PRIMARY'
Warning	1062	Duplicate entry '252' for key 'order_.PRIMARY'
Warning	1062	Duplicate entry '253' for key 'order_.PRIMARY'
Warning	1062	Duplicate entry '254' for key 'order_.PRIMARY'
Warning	1062	Duplicate entry '255' for key 'order_.PRIMARY'
Warning	1062	Duplicate entry '256' for key 'order_.PRIMARY'
Warning	1062	Duplicate entry '257' for key 'order_.PRIMARY'
Warning	1062	Duplicate entry '258' for key 'order_.PRIMARY'
Warning	1062	Duplicate entry '259' for key 'order_.PRIMARY'
Warning	1062	Duplicate entry '260' for key 'order_.PRIMARY'
Warning	1062	Duplicate entry '261' for key 'order_.PRIMARY'
Warning	1062	Duplicate entry '262' for key 'order_.PRIMARY'
Warning	1062	Duplicate entry '263' for key 'order_.PRIMARY'
Warning	1062	Duplicate entry '264' for key 'order_.PRIMARY'
Warning	1062	Duplicate entry '265' for key 'order_.PRIMARY'
Warning	1062	Duplicate entry '266' for key 'order_.PRIMARY'
Warning	1062	Duplicate entry '267' for key 'order_.PRIMARY'
Warning	1062	Duplicate entry '268' for key 'order_.PRIMARY'
Warning	1062	Duplicate entry '269' for key 'order_.PRIMARY'
Warning	1062	Duplicate entry '270' for key 'order_.PRIMARY'
Warning	1062	Duplicate entry '271' for key 'order_.PRIMARY'
Warning	1062	Duplicate entry '272' for key 'order_.PRIMARY'
Warning	1062	Duplicate entry '273' for key 'order_.PRIMARY'
Warning	1062	Duplicate entry '274' for key 'order_.PRIMARY'
Warning	1062	Duplicate entry '275' for key 'order_.PRIMARY'
Warning	1062	Duplicate entry '276' for key 'order_.PRIMARY'
Warning	1062	Duplicate entry '277' for key 'order_.PRIMARY'
Warning	1062	Duplicate entry '278' for key 'order_.PRIMARY'
Warning	1062	Duplicate entry '279' for key 'order_.PRIMARY'
Warning	1062	Duplicate entry '280' for key 'order_.PRIMARY'
Warning	1062	Duplicate entry '281' for key 'order_.PRIMARY'
Warning	1062	Duplicate entry '282' for key 'order_.PRIMARY'
Warning	1062	Duplicate entry '283' for key 'order_.PRIMARY'
Warning	1062	Duplicate entry '284' for key 'order_.PRIMARY'
Warning	1062	Duplicate entry '285' for key 'order_.PRIMARY'
Warning	1062	Duplicate entry '286' for key 'order_.PRIMARY'
Warning	1062	Duplicate entry '287' for key 'order_.PRIMARY'
Warning	1062	Duplicate entry '288' for key 'order_.PRIMARY'
Warning	1062	Duplicate entry '289' for key 'order_.PRIMARY'
Warning	1062	Duplicate entry '290' for key 'order_.PRIMARY'
Warning	1062	Duplicate entry '291' for key 'order_.PRIMARY'
Warning	1062	Duplicate entry '292' for key 'order_.PRIMARY'
Warning	1062	Duplicate entry '293' for key 'order_.PRIMARY'
Warning	1062	Duplicate entry '294' for key 'order_.PRIMARY'
Warning	1062	Duplicate entry '295' for key 'order_.PRIMARY'
Warning	1062	Duplicate entry '296' for key 'order_.PRIMARY'
Warning	1062	Duplicate entry '297' for key 'order_.PRIMARY'
Warning	1062	Duplicate entry '298' for key 'order_.PRIMARY'
Warning	1062	Duplicate entry '299' for key 'order_.PRIMARY'
Warning	1062	Duplicate entry '300' for key 'order_.PRIMARY'
Warning	1062	Duplicate entry '301' for key 'order_.PRIMARY'
Warning	1062	Duplicate entry '302' for key 'order_.PRIMARY'
Warning	1062	Duplicate entry '303' for key 'order_.PRIMARY'
Warning	1062	Duplicate entry '304' for key 'order_.PRIMARY'
Warning	1062	Duplicate entry '305' for key 'order_.PRIMARY'
Warning	1062	Duplicate entry '306' for key 'order_.PRIMARY'
Warning	1062	Duplicate entry '307' for key 'order_.PRIMARY'
Warning	1062	Duplicate entry '308' for key 'order_.PRIMARY'
Warning	1062	Duplicate entry '309' for key 'order_.PRIMARY'
Warning	1062	Duplicate entry '310' for key 'order_.PRIMARY'
Warning	1062	Duplicate entry '311' for key 'order_.PRIMARY'
Warning	1062	Duplicate entry '312' for key 'order_.PRIMARY'
Warning	1062	Duplicate entry '313' for key 'order_.PRIMARY'
Warning	1062	Duplicate entry '314' for key 'order_.PRIMARY'
Warning	1062	Duplicate entry '315' for key 'order_.PRIMARY'
Warning	1062	Duplicate entry '316' for key 'order_.PRIMARY'
Warning	1062	Duplicate entry '317' for key 'order_.PRIMARY'
Warning	1062	Duplicate entry '318' for key 'order_.PRIMARY'
Warning	1062	Duplicate entry '319' for key 'order_.PRIMARY'
Warning	1062	Duplicate entry '320' for key 'order_.PRIMARY'
Warning	1062	Duplicate entry '321' for key 'order_.PRIMARY'
Warning	1062	Duplicate entry '322' for key 'order_.PRIMARY'
Warning	1062	Duplicate entry '323' for key 'order_.PRIMARY'
Warning	1062	Duplicate entry '324' for key 'order_.PRIMARY'
Warning	1062	Duplicate entry '325' for key 'order_.PRIMARY'
Warning	1062	Duplicate entry '326' for key 'order_.PRIMARY'
Warning	1062	Duplicate entry '327' for key 'order_.PRIMARY'
Warning	1062	Duplicate entry '328' for key 'order_.PRIMARY'
Warning	1062	Duplicate entry '329' for key 'order_.PRIMARY'
Warning	1062	Duplicate entry '330' for key 'order_.PRIMARY'
Warning	1062	Duplicate entry '331' for key 'order_.PRIMARY'
Warning	1062	Duplicate entry '332' for key 'order_.PRIMARY'
Warning	1062	Duplicate entry '333' for key 'order_.PRIMARY'
Warning	1062	Duplicate entry '334' for key 'order_.PRIMARY'
Warning	1062	Duplicate entry '335' for key 'order_.PRIMARY'
Warning	1062	Duplicate entry '336' for key 'order_.PRIMARY'
Warning	1062	Duplicate entry '337' for key 'order_.PRIMARY'
Warning	1062	Duplicate entry '338' for key 'order_.PRIMARY'
Warning	1062	Duplicate entry '339' for key 'order_.PRIMARY'
Warning	1062	Duplicate entry '340' for key 'order_.PRIMARY'
Warning	1062	Duplicate entry '341' for key 'order_.PRIMARY'
Warning	1062	Duplicate entry '342' for key 'order_.PRIMARY'
Warning	1062	Duplicate entry '343' for key 'order_.PRIMARY'
Warning	1062	Duplicate entry '344' for key 'order_.PRIMARY'
Warning	1062	Duplicate entry '345' for key 'order_.PRIMARY'
Warning	1062	Duplicate entry '346' for key 'order_.PRIMARY'
Warning	1062	Duplicate entry '347' for key 'order_.PRIMARY'
Warning	1062	Duplicate entry '348' for key 'order_.PRIMARY'
Warning	1062	Duplicate entry '349' for key 'order_.PRIMARY'
Warning	1062	Duplicate entry '350' for key 'order_.PRIMARY'
Warning	1062	Duplicate entry '351' for key 'order_.PRIMARY'
Warning	1062	Duplicate entry '352' for key 'order_.PRIMARY'
Warning	1062	Duplicate entry '353' for key 'order_.PRIMARY'
Warning	1062	Duplicate entry '354' for key 'order_.PRIMARY'
Warning	1062	Duplicate entry '355' for key 'order_.PRIMARY'
Warning	1062	Duplicate entry '356' for key 'order_.PRIMARY'
Warning	1062	Duplicate entry '357' for key 'order_.PRIMARY'
Warning	1062	Duplicate entry '358' for key 'order_.PRIMARY'
Warning	1062	Duplicate entry '359' for key 'order_.PRIMARY'
Warning	1062	Duplicate entry '360' for key 'order_.PRIMARY'
Warning	1062	Duplicate entry '361' for key 'order_.PRIMARY'
Warning	1062	Duplicate entry '362' for key 'order_.PRIMARY'
Warning	1062	Duplicate entry '363' for key 'order_.PRIMARY'
Warning	1062	Duplicate entry '364' for key 'order_.PRIMARY'
Warning	1062	Duplicate entry '365' for key 'order_.PRIMARY'
Warning	1062	Duplicate entry '366' for key 'order_.PRIMARY'
Warning	1062	Duplicate entry '367' for key 'order_.PRIMARY'
Warning	1062	Duplicate entry '368' for key 'order_.PRIMARY'
Warning	1062	Duplicate entry '369' for key 'order_.PRIMARY'
Warning	1062	Duplicate entry '370' for key 'order_.PRIMARY'
Warning	1062	Duplicate entry '371' for key 'order_.PRIMARY'
Warning	1062	Duplicate entry '372' for key 'order_.PRIMARY'
Warning	1062	Duplicate entry '373' for key 'order_.PRIMARY'
Warning	1062	Duplicate entry '374' for key 'order_.PRIMARY'
Warning	1062	Duplicate entry '375' for key 'order_.PRIMARY'
Warning	1062	Duplicate entry '376' for key 'order_.PRIMARY'
Warning	1062	Duplicate entry '377' for key 'order_.PRIMARY'
Warning	1062	Duplicate entry '378' for key 'order_.PRIMARY'
Warning	1062	Duplicate entry '379' for key 'order_.PRIMARY'
Warning	1062	Duplicate entry '380' for key 'order_.PRIMARY'
Warning	1062	Duplicate entry '381' for key 'order_.PRIMARY'
Warning	1062	Duplicate entry '382' for key 'order_.PRIMARY'
Warning	1062	Duplicate entry '383' for key 'order_.PRIMARY'
Warning	1062	Duplicate entry '384' for key 'order_.PRIMARY'
Warning	1062	Duplicate entry '385' for key 'order_.PRIMARY'
Warning	1062	Duplicate entry '386' for key 'order_.PRIMARY'
Warning	1062	Duplicate entry '387' for key 'order_.PRIMARY'
Warning	1062	Duplicate entry '388' for key 'order_.PRIMARY'
Warning	1062	Duplicate entry '389' for key 'order_.PRIMARY'
Warning	1062	Duplicate entry '390' for key 'order_.PRIMARY'
Warning	1062	Duplicate entry '391' for key 'order_.PRIMARY'
Warning	1062	Duplicate entry '392' for key 'order_.PRIMARY'
Warning	1062	Duplicate entry '393' for key 'order_.PRIMARY'
Warning	1062	Duplicate entry '394' for key 'order_.PRIMARY'
Warning	1062	Duplicate entry '395' for key 'order_.PRIMARY'
Warning	1062	Duplicate entry '396' for key 'order_.PRIMARY'
Warning	1062	Duplicate entry '397' for key 'order_.PRIMARY'
Warning	1062	Duplicate entry '398' for key 'order_.PRIMARY'
Warning	1062	Duplicate entry '399' for key 'order_.PRIMARY'
Warning	1062	Duplicate entry '400' for key 'order_.PRIMARY'
Warning	1062	Duplicate entry '401' for key 'order_.PRIMARY'
Warning	1062	Duplicate entry '402' for key 'order_.PRIMARY'
Warning	1062	Duplicate entry '403' for key 'order_.PRIMARY'
Warning	1062	Duplicate entry '404' for key 'order_.PRIMARY'
Warning	1062	Duplicate entry '405' for key 'order_.PRIMARY'
Warning	1062	Duplicate entry '406' for key 'order_.PRIMARY'
Warning	1062	Duplicate entry '407' for key 'order_.PRIMARY'
Warning	1062	Duplicate entry '408' for key 'order_.PRIMARY'
Warning	1062	Duplicate entry '409' for key 'order_.PRIMARY'
Warning	1062	Duplicate entry '410' for key 'order_.PRIMARY'
Warning	1062	Duplicate entry '411' for key 'order_.PRIMARY'
Warning	1062	Duplicate entry '412' for key 'order_.PRIMARY'
Warning	1062	Duplicate entry '413' for key 'order_.PRIMARY'
Warning	1062	Duplicate entry '414' for key 'order_.PRIMARY'
Warning	1062	Duplicate entry '415' for key 'order_.PRIMARY'
Warning	1062	Duplicate entry '416' for key 'order_.PRIMARY'
Warning	1062	Duplicate entry '417' for key 'order_.PRIMARY'
Warning	1062	Duplicate entry '418' for key 'order_.PRIMARY'
Warning	1062	Duplicate entry '419' for key 'order_.PRIMARY'
Warning	1062	Duplicate entry '420' for key 'order_.PRIMARY'
Warning	1062	Duplicate entry '421' for key 'order_.PRIMARY'
Warning	1062	Duplicate entry '422' for key 'order_.PRIMARY'
Warning	1062	Duplicate entry '423' for key 'order_.PRIMARY'
Warning	1062	Duplicate entry '424' for key 'order_.PRIMARY'
Warning	1062	Duplicate entry '425' for key 'order_.PRIMARY'
Warning	1062	Duplicate entry '426' for key 'order_.PRIMARY'
Warning	1062	Duplicate entry '427' for key 'order_.PRIMARY'
Warning	1062	Duplicate entry '428' for key 'order_.PRIMARY'
Warning	1062	Duplicate entry '429' for key 'order_.PRIMARY'
Warning	1062	Duplicate entry '430' for key 'order_.PRIMARY'
Warning	1062	Duplicate entry '431' for key 'order_.PRIMARY'
Warning	1062	Duplicate entry '432' for key 'order_.PRIMARY'
Warning	1062	Duplicate entry '433' for key 'order_.PRIMARY'
Warning	1062	Duplicate entry '434' for key 'order_.PRIMARY'
Warning	1062	Duplicate entry '435' for key 'order_.PRIMARY'
Warning	1062	Duplicate entry '436' for key 'order_.PRIMARY'
Warning	1062	Duplicate entry '437' for key 'order_.PRIMARY'
Warning	1062	Duplicate entry '438' for key 'order_.PRIMARY'
Warning	1062	Duplicate entry '439' for key 'order_.PRIMARY'
Warning	1062	Duplicate entry '440' for key 'order_.PRIMARY'
Warning	1062	Duplicate entry '441' for key 'order_.PRIMARY'
Warning	1062	Duplicate entry '442' for key 'order_.PRIMARY'
Warning	1062	Duplicate entry '443' for key 'order_.PRIMARY'
Warning	1062	Duplicate entry '444' for key 'order_.PRIMARY'
Warning	1062	Duplicate entry '445' for key 'order_.PRIMARY'
Warning	1062	Duplicate entry '446' for key 'order_.PRIMARY'
Warning	1062	Duplicate entry '447' for key 'order_.PRIMARY'
Warning	1062	Duplicate entry '448' for key 'order_.PRIMARY'
Warning	1062	Duplicate entry '449' for key 'order_.PRIMARY'
Warning	1062	Duplicate entry '450' for key 'order_.PRIMARY'
Warning	1062	Duplicate entry '451' for key 'order_.PRIMARY'
Warning	1062	Duplicate entry '452' for key 'order_.PRIMARY'
Warning	1062	Duplicate entry '453' for key 'order_.PRIMARY'
Warning	1062	Duplicate entry '454' for key 'order_.PRIMARY'
Warning	1062	Duplicate entry '455' for key 'order_.PRIMARY'
Warning	1062	Duplicate entry '456' for key 'order_.PRIMARY'
Warning	1062	Duplicate entry '457' for key 'order_.PRIMARY'
Warning	1062	Duplicate entry '458' for key 'order_.PRIMARY'
Warning	1062	Duplicate entry '459' for key 'order_.PRIMARY'
Warning	1062	Duplicate entry '460' for key 'order_.PRIMARY'
Warning	1062	Duplicate entry '461' for key 'order_.PRIMARY'
Warning	1062	Duplicate entry '462' for key 'order_.PRIMARY'
Warning	1062	Duplicate entry '463' for key 'order_.PRIMARY'
Warning	1062	Duplicate entry '464' for key 'order_.PRIMARY'
Warning	1062	Duplicate entry '465' for key 'order_.PRIMARY'
Warning	1062	Duplicate entry '466' for key 'order_.PRIMARY'
Warning	1062	Duplicate entry '467' for key 'order_.PRIMARY'
Warning	1062	Duplicate entry '468' for key 'order_.PRIMARY'
Warning	1062	Duplicate entry '469' for key 'order_.PRIMARY'
Warning	1062	Duplicate entry '470' for key 'order_.PRIMARY'
Warning	1062	Duplicate entry '471' for key 'order_.PRIMARY'
Warning	1062	Duplicate entry '472' for key 'order_.PRIMARY'
Warning	1062	Duplicate entry '473' for key 'order_.PRIMARY'
Warning	1062	Duplicate entry '474' for key 'order_.PRIMARY'
Warning	1062	Duplicate entry '475' for key 'order_.PRIMARY'
Warning	1062	Duplicate entry '476' for key 'order_.PRIMARY'
Warning	1062	Duplicate entry '477' for key 'order_.PRIMARY'
Warning	1062	Duplicate entry '478' for key 'order_.PRIMARY'
Warning	1062	Duplicate entry '479' for key 'order_.PRIMARY'
Warning	1062	Duplicate entry '480' for key 'order_.PRIMARY'
Warning	1062	Duplicate entry '481' for key 'order_.PRIMARY'
Warning	1062	Duplicate entry '482' for key 'order_.PRIMARY'
Warning	1062	Duplicate entry '483' for key 'order_.PRIMARY'
Warning	1062	Duplicate entry '484' for key 'order_.PRIMARY'
Warning	1062	Duplicate entry '485' for key 'order_.PRIMARY'
Warning	1062	Duplicate entry '486' for key 'order_.PRIMARY'
Warning	1062	Duplicate entry '487' for key 'order_.PRIMARY'
Warning	1062	Duplicate entry '488' for key 'order_.PRIMARY'
Warning	1062	Duplicate entry '489' for key 'order_.PRIMARY'
Warning	1062	Duplicate entry '490' for key 'order_.PRIMARY'
Warning	1062	Duplicate entry '491' for key 'order_.PRIMARY'
Warning	1062	Duplicate entry '492' for key 'order_.PRIMARY'
Warning	1062	Duplicate entry '493' for key 'order_.PRIMARY'
Warning	1062	Duplicate entry '494' for key 'order_.PRIMARY'
Warning	1062	Duplicate entry '495' for key 'order_.PRIMARY'
Warning	1062	Duplicate entry '496' for key 'order_.PRIMARY'
Warning	1062	Duplicate entry '497' for key 'order_.PRIMARY'
Warning	1062	Duplicate entry '498' for key 'order_.PRIMARY'
Warning	1062	Duplicate entry '499' for key 'order_.PRIMARY'
Warning	1062	Duplicate entry '500' for key 'order_.PRIMARY'
Warning	1062	Duplicate entry '501' for key 'order_.PRIMARY'
Warning	1062	Duplicate entry '502' for key 'order_.PRIMARY'
Warning	1062	Duplicate entry '503' for key 'order_.PRIMARY'
Warning	1062	Duplicate entry '504' for key 'order_.PRIMARY'
Warning	1062	Duplicate entry '505' for key 'order_.PRIMARY'
Warning	1062	Duplicate entry '506' for key 'order_.PRIMARY'
Warning	1062	Duplicate entry '507' for key 'order_.PRIMARY'
Warning	1062	Duplicate entry '508' for key 'order_.PRIMARY'
Warning	1062	Duplicate entry '509' for key 'order_.PRIMARY'
Warning	1062	Duplicate entry '510' for key 'order_.PRIMARY'
Warning	1062	Duplicate entry '511' for key 'order_.PRIMARY'
Warning	1062	Duplicate entry '512' for key 'order_.PRIMARY'
Warning	1062	Duplicate entry '513' for key 'order_.PRIMARY'
Warning	1062	Duplicate entry '514' for key 'order_.PRIMARY'
Warning	1062	Duplicate entry '515' for key 'order_.PRIMARY'
Warning	1062	Duplicate entry '516' for key 'order_.PRIMARY'
Warning	1062	Duplicate entry '517' for key 'order_.PRIMARY'
Warning	1062	Duplicate entry '518' for key 'order_.PRIMARY'
Warning	1062	Duplicate entry '519' for key 'order_.PRIMARY'
Warning	1062	Duplicate entry '520' for key 'order_.PRIMARY'
Warning	1062	Duplicate entry '521' for key 'order_.PRIMARY'
Warning	1062	Duplicate entry '522' for key 'order_.PRIMARY'
Warning	1062	Duplicate entry '523' for key 'order_.PRIMARY'
Warning	1062	Duplicate entry '524' for key 'order_.PRIMARY'
Warning	1062	Duplicate entry '525' for key 'order_.PRIMARY'
Warning	1062	Duplicate entry '526' for key 'order_.PRIMARY'
Warning	1062	Duplicate entry '527' for key 'order_.PRIMARY'
Warning	1062	Duplicate entry '528' for key 'order_.PRIMARY'
Warning	1062	Duplicate entry '529' for key 'order_.PRIMARY'
Warning	1062	Duplicate entry '530' for key 'order_.PRIMARY'
Warning	1062	Duplicate entry '531' for key 'order_.PRIMARY'
Warning	1062	Duplicate entry '532' for key 'order_.PRIMARY'
Warning	1062	Duplicate entry '533' for key 'order_.PRIMARY'
Warning	1062	Duplicate entry '534' for key 'order_.PRIMARY'
Warning	1062	Duplicate entry '535' for key 'order_.PRIMARY'
Warning	1062	Duplicate entry '536' for key 'order_.PRIMARY'
Warning	1062	Duplicate entry '537' for key 'order_.PRIMARY'
Warning	1062	Duplicate entry '538' for key 'order_.PRIMARY'
Warning	1062	Duplicate entry '539' for key 'order_.PRIMARY'
Warning	1062	Duplicate entry '540' for key 'order_.PRIMARY'
Warning	1062	Duplicate entry '541' for key 'order_.PRIMARY'
Warning	1062	Duplicate entry '542' for key 'order_.PRIMARY'
Warning	1062	Duplicate entry '543' for key 'order_.PRIMARY'
Warning	1062	Duplicate entry '544' for key 'order_.PRIMARY'
Warning	1062	Duplicate entry '545' for key 'order_.PRIMARY'
Warning	1062	Duplicate entry '546' for key 'order_.PRIMARY'
Warning	1062	Duplicate entry '547' for key 'order_.PRIMARY'
Warning	1062	Duplicate entry '548' for key 'order_.PRIMARY'
Warning	1062	Duplicate entry '549' for key 'order_.PRIMARY'
Warning	1062	Duplicate entry '550' for key 'order_.PRIMARY'
Warning	1062	Duplicate entry '551' for key 'order_.PRIMARY'
Warning	1062	Duplicate entry '552' for key 'order_.PRIMARY'
Warning	1062	Duplicate entry '553' for key 'order_.PRIMARY'
Warning	1062	Duplicate entry '554' for key 'order_.PRIMARY'
Warning	1062	Duplicate entry '555' for key 'order_.PRIMARY'
Warning	1062	Duplicate entry '556' for key 'order_.PRIMARY'
Warning	1062	Duplicate entry '557' for key 'order_.PRIMARY'
Warning	1062	Duplicate entry '558' for key 'order_.PRIMARY'
Warning	1062	Duplicate entry '559' for key 'order_.PRIMARY'
Warning	1062	Duplicate entry '560' for key 'order_.PRIMARY'
Warning	1062	Duplicate entry '561' for key 'order_.PRIMARY'
Warning	1062	Duplicate entry '562' for key 'order_.PRIMARY'
Warning	1062	Duplicate entry '563' for key 'order_.PRIMARY'
Warning	1062	Duplicate entry '564' for key 'order_.PRIMARY'
Warning	1062	Duplicate entry '565' for key 'order_.PRIMARY'
Warning	1062	Duplicate entry '566' for key 'order_.PRIMARY'
Warning	1062	Duplicate entry '567' for key 'order_.PRIMARY'
Warning	1062	Duplicate entry '568' for key 'order_.PRIMARY'
Warning	1062	Duplicate entry '569' for key 'order_.PRIMARY'
Warning	1062	Duplicate entry '570' for key 'order_.PRIMARY'
Warning	1062	Duplicate entry '571' for key 'order_.PRIMARY'
Warning	1062	Duplicate entry '572' for key 'order_.PRIMARY'
Warning	1062	Duplicate entry '573' for key 'order_.PRIMARY'
Warning	1062	Duplicate entry '574' for key 'order_.PRIMARY'
Warning	1062	Duplicate entry '575' for key 'order_.PRIMARY'
Warning	1062	Duplicate entry '576' for key 'order_.PRIMARY'
Warning	1062	Duplicate entry '577' for key 'order_.PRIMARY'
Warning	1062	Duplicate entry '578' for key 'order_.PRIMARY'
Warning	1062	Duplicate entry '579' for key 'order_.PRIMARY'
Warning	1062	Duplicate entry '580' for key 'order_.PRIMARY'
Warning	1062	Duplicate entry '581' for key 'order_.PRIMARY'
Warning	1062	Duplicate entry '582' for key 'order_.PRIMARY'
Warning	1062	Duplicate entry '583' for key 'order_.PRIMARY'
Warning	1062	Duplicate entry '584' for key 'order_.PRIMARY'
Warning	1062	Duplicate entry '585' for key 'order_.PRIMARY'
Warning	1062	Duplicate entry '586' for key 'order_.PRIMARY'
Warning	1062	Duplicate entry '587' for key 'order_.PRIMARY'
Warning	1062	Duplicate entry '588' for key 'order_.PRIMARY'
Warning	1062	Duplicate entry '589' for key 'order_.PRIMARY'
Warning	1062	Duplicate entry '590' for key 'order_.PRIMARY'
Warning	1062	Duplicate entry '591' for key 'order_.PRIMARY'
Warning	1062	Duplicate entry '592' for key 'order_.PRIMARY'
Warning	1062	Duplicate entry '593' for key 'order_.PRIMARY'
Warning	1062	Duplicate entry '594' for key 'order_.PRIMARY'
Warning	1062	Duplicate entry '595' for key 'order_.PRIMARY'
Warning	1062	Duplicate entry '596' for key 'order_.PRIMARY'
Warning	1062	Duplicate entry '597' for key 'order_.PRIMARY'
Warning	1062	Duplicate entry '598' for key 'order_.PRIMARY'
Warning	1062	Duplicate entry '599' for key 'order_.PRIMARY'
Warning	1062	Duplicate entry '600' for key 'order_.PRIMARY'
Warning	1062	Duplicate entry '601' for key 'order_.PRIMARY'
Warning	1062	Duplicate entry '602' for key 'order_.PRIMARY'
Warning	1062	Duplicate entry '603' for key 'order_.PRIMARY'
Warning	1062	Duplicate entry '604' for key 'order_.PRIMARY'
Warning	1062	Duplicate entry '605' for key 'order_.PRIMARY'
Warning	1062	Duplicate entry '606' for key 'order_.PRIMARY'
Warning	1062	Duplicate entry '607' for key 'order_.PRIMARY'
Warning	1062	Duplicate entry '608' for key 'order_.PRIMARY'
Warning	1062	Duplicate entry '609' for key 'order_.PRIMARY'
Warning	1062	Duplicate entry '610' for key 'order_.PRIMARY'
Warning	1062	Duplicate entry '611' for key 'order_.PRIMARY'
Warning	1062	Duplicate entry '612' for key 'order_.PRIMARY'
Warning	1062	Duplicate entry '613' for key 'order_.PRIMARY'
Warning	1062	Duplicate entry '614' for key 'order_.PRIMARY'
Warning	1062	Duplicate entry '615' for key 'order_.PRIMARY'
Warning	1062	Duplicate entry '616' for key 'order_.PRIMARY'
Warning	1062	Duplicate entry '617' for key 'order_.PRIMARY'
Warning	1062	Duplicate entry '618' for key 'order_.PRIMARY'
Warning	1062	Duplicate entry '619' for key 'order_.PRIMARY'
Warning	1062	Duplicate entry '620' for key 'order_.PRIMARY'
Warning	1062	Duplicate entry '621' for key 'order_.PRIMARY'
Warning	1062	Duplicate entry '622' for key 'order_.PRIMARY'
Warning	1062	Duplicate entry '623' for key 'order_.PRIMARY'
Warning	1062	Duplicate entry '624' for key 'order_.PRIMARY'
Warning	1062	Duplicate entry '625' for key 'order_.PRIMARY'
Warning	1062	Duplicate entry '626' for key 'order_.PRIMARY'
Warning	1062	Duplicate entry '627' for key 'order_.PRIMARY'
Warning	1062	Duplicate entry '628' for key 'order_.PRIMARY'
Warning	1062	Duplicate entry '629' for key 'order_.PRIMARY'
Warning	1062	Duplicate entry '630' for key 'order_.PRIMARY'
Warning	1062	Duplicate entry '631' for key 'order_.PRIMARY'
Warning	1062	Duplicate entry '632' for key 'order_.PRIMARY'
Warning	1062	Duplicate entry '633' for key 'order_.PRIMARY'
Warning	1062	Duplicate entry '634' for key 'order_.PRIMARY'
Warning	1062	Duplicate entry '635' for key 'order_.PRIMARY'
Warning	1062	Duplicate entry '636' for key 'order_.PRIMARY'
Warning	1062	Duplicate entry '637' for key 'order_.PRIMARY'
Warning	1062	Duplicate entry '638' for key 'order_.PRIMARY'
Warning	1062	Duplicate entry '639' for key 'order_.PRIMARY'
Warning	1062	Duplicate entry '640' for key 'order_.PRIMARY'
Warning	1062	Duplicate entry '641' for key 'order_.PRIMARY'
Warning	1062	Duplicate entry '642' for key 'order_.PRIMARY'
Warning	1062	Duplicate entry '643' for key 'order_.PRIMARY'
Warning	1062	Duplicate entry '644' for key 'order_.PRIMARY'
Warning	1062	Duplicate entry '645' for key 'order_.PRIMARY'
Warning	1062	Duplicate entry '646' for key 'order_.PRIMARY'
Warning	1062	Duplicate entry '647' for key 'order_.PRIMARY'
Warning	1062	Duplicate entry '648' for key 'order_.PRIMARY'
Warning	1062	Duplicate entry '649' for key 'order_.PRIMARY'
Warning	1062	Duplicate entry '650' for key 'order_.PRIMARY'
Warning	1062	Duplicate entry '651' for key 'order_.PRIMARY'
Warning	1062	Duplicate entry '652' for key 'order_.PRIMARY'
Warning	1062	Duplicate entry '653' for key 'order_.PRIMARY'
Warning	1062	Duplicate entry '654' for key 'order_.PRIMARY'
Warning	1062	Duplicate entry '655' for key 'order_.PRIMARY'
Warning	1062	Duplicate entry '656' for key 'order_.PRIMARY'
Warning	1062	Duplicate entry '657' for key 'order_.PRIMARY'
Warning	1062	Duplicate entry '658' for key 'order_.PRIMARY'
Warning	1062	Duplicate entry '659' for key 'order_.PRIMARY'
Warning	1062	Duplicate entry '660' for key 'order_.PRIMARY'
Warning	1062	Duplicate entry '661' for key 'order_.PRIMARY'
Warning	1062	Duplicate entry '662' for key 'order_.PRIMARY'
Warning	1062	Duplicate entry '663' for key 'order_.PRIMARY'
Warning	1062	Duplicate entry '664' for key 'order_.PRIMARY'
Warning	1062	Duplicate entry '665' for key 'order_.PRIMARY'
Warning	1062	Duplicate entry '666' for key 'order_.PRIMARY'
Warning	1062	Duplicate entry '667' for key 'order_.PRIMARY'
Warning	1062	Duplicate entry '668' for key 'order_.PRIMARY'
Warning	1062	Duplicate entry '669' for key 'order_.PRIMARY'
Warning	1062	Duplicate entry '670' for key 'order_.PRIMARY'
Warning	1062	Duplicate entry '671' for key 'order_.PRIMARY'
Warning	1062	Duplicate entry '672' for key 'order_.PRIMARY'
Warning	1062	Duplicate entry '673' for key 'order_.PRIMARY'
Warning	1062	Duplicate entry '674' for key 'order_.PRIMARY'
Warning	1062	Duplicate entry '675' for key 'order_.PRIMARY'
Warning	1062	Duplicate entry '676' for key 'order_.PRIMARY'
Warning	1062	Duplicate entry '677' for key 'order_.PRIMARY'
Warning	1062	Duplicate entry '678' for key 'order_.PRIMARY'
Warning	1062	Duplicate entry '679' for key 'order_.PRIMARY'
Warning	1062	Duplicate entry '680' for key 'order_.PRIMARY'
Warning	1062	Duplicate entry '681' for key 'order_.PRIMARY'
Warning	1062	Duplicate entry '682' for key 'order_.PRIMARY'
Warning	1062	Duplicate entry '683' for key 'order_.PRIMARY'
Warning	1062	Duplicate entry '684' for key 'order_.PRIMARY'
Warning	1062	Duplicate entry '685' for key 'order_.PRIMARY'
Warning	1062	Duplicate entry '686' for key 'order_.PRIMARY'
Warning	1062	Duplicate entry '687' for key 'order_.PRIMARY'
Warning	1062	Duplicate entry '688' for key 'order_.PRIMARY'
Warning	1062	Duplicate entry '689' for key 'order_.PRIMARY'
Warning	1062	Duplicate entry '690' for key 'order_.PRIMARY'
Warning	1062	Duplicate entry '691' for key 'order_.PRIMARY'
Warning	1062	Duplicate entry '692' for key 'order_.PRIMARY'
Warning	1062	Duplicate entry '693' for key 'order_.PRIMARY'
Warning	1062	Duplicate entry '694' for key 'order_.PRIMARY'
Warning	1062	Duplicate entry '695' for key 'order_.PRIMARY'
Warning	1062	Duplicate entry '696' for key 'order_.PRIMARY'
Warning	1062	Duplicate entry '697' for key 'order_.PRIMARY'
Warning	1062	Duplicate entry '698' for key 'order_.PRIMARY'
Warning	1062	Duplicate entry '699' for key 'order_.PRIMARY'
Warning	1062	Duplicate entry '700' for key 'order_.PRIMARY'
Warning	1062	Duplicate entry '701' for key 'order_.PRIMARY'
Warning	1062	Duplicate entry '702' for key 'order_.PRIMARY'
Warning	1062	Duplicate entry '703' for key 'order_.PRIMARY'
Warning	1062	Duplicate entry '704' for key 'order_.PRIMARY'
Warning	1062	Duplicate entry '705' for key 'order_.PRIMARY'
Warning	1062	Duplicate entry '706' for key 'order_.PRIMARY'
Warning	1062	Duplicate entry '707' for key 'order_.PRIMARY'
Warning	1062	Duplicate entry '708' for key 'order_.PRIMARY'
Warning	1062	Duplicate entry '709' for key 'order_.PRIMARY'
Warning	1062	Duplicate entry '710' for key 'order_.PRIMARY'
Warning	1062	Duplicate entry '711' for key 'order_.PRIMARY'
Warning	1062	Duplicate entry '712' for key 'order_.PRIMARY'
Warning	1062	Duplicate entry '713' for key 'order_.PRIMARY'
Warning	1062	Duplicate entry '714' for key 'order_.PRIMARY'
Warning	1062	Duplicate entry '715' for key 'order_.PRIMARY'
Warning	1062	Duplicate entry '716' for key 'order_.PRIMARY'
Warning	1062	Duplicate entry '717' for key 'order_.PRIMARY'
Warning	1062	Duplicate entry '718' for key 'order_.PRIMARY'
Warning	1062	Duplicate entry '719' for key 'order_.PRIMARY'
Warning	1062	Duplicate entry '720' for key 'order_.PRIMARY'
Warning	1062	Duplicate entry '721' for key 'order_.PRIMARY'
Warning	1062	Duplicate entry '722' for key 'order_.PRIMARY'
Warning	1062	Duplicate entry '723' for key 'order_.PRIMARY'
Warning	1062	Duplicate entry '724' for key 'order_.PRIMARY'
Warning	1062	Duplicate entry '725' for key 'order_.PRIMARY'
Warning	1062	Duplicate entry '726' for key 'order_.PRIMARY'
Warning	1062	Duplicate entry '727' for key 'order_.PRIMARY'
Warning	1062	Duplicate entry '728' for key 'order_.PRIMARY'
Warning	1062	Duplicate entry '729' for key 'order_.PRIMARY'
Warning	1062	Duplicate entry '730' for key 'order_.PRIMARY'
Warning	1062	Duplicate entry '731' for key 'order_.PRIMARY'
Warning	1062	Duplicate entry '732' for key 'order_.PRIMARY'
Warning	1062	Duplicate entry '733' for key 'order_.PRIMARY'
Warning	1062	Duplicate entry '734' for key 'order_.PRIMARY'
Warning	1062	Duplicate entry '735' for key 'order_.PRIMARY'
Warning	1062	Duplicate entry '736' for key 'order_.PRIMARY'
Warning	1062	Duplicate entry '737' for key 'order_.PRIMARY'
Warning	1062	Duplicate entry '738' for key 'order_.PRIMARY'
Warning	1062	Duplicate entry '739' for key 'order_.PRIMARY'
Warning	1062	Duplicate entry '740' for key 'order_.PRIMARY'
Warning	1062	Duplicate entry '741' for key 'order_.PRIMARY'
Warning	1062	Duplicate entry '742' for key 'order_.PRIMARY'
Warning	1062	Duplicate entry '743' for key 'order_.PRIMARY'
Warning	1062	Duplicate entry '744' for key 'order_.PRIMARY'
Warning	1062	Duplicate entry '745' for key 'order_.PRIMARY'
Warning	1062	Duplicate entry '746' for key 'order_.PRIMARY'
Warning	1062	Duplicate entry '747' for key 'order_.PRIMARY'
Warning	1062	Duplicate entry '748' for key 'order_.PRIMARY'
Warning	1062	Duplicate entry '749' for key 'order_.PRIMARY'
Warning	1062	Duplicate entry '750' for key 'order_.PRIMARY'
Warning	1062	Duplicate entry '751' for key 'order_.PRIMARY'
Warning	1062	Duplicate entry '752' for key 'order_.PRIMARY'
Warning	1062	Duplicate entry '753' for key 'order_.PRIMARY'
Warning	1062	Duplicate entry '754' for key 'order_.PRIMARY'
Warning	1062	Duplicate entry '755' for key 'order_.PRIMARY'
Warning	1062	Duplicate entry '756' for key 'order_.PRIMARY'
Warning	1062	Duplicate entry '757' for key 'order_.PRIMARY'
Warning	1062	Duplicate entry '758' for key 'order_.PRIMARY'
Warning	1062	Duplicate entry '759' for key 'order_.PRIMARY'
Warning	1062	Duplicate entry '760' for key 'order_.PRIMARY'
Warning	1062	Duplicate entry '761' for key 'order_.PRIMARY'
Warning	1062	Duplicate entry '762' for key 'order_.PRIMARY'
Warning	1062	Duplicate entry '763' for key 'order_.PRIMARY'
Warning	1062	Duplicate entry '764' for key 'order_.PRIMARY'
Warning	1062	Duplicate entry '765' for key 'order_.PRIMARY'
Warning	1062	Duplicate entry '766' for key 'order_.PRIMARY'
Warning	1062	Duplicate entry '767' for key 'order_.PRIMARY'
Warning	1062	Duplicate entry '768' for key 'order_.PRIMARY'
Warning	1062	Duplicate entry '769' for key 'order_.PRIMARY'
Warning	1062	Duplicate entry '770' for key 'order_.PRIMARY'
Warning	1062	Duplicate entry '771' for key 'order_.PRIMARY'
Warning	1062	Duplicate entry '772' for key 'order_.PRIMARY'
Warning	1062	Duplicate entry '773' for key 'order_.PRIMARY'
Warning	1062	Duplicate entry '774' for key 'order_.PRIMARY'
Warning	1062	Duplicate entry '775' for key 'order_.PRIMARY'
Warning	1062	Duplicate entry '776' for key 'order_.PRIMARY'
Warning	1062	Duplicate entry '777' for key 'order_.PRIMARY'
Warning	1062	Duplicate entry '778' for key 'order_.PRIMARY'
Warning	1062	Duplicate entry '779' for key 'order_.PRIMARY'
Warning	1062	Duplicate entry '780' for key 'order_.PRIMARY'
Warning	1062	Duplicate entry '781' for key 'order_.PRIMARY'
Warning	1062	Duplicate entry '782' for key 'order_.PRIMARY'
Warning	1062	Duplicate entry '783' for key 'order_.PRIMARY'
Warning	1062	Duplicate entry '784' for key 'order_.PRIMARY'
Warning	1062	Duplicate entry '785' for key 'order_.PRIMARY'
Warning	1062	Duplicate entry '786' for key 'order_.PRIMARY'
Warning	1062	Duplicate entry '787' for key 'order_.PRIMARY'
Warning	1062	Duplicate entry '788' for key 'order_.PRIMARY'
Warning	1062	Duplicate entry '789' for key 'order_.PRIMARY'
Warning	1062	Duplicate entry '790' for key 'order_.PRIMARY'
Warning	1062	Duplicate entry '791' for key 'order_.PRIMARY'
Warning	1062	Duplicate entry '792' for key 'order_.PRIMARY'
Warning	1062	Duplicate entry '793' for key 'order_.PRIMARY'
Warning	1062	Duplicate entry '794' for key 'order_.PRIMARY'
Warning	1062	Duplicate entry '795' for key 'order_.PRIMARY'
Warning	1062	Duplicate entry '796' for key 'order_.PRIMARY'
Warning	1062	Duplicate entry '797' for key 'order_.PRIMARY'
Warning	1062	Duplicate entry '798' for key 'order_.PRIMARY'
Warning	1062	Duplicate entry '799' for key 'order_.PRIMARY'
Warning	1062	Duplicate entry '800' for key 'order_.PRIMARY'
Warning	1062	Duplicate entry '801' for key 'order_.PRIMARY'
Warning	1062	Duplicate entry '802' for key 'order_.PRIMARY'
Warning	1062	Duplicate entry '803' for key 'order_.PRIMARY'
Warning	1062	Duplicate entry '804' for key 'order_.PRIMARY'
Warning	1062	Duplicate entry '805' for key 'order_.PRIMARY'
Warning	1062	Duplicate entry '806' for key 'order_.PRIMARY'
Warning	1062	Duplicate entry '807' for key 'order_.PRIMARY'
Warning	1062	Duplicate entry '808' for key 'order_.PRIMARY'
Warning	1062	Duplicate entry '809' for key 'order_.PRIMARY'
Warning	1062	Duplicate entry '810' for key 'order_.PRIMARY'
Warning	1062	Duplicate entry '811' for key 'order_.PRIMARY'
Warning	1062	Duplicate entry '812' for key 'order_.PRIMARY'
Warning	1062	Duplicate entry '813' for key 'order_.PRIMARY'
Warning	1062	Duplicate entry '814' for key 'order_.PRIMARY'
Warning	1062	Duplicate entry '815' for key 'order_.PRIMARY'
Warning	1062	Duplicate entry '816' for key 'order_.PRIMARY'
Warning	1062	Duplicate entry '817' for key 'order_.PRIMARY'
Warning	1062	Duplicate entry '818' for key 'order_.PRIMARY'
Warning	1062	Duplicate entry '819' for key 'order_.PRIMARY'
Warning	1062	Duplicate entry '820' for key 'order_.PRIMARY'
Warning	1062	Duplicate entry '821' for key 'order_.PRIMARY'
Warning	1062	Duplicate entry '822' for key 'order_.PRIMARY'
Warning	1062	Duplicate entry '823' for key 'order_.PRIMARY'
Warning	1062	Duplicate entry '824' for key 'order_.PRIMARY'
Warning	1062	Duplicate entry '825' for key 'order_.PRIMARY'
Warning	1062	Duplicate entry '826' for key 'order_.PRIMARY'
Warning	1062	Duplicate entry '827' for key 'order_.PRIMARY'
Warning	1062	Duplicate entry '828' for key 'order_.PRIMARY'
Warning	1062	Duplicate entry '829' for key 'order_.PRIMARY'
Warning	1062	Duplicate entry '830' for key 'order_.PRIMARY'
Warning	1062	Duplicate entry '831' for key 'order_.PRIMARY'
Warning	1062	Duplicate entry '832' for key 'order_.PRIMARY'
Warning	1062	Duplicate entry '833' for key 'order_.PRIMARY'
Warning	1062	Duplicate entry '834' for key 'order_.PRIMARY'
Warning	1062	Duplicate entry '835' for key 'order_.PRIMARY'
Warning	1062	Duplicate entry '836' for key 'order_.PRIMARY'
Warning	1062	Duplicate entry '837' for key 'order_.PRIMARY'
Warning	1062	Duplicate entry '838' for key 'order_.PRIMARY'
Warning	1062	Duplicate entry '839' for key 'order_.PRIMARY'
Warning	1062	Duplicate entry '840' for key 'order_.PRIMARY'
Warning	1062	Duplicate entry '841' for key 'order_.PRIMARY'
Warning	1062	Duplicate entry '842' for key 'order_.PRIMARY'
Warning	1062	Duplicate entry '843' for key 'order_.PRIMARY'
Warning	1062	Duplicate entry '844' for key 'order_.PRIMARY'
Warning	1062	Duplicate entry '845' for key 'order_.PRIMARY'
Warning	1062	Duplicate entry '846' for key 'order_.PRIMARY'
Warning	1062	Duplicate entry '847' for key 'order_.PRIMARY'
Warning	1062	Duplicate entry '848' for key 'order_.PRIMARY'
Warning	1062	Duplicate entry '849' for key 'order_.PRIMARY'
Warning	1062	Duplicate entry '850' for key 'order_.PRIMARY'
Warning	1062	Duplicate entry '851' for key 'order_.PRIMARY'
Warning	1062	Duplicate entry '852' for key 'order_.PRIMARY'
Warning	1062	Duplicate entry '853' for key 'order_.PRIMARY'
Warning	1062	Duplicate entry '854' for key 'order_.PRIMARY'
Warning	1062	Duplicate entry '855' for key 'order_.PRIMARY'
Warning	1062	Duplicate entry '856' for key 'order_.PRIMARY'
Warning	1062	Duplicate entry '857' for key 'order_.PRIMARY'
Warning	1062	Duplicate entry '858' for key 'order_.PRIMARY'
Warning	1062	Duplicate entry '859' for key 'order_.PRIMARY'
Warning	1062	Duplicate entry '860' for key 'order_.PRIMARY'
Warning	1062	Duplicate entry '861' for key 'order_.PRIMARY'
Warning	1062	Duplicate entry '862' for key 'order_.PRIMARY'
Warning	1062	Duplicate entry '863' for key 'order_.PRIMARY'
Warning	1062	Duplicate entry '864' for key 'order_.PRIMARY'
Warning	1062	Duplicate entry '865' for key 'order_.PRIMARY'
Warning	1062	Duplicate entry '866' for key 'order_.PRIMARY'
Warning	1062	Duplicate entry '867' for key 'order_.PRIMARY'
Warning	1062	Duplicate entry '868' for key 'order_.PRIMARY'
Warning	1062	Duplicate entry '869' for key 'order_.PRIMARY'
Warning	1062	Duplicate entry '870' for key 'order_.PRIMARY'
Warning	1062	Duplicate entry '871' for key 'order_.PRIMARY'
Warning	1062	Duplicate entry '872' for key 'order_.PRIMARY'
Warning	1062	Duplicate entry '873' for key 'order_.PRIMARY'
Warning	1062	Duplicate entry '874' for key 'order_.PRIMARY'
Warning	1062	Duplicate entry '875' for key 'order_.PRIMARY'
Warning	1062	Duplicate entry '876' for key 'order_.PRIMARY'
Warning	1062	Duplicate entry '877' for key 'order_.PRIMARY'
Warning	1062	Duplicate entry '878' for key 'order_.PRIMARY'
Warning	1062	Duplicate entry '879' for key 'order_.PRIMARY'
Warning	1062	Duplicate entry '880' for key 'order_.PRIMARY'
Warning	1062	Duplicate entry '881' for key 'order_.PRIMARY'
Warning	1062	Duplicate entry '882' for key 'order_.PRIMARY'
Warning	1062	Duplicate entry '883' for key 'order_.PRIMARY'
Warning	1062	Duplicate entry '884' for key 'order_.PRIMARY'
Warning	1062	Duplicate entry '885' for key 'order_.PRIMARY'
Warning	1062	Duplicate entry '886' for key 'order_.PRIMARY'
Warning	1062	Duplicate entry '887' for key 'order_.PRIMARY'
Warning	1062	Duplicate entry '888' for key 'order_.PRIMARY'
Warning	1062	Duplicate entry '889' for key 'order_.PRIMARY'
Warning	1062	Duplicate entry '890' for key 'order_.PRIMARY'
Warning	1062	Duplicate entry '891' for key 'order_.PRIMARY'
Warning	1062	Duplicate entry '892' for key 'order_.PRIMARY'
Warning	1062	Duplicate entry '893' for key 'order_.PRIMARY'
Warning	1062	Duplicate entry '894' for key 'order_.PRIMARY'
Warning	1062	Duplicate entry '895' for key 'order_.PRIMARY'
Warning	1062	Duplicate entry '896' for key 'order_.PRIMARY'
Warning	1062	Duplicate entry '897' for key 'order_.PRIMARY'
Warning	1062	Duplicate entry '898' for key 'order_.PRIMARY'
Warning	1062	Duplicate entry '899' for key 'order_.PRIMARY'
Warning	1062	Duplicate entry '900' for key 'order_.PRIMARY'
Warning	1062	Duplicate entry '901' for key 'order_.PRIMARY'
Warning	1062	Duplicate entry '902' for key 'order_.PRIMARY'
Warning	1062	Duplicate entry '903' for key 'order_.PRIMARY'
Warning	1062	Duplicate entry '904' for key 'order_.PRIMARY'
Warning	1062	Duplicate entry '905' for key 'order_.PRIMARY'
Warning	1062	Duplicate entry '906' for key 'order_.PRIMARY'
Warning	1062	Duplicate entry '907' for key 'order_.PRIMARY'
Warning	1062	Duplicate entry '908' for key 'order_.PRIMARY'
Warning	1062	Duplicate entry '909' for key 'order_.PRIMARY'
Warning	1062	Duplicate entry '910' for key 'order_.PRIMARY'
Warning	1062	Duplicate entry '911' for key 'order_.PRIMARY'
Warning	1062	Duplicate entry '912' for key 'order_.PRIMARY'
Warning	1062	Duplicate entry '913' for key 'order_.PRIMARY'
Warning	1062	Duplicate entry '914' for key 'order_.PRIMARY'
Warning	1062	Duplicate entry '915' for key 'order_.PRIMARY'
Warning	1062	Duplicate entry '916' for key 'order_.PRIMARY'
Warning	1062	Duplicate entry '917' for key 'order_.PRIMARY'
Warning	1062	Duplicate entry '918' for key 'order_.PRIMARY'
Warning	1062	Duplicate entry '919' for key 'order_.PRIMARY'
Warning	1062	Duplicate entry '920' for key 'order_.PRIMARY'
Warning	1062	Duplicate entry '921' for key 'order_.PRIMARY'
Warning	1062	Duplicate entry '922' for key 'order_.PRIMARY'
Warning	1062	Duplicate entry '923' for key 'order_.PRIMARY'
Warning	1062	Duplicate entry '924' for key 'order_.PRIMARY'
Warning	1062	Duplicate entry '925' for key 'order_.PRIMARY'
Warning	1062	Duplicate entry '926' for key 'order_.PRIMARY'
Warning	1062	Duplicate entry '927' for key 'order_.PRIMARY'
Warning	1062	Duplicate entry '928' for key 'order_.PRIMARY'
Warning	1062	Duplicate entry '929' for key 'order_.PRIMARY'
Warning	1062	Duplicate entry '930' for key 'order_.PRIMARY'
Warning	1062	Duplicate entry '931' for key 'order_.PRIMARY'
Warning	1062	Duplicate entry '932' for key 'order_.PRIMARY'
Warning	1062	Duplicate entry '933' for key 'order_.PRIMARY'
Warning	1062	Duplicate entry '934' for key 'order_.PRIMARY'
Warning	1062	Duplicate entry '935' for key 'order_.PRIMARY'
Warning	1062	Duplicate entry '936' for key 'order_.PRIMARY'
Warning	1062	Duplicate entry '937' for key 'order_.PRIMARY'
Warning	1062	Duplicate entry '938' for key 'order_.PRIMARY'
Warning	1062	Duplicate entry '939' for key 'order_.PRIMARY'
Warning	1062	Duplicate entry '940' for key 'order_.PRIMARY'
Warning	1062	Duplicate entry '941' for key 'order_.PRIMARY'
Warning	1062	Duplicate entry '942' for key 'order_.PRIMARY'
Warning	1062	Duplicate entry '943' for key 'order_.PRIMARY'
Warning	1062	Duplicate entry '944' for key 'order_.PRIMARY'
Warning	1062	Duplicate entry '945' for key 'order_.PRIMARY'
Warning	1062	Duplicate entry '946' for key 'order_.PRIMARY'
Warning	1062	Duplicate entry '947' for key 'order_.PRIMARY'
Warning	1062	Duplicate entry '948' for key 'order_.PRIMARY'
Warning	1062	Duplicate entry '949' for key 'order_.PRIMARY'
Warning	1062	Duplicate entry '950' for key 'order_.PRIMARY'
Warning	1062	Duplicate entry '951' for key 'order_.PRIMARY'
Warning	1062	Duplicate entry '952' for key 'order_.PRIMARY'
Warning	1062	Duplicate entry '953' for key 'order_.PRIMARY'
Warning	1062	Duplicate entry '954' for key 'order_.PRIMARY'
Warning	1062	Duplicate entry '955' for key 'order_.PRIMARY'
Warning	1062	Duplicate entry '956' for key 'order_.PRIMARY'
Warning	1062	Duplicate entry '957' for key 'order_.PRIMARY'
Warning	1062	Duplicate entry '958' for key 'order_.PRIMARY'
Warning	1062	Duplicate entry '959' for key 'order_.PRIMARY'
Warning	1062	Duplicate entry '960' for key 'order_.PRIMARY'
Warning	1062	Duplicate entry '961' for key 'order_.PRIMARY'
Warning	1062	Duplicate entry '962' for key 'order_.PRIMARY'
Warning	1062	Duplicate entry '963' for key 'order_.PRIMARY'
Warning	1062	Duplicate entry '964' for key 'order_.PRIMARY'
Warning	1062	Duplicate entry '965' for key 'order_.PRIMARY'
Warning	1062	Duplicate entry '966' for key 'order_.PRIMARY'
Warning	1062	Duplicate entry '967' for key 'order_.PRIMARY'
Warning	1062	Duplicate entry '968' for key 'order_.PRIMARY'
Warning	1062	Duplicate entry '969' for key 'order_.PRIMARY'
Warning	1062	Duplicate entry '970' for key 'order_.PRIMARY'
Warning	1062	Duplicate entry '971' for key 'order_.PRIMARY'
Warning	1062	Duplicate entry '972' for key 'order_.PRIMARY'
Warning	1062	Duplicate entry '973' for key 'order_.PRIMARY'
Warning	1062	Duplicate entry '974' for key 'order_.PRIMARY'
Warning	1062	Duplicate entry '975' for key 'order_.PRIMARY'
Warning	1062	Duplicate entry '976' for key 'order_.PRIMARY'
Warning	1062	Duplicate entry '977' for key 'order_.PRIMARY'
Warning	1062	Duplicate entry '978' for key 'order_.PRIMARY'
Warning	1062	Duplicate entry '979' for key 'order_.PRIMARY'
Warning	1062	Duplicate entry '980' for key 'order_.PRIMARY'
Warning	1062	Duplicate entry '981' for key 'order_.PRIMARY'
Warning	1062	Duplicate entry '982' for key 'order_.PRIMARY'
Warning	1062	Duplicate entry '983' for key 'order_.PRIMARY'
Warning	1062	Duplicate entry '984' for key 'order_.PRIMARY'
Warning	1062	Duplicate entry '985' for key 'order_.PRIMARY'
Warning	1062	Duplicate entry '986' for key 'order_.PRIMARY'
Warning	1062	Duplicate entry '987' for key 'order_.PRIMARY'
Warning	1062	Duplicate entry '988' for key 'order_.PRIMARY'
Warning	1062	Duplicate entry '989' for key 'order_.PRIMARY'
Warning	1062	Duplicate entry '990' for key 'order_.PRIMARY'
Warning	1062	Duplicate entry '991' for key 'order_.PRIMARY'
Warning	1062	Duplicate entry '992' for key 'order_.PRIMARY'
Warning	1062	Duplicate entry '993' for key 'order_.PRIMARY'
Warning	1062	Duplicate entry '994' for key 'order_.PRIMARY'
Warning	1062	Duplicate entry '995' for key 'order_.PRIMARY'
Warning	1062	Duplicate entry '996' for key 'order_.PRIMARY'
Warning	1062	Duplicate entry '997' for key 'order_.PRIMARY'
Warning	1062	Duplicate entry '998' for key 'order_.PRIMARY'
Warning	1062	Duplicate entry '999' for key 'order_.PRIMARY'
Warning	1062	Duplicate entry '1000' for key 'order_.PRIMARY'
