Inserting into request... 

Records: 1000  Deleted: 0  Skipped: 1000  Warnings: 1906
Level	Code	Message
Warning	1062	Duplicate entry '1' for key 'request.PRIMARY'
Warning	1062	Duplicate entry '2' for key 'request.PRIMARY'
Warning	1062	Duplicate entry '3' for key 'request.PRIMARY'
Warning	1062	Duplicate entry '4' for key 'request.PRIMARY'
Warning	1062	Duplicate entry '5' for key 'request.PRIMARY'
Warning	1265	Data truncated for column 'request_date' at row 6
Warning	1265	Data truncated for column 'request_status' at row 6
Warning	1062	Duplicate entry '6' for key 'request.PRIMARY'
Warning	1262	Row 6 was truncated; it contained more data than there were input columns
Warning	1265	Data truncated for column 'request_date' at row 7
Warning	1366	Incorrect integer value: ' sodales sed' for column 'request_status' at row 7
Warning	1366	Incorrect integer value: ' tincidunt eu' for column 'admin_id' at row 7
Warning	1366	Incorrect integer value: ' felis."' for column 'meal_id' at row 7
Warning	1452	Cannot add or update a child row: a foreign key constraint fails (`masnaszama`.`request`, CONSTRAINT `FKms4u2nlimmmc5tetpj0jo583n` FOREIGN KEY (`admin_id`) REFERENCES `admin` (`person_id`))
Warning	1262	Row 7 was truncated; it contained more data than there were input columns
Warning	1265	Data truncated for column 'request_date' at row 8
Warning	1366	Incorrect integer value: ' feugiat non' for column 'request_status' at row 8
Warning	1366	Incorrect integer value: ' pretium quis' for column 'admin_id' at row 8
Warning	1366	Incorrect integer value: ' lectus."' for column 'meal_id' at row 8
Warning	1452	Cannot add or update a child row: a foreign key constraint fails (`masnaszama`.`request`, CONSTRAINT `FKms4u2nlimmmc5tetpj0jo583n` FOREIGN KEY (`admin_id`) REFERENCES `admin` (`person_id`))
Warning	1262	Row 8 was truncated; it contained more data than there were input columns
Warning	1265	Data truncated for column 'request_date' at row 9
Warning	1366	Incorrect integer value: ' tincidunt eget' for column 'request_status' at row 9
Warning	1366	Incorrect integer value: ' tempus vel' for column 'admin_id' at row 9
Warning	1366	Incorrect integer value: ' pede."' for column 'meal_id' at row 9
Warning	1452	Cannot add or update a child row: a foreign key constraint fails (`masnaszama`.`request`, CONSTRAINT `FKms4u2nlimmmc5tetpj0jo583n` FOREIGN KEY (`admin_id`) REFERENCES `admin` (`person_id`))
Warning	1262	Row 9 was truncated; it contained more data than there were input columns
Warning	1062	Duplicate entry '10' for key 'request.PRIMARY'
Warning	1062	Duplicate entry '11' for key 'request.PRIMARY'
Warning	1062	Duplicate entry '12' for key 'request.PRIMARY'
Warning	1062	Duplicate entry '13' for key 'request.PRIMARY'
Warning	1062	Duplicate entry '14' for key 'request.PRIMARY'
Warning	1062	Duplicate entry '15' for key 'request.PRIMARY'
Warning	1062	Duplicate entry '16' for key 'request.PRIMARY'
Warning	1062	Duplicate entry '17' for key 'request.PRIMARY'
Warning	1062	Duplicate entry '18' for key 'request.PRIMARY'
Warning	1062	Duplicate entry '19' for key 'request.PRIMARY'
Warning	1062	Duplicate entry '20' for key 'request.PRIMARY'
Warning	1062	Duplicate entry '21' for key 'request.PRIMARY'
Warning	1062	Duplicate entry '22' for key 'request.PRIMARY'
Warning	1062	Duplicate entry '23' for key 'request.PRIMARY'
Warning	1265	Data truncated for column 'request_date' at row 24
Warning	1366	Incorrect integer value: ' consequat in' for column 'request_status' at row 24
Warning	1366	Incorrect integer value: ' consequat ut' for column 'admin_id' at row 24
Warning	1366	Incorrect integer value: ' nulla."' for column 'meal_id' at row 24
Warning	1452	Cannot add or update a child row: a foreign key constraint fails (`masnaszama`.`request`, CONSTRAINT `FKms4u2nlimmmc5tetpj0jo583n` FOREIGN KEY (`admin_id`) REFERENCES `admin` (`person_id`))
Warning	1262	Row 24 was truncated; it contained more data than there were input columns
Warning	1265	Data truncated for column 'request_date' at row 25
Warning	1265	Data truncated for column 'request_status' at row 25
Warning	1062	Duplicate entry '25' for key 'request.PRIMARY'
Warning	1262	Row 25 was truncated; it contained more data than there were input columns
Warning	1062	Duplicate entry '26' for key 'request.PRIMARY'
Warning	1265	Data truncated for column 'request_date' at row 27
Warning	1366	Incorrect integer value: ' blandit non' for column 'request_status' at row 27
Warning	1366	Incorrect integer value: ' interdum in' for column 'admin_id' at row 27
Warning	1366	Incorrect integer value: ' ante."' for column 'meal_id' at row 27
Warning	1452	Cannot add or update a child row: a foreign key constraint fails (`masnaszama`.`request`, CONSTRAINT `FKms4u2nlimmmc5tetpj0jo583n` FOREIGN KEY (`admin_id`) REFERENCES `admin` (`person_id`))
Warning	1262	Row 27 was truncated; it contained more data than there were input columns
Warning	1062	Duplicate entry '28' for key 'request.PRIMARY'
Warning	1062	Duplicate entry '29' for key 'request.PRIMARY'
Warning	1062	Duplicate entry '30' for key 'request.PRIMARY'
Warning	1062	Duplicate entry '31' for key 'request.PRIMARY'
Warning	1265	Data truncated for column 'request_date' at row 32
Warning	1366	Incorrect integer value: ' blandit non' for column 'request_status' at row 32
Warning	1366	Incorrect integer value: ' interdum in' for column 'admin_id' at row 32
Warning	1366	Incorrect integer value: ' ante."' for column 'meal_id' at row 32
Warning	1452	Cannot add or update a child row: a foreign key constraint fails (`masnaszama`.`request`, CONSTRAINT `FKms4u2nlimmmc5tetpj0jo583n` FOREIGN KEY (`admin_id`) REFERENCES `admin` (`person_id`))
Warning	1262	Row 32 was truncated; it contained more data than there were input columns
Warning	1062	Duplicate entry '33' for key 'request.PRIMARY'
Warning	1062	Duplicate entry '34' for key 'request.PRIMARY'
Warning	1265	Data truncated for column 'request_date' at row 35
Warning	1366	Incorrect integer value: ' vestibulum sit amet' for column 'request_status' at row 35
Warning	1366	Incorrect integer value: ' cursus id' for column 'admin_id' at row 35
Warning	1366	Incorrect integer value: ' turpis."' for column 'meal_id' at row 35
Warning	1452	Cannot add or update a child row: a foreign key constraint fails (`masnaszama`.`request`, CONSTRAINT `FKms4u2nlimmmc5tetpj0jo583n` FOREIGN KEY (`admin_id`) REFERENCES `admin` (`person_id`))
Warning	1262	Row 35 was truncated; it contained more data than there were input columns
Warning	1062	Duplicate entry '36' for key 'request.PRIMARY'
Warning	1265	Data truncated for column 'request_date' at row 37
Warning	1366	Incorrect integer value: ' tincidunt eget' for column 'request_status' at row 37
Warning	1366	Incorrect integer value: ' tempus vel' for column 'admin_id' at row 37
Warning	1366	Incorrect integer value: ' pede."' for column 'meal_id' at row 37
Warning	1452	Cannot add or update a child row: a foreign key constraint fails (`masnaszama`.`request`, CONSTRAINT `FKms4u2nlimmmc5tetpj0jo583n` FOREIGN KEY (`admin_id`) REFERENCES `admin` (`person_id`))
Warning	1262	Row 37 was truncated; it contained more data than there were input columns
Warning	1265	Data truncated for column 'request_date' at row 38
Warning	1366	Incorrect integer value: ' vulputate ut' for column 'request_status' at row 38
Warning	1366	Incorrect integer value: ' ultrices vel' for column 'admin_id' at row 38
Warning	1366	Incorrect integer value: ' augue."' for column 'meal_id' at row 38
Warning	1452	Cannot add or update a child row: a foreign key constraint fails (`masnaszama`.`request`, CONSTRAINT `FKms4u2nlimmmc5tetpj0jo583n` FOREIGN KEY (`admin_id`) REFERENCES `admin` (`person_id`))
Warning	1262	Row 38 was truncated; it contained more data than there were input columns
Warning	1265	Data truncated for column 'request_date' at row 39
Warning	1366	Incorrect integer value: ' quam turpis adipiscing lorem' for column 'request_status' at row 39
Warning	1366	Incorrect integer value: ' vitae mattis nibh ligula nec sem."' for column 'admin_id' at row 39
Warning	1265	Data truncated for column 'meal_id' at row 39
Warning	1452	Cannot add or update a child row: a foreign key constraint fails (`masnaszama`.`request`, CONSTRAINT `FKms4u2nlimmmc5tetpj0jo583n` FOREIGN KEY (`admin_id`) REFERENCES `admin` (`person_id`))
Warning	1262	Row 39 was truncated; it contained more data than there were input columns
Warning	1062	Duplicate entry '40' for key 'request.PRIMARY'
Warning	1265	Data truncated for column 'request_date' at row 41
Warning	1366	Incorrect integer value: ' vulputate ut' for column 'request_status' at row 41
Warning	1366	Incorrect integer value: ' ultrices vel' for column 'admin_id' at row 41
Warning	1366	Incorrect integer value: ' augue."' for column 'meal_id' at row 41
Warning	1452	Cannot add or update a child row: a foreign key constraint fails (`masnaszama`.`request`, CONSTRAINT `FKms4u2nlimmmc5tetpj0jo583n` FOREIGN KEY (`admin_id`) REFERENCES `admin` (`person_id`))
Warning	1262	Row 41 was truncated; it contained more data than there were input columns
Warning	1265	Data truncated for column 'request_date' at row 42
Warning	1366	Incorrect integer value: ' vulputate ut' for column 'request_status' at row 42
Warning	1366	Incorrect integer value: ' ultrices vel' for column 'admin_id' at row 42
Warning	1366	Incorrect integer value: ' augue."' for column 'meal_id' at row 42
Warning	1452	Cannot add or update a child row: a foreign key constraint fails (`masnaszama`.`request`, CONSTRAINT `FKms4u2nlimmmc5tetpj0jo583n` FOREIGN KEY (`admin_id`) REFERENCES `admin` (`person_id`))
Warning	1262	Row 42 was truncated; it contained more data than there were input columns
Warning	1062	Duplicate entry '43' for key 'request.PRIMARY'
Warning	1062	Duplicate entry '44' for key 'request.PRIMARY'
Warning	1062	Duplicate entry '45' for key 'request.PRIMARY'
Warning	1062	Duplicate entry '46' for key 'request.PRIMARY'
Warning	1062	Duplicate entry '47' for key 'request.PRIMARY'
Warning	1062	Duplicate entry '48' for key 'request.PRIMARY'
Warning	1062	Duplicate entry '49' for key 'request.PRIMARY'
Warning	1062	Duplicate entry '50' for key 'request.PRIMARY'
Warning	1062	Duplicate entry '51' for key 'request.PRIMARY'
Warning	1265	Data truncated for column 'request_date' at row 52
Warning	1265	Data truncated for column 'request_status' at row 52
Warning	1062	Duplicate entry '52' for key 'request.PRIMARY'
Warning	1262	Row 52 was truncated; it contained more data than there were input columns
Warning	1265	Data truncated for column 'request_date' at row 53
Warning	1366	Incorrect integer value: ' eleifend luctus' for column 'request_status' at row 53
Warning	1366	Incorrect integer value: ' ultricies eu' for column 'admin_id' at row 53
Warning	1366	Incorrect integer value: ' nibh."' for column 'meal_id' at row 53
Warning	1452	Cannot add or update a child row: a foreign key constraint fails (`masnaszama`.`request`, CONSTRAINT `FKms4u2nlimmmc5tetpj0jo583n` FOREIGN KEY (`admin_id`) REFERENCES `admin` (`person_id`))
Warning	1262	Row 53 was truncated; it contained more data than there were input columns
Warning	1265	Data truncated for column 'request_date' at row 54
Warning	1366	Incorrect integer value: ' imperdiet et' for column 'request_status' at row 54
Warning	1366	Incorrect integer value: ' commodo vulputate' for column 'admin_id' at row 54
Warning	1366	Incorrect integer value: ' justo."' for column 'meal_id' at row 54
Warning	1452	Cannot add or update a child row: a foreign key constraint fails (`masnaszama`.`request`, CONSTRAINT `FKms4u2nlimmmc5tetpj0jo583n` FOREIGN KEY (`admin_id`) REFERENCES `admin` (`person_id`))
Warning	1262	Row 54 was truncated; it contained more data than there were input columns
Warning	1062	Duplicate entry '55' for key 'request.PRIMARY'
Warning	1062	Duplicate entry '56' for key 'request.PRIMARY'
Warning	1062	Duplicate entry '57' for key 'request.PRIMARY'
Warning	1062	Duplicate entry '58' for key 'request.PRIMARY'
Warning	1062	Duplicate entry '59' for key 'request.PRIMARY'
Warning	1265	Data truncated for column 'request_date' at row 60
Warning	1366	Incorrect integer value: ' consectetuer eget' for column 'request_status' at row 60
Warning	1366	Incorrect integer value: ' rutrum at' for column 'admin_id' at row 60
Warning	1366	Incorrect integer value: ' lorem."' for column 'meal_id' at row 60
Warning	1452	Cannot add or update a child row: a foreign key constraint fails (`masnaszama`.`request`, CONSTRAINT `FKms4u2nlimmmc5tetpj0jo583n` FOREIGN KEY (`admin_id`) REFERENCES `admin` (`person_id`))
Warning	1262	Row 60 was truncated; it contained more data than there were input columns
Warning	1062	Duplicate entry '61' for key 'request.PRIMARY'
Warning	1062	Duplicate entry '62' for key 'request.PRIMARY'
Warning	1062	Duplicate entry '63' for key 'request.PRIMARY'
Warning	1265	Data truncated for column 'request_date' at row 64
Warning	1366	Incorrect integer value: ' consectetuer eget' for column 'request_status' at row 64
Warning	1366	Incorrect integer value: ' rutrum at' for column 'admin_id' at row 64
Warning	1366	Incorrect integer value: ' lorem."' for column 'meal_id' at row 64
Warning	1452	Cannot add or update a child row: a foreign key constraint fails (`masnaszama`.`request`, CONSTRAINT `FKms4u2nlimmmc5tetpj0jo583n` FOREIGN KEY (`admin_id`) REFERENCES `admin` (`person_id`))
Warning	1262	Row 64 was truncated; it contained more data than there were input columns
Warning	1062	Duplicate entry '65' for key 'request.PRIMARY'
Warning	1062	Duplicate entry '66' for key 'request.PRIMARY'
Warning	1062	Duplicate entry '67' for key 'request.PRIMARY'
Warning	1062	Duplicate entry '68' for key 'request.PRIMARY'
Warning	1062	Duplicate entry '69' for key 'request.PRIMARY'
Warning	1062	Duplicate entry '70' for key 'request.PRIMARY'
Warning	1062	Duplicate entry '71' for key 'request.PRIMARY'
Warning	1062	Duplicate entry '72' for key 'request.PRIMARY'
Warning	1062	Duplicate entry '73' for key 'request.PRIMARY'
Warning	1265	Data truncated for column 'request_date' at row 74
Warning	1265	Data truncated for column 'request_status' at row 74
Warning	1062	Duplicate entry '74' for key 'request.PRIMARY'
Warning	1262	Row 74 was truncated; it contained more data than there were input columns
Warning	1062	Duplicate entry '75' for key 'request.PRIMARY'
Warning	1062	Duplicate entry '76' for key 'request.PRIMARY'
Warning	1265	Data truncated for column 'request_date' at row 77
Warning	1366	Incorrect integer value: ' luctus nec' for column 'request_status' at row 77
Warning	1366	Incorrect integer value: ' molestie sed' for column 'admin_id' at row 77
Warning	1366	Incorrect integer value: ' justo."' for column 'meal_id' at row 77
Warning	1452	Cannot add or update a child row: a foreign key constraint fails (`masnaszama`.`request`, CONSTRAINT `FKms4u2nlimmmc5tetpj0jo583n` FOREIGN KEY (`admin_id`) REFERENCES `admin` (`person_id`))
Warning	1262	Row 77 was truncated; it contained more data than there were input columns
Warning	1062	Duplicate entry '78' for key 'request.PRIMARY'
Warning	1062	Duplicate entry '79' for key 'request.PRIMARY'
Warning	1265	Data truncated for column 'request_date' at row 80
Warning	1265	Data truncated for column 'request_status' at row 80
Warning	1062	Duplicate entry '80' for key 'request.PRIMARY'
Warning	1262	Row 80 was truncated; it contained more data than there were input columns
Warning	1062	Duplicate entry '81' for key 'request.PRIMARY'
Warning	1265	Data truncated for column 'request_date' at row 82
Warning	1366	Incorrect integer value: ' consectetuer eget' for column 'request_status' at row 82
Warning	1366	Incorrect integer value: ' rutrum at' for column 'admin_id' at row 82
Warning	1366	Incorrect integer value: ' lorem."' for column 'meal_id' at row 82
Warning	1452	Cannot add or update a child row: a foreign key constraint fails (`masnaszama`.`request`, CONSTRAINT `FKms4u2nlimmmc5tetpj0jo583n` FOREIGN KEY (`admin_id`) REFERENCES `admin` (`person_id`))
Warning	1262	Row 82 was truncated; it contained more data than there were input columns
Warning	1062	Duplicate entry '83' for key 'request.PRIMARY'
Warning	1062	Duplicate entry '84' for key 'request.PRIMARY'
Warning	1265	Data truncated for column 'request_date' at row 85
Warning	1366	Incorrect integer value: ' tortor risus dapibus augue' for column 'request_status' at row 85
Warning	1366	Incorrect integer value: ' vel accumsan tellus nisi eu orci."' for column 'admin_id' at row 85
Warning	1265	Data truncated for column 'meal_id' at row 85
Warning	1452	Cannot add or update a child row: a foreign key constraint fails (`masnaszama`.`request`, CONSTRAINT `FKms4u2nlimmmc5tetpj0jo583n` FOREIGN KEY (`admin_id`) REFERENCES `admin` (`person_id`))
Warning	1262	Row 85 was truncated; it contained more data than there were input columns
Warning	1265	Data truncated for column 'request_date' at row 86
Warning	1366	Incorrect integer value: ' feugiat non' for column 'request_status' at row 86
Warning	1366	Incorrect integer value: ' pretium quis' for column 'admin_id' at row 86
Warning	1366	Incorrect integer value: ' lectus."' for column 'meal_id' at row 86
Warning	1452	Cannot add or update a child row: a foreign key constraint fails (`masnaszama`.`request`, CONSTRAINT `FKms4u2nlimmmc5tetpj0jo583n` FOREIGN KEY (`admin_id`) REFERENCES `admin` (`person_id`))
Warning	1262	Row 86 was truncated; it contained more data than there were input columns
Warning	1062	Duplicate entry '87' for key 'request.PRIMARY'
Warning	1062	Duplicate entry '88' for key 'request.PRIMARY'
Warning	1062	Duplicate entry '89' for key 'request.PRIMARY'
Warning	1265	Data truncated for column 'request_date' at row 90
Warning	1366	Incorrect integer value: ' imperdiet et' for column 'request_status' at row 90
Warning	1366	Incorrect integer value: ' commodo vulputate' for column 'admin_id' at row 90
Warning	1366	Incorrect integer value: ' justo."' for column 'meal_id' at row 90
Warning	1452	Cannot add or update a child row: a foreign key constraint fails (`masnaszama`.`request`, CONSTRAINT `FKms4u2nlimmmc5tetpj0jo583n` FOREIGN KEY (`admin_id`) REFERENCES `admin` (`person_id`))
Warning	1262	Row 90 was truncated; it contained more data than there were input columns
Warning	1062	Duplicate entry '91' for key 'request.PRIMARY'
Warning	1062	Duplicate entry '92' for key 'request.PRIMARY'
Warning	1062	Duplicate entry '93' for key 'request.PRIMARY'
Warning	1062	Duplicate entry '94' for key 'request.PRIMARY'
Warning	1062	Duplicate entry '95' for key 'request.PRIMARY'
Warning	1062	Duplicate entry '96' for key 'request.PRIMARY'
Warning	1062	Duplicate entry '97' for key 'request.PRIMARY'
Warning	1062	Duplicate entry '98' for key 'request.PRIMARY'
Warning	1062	Duplicate entry '99' for key 'request.PRIMARY'
Warning	1062	Duplicate entry '100' for key 'request.PRIMARY'
Warning	1062	Duplicate entry '101' for key 'request.PRIMARY'
Warning	1265	Data truncated for column 'request_date' at row 102
Warning	1366	Incorrect integer value: ' turpis enim blandit mi' for column 'request_status' at row 102
Warning	1366	Incorrect integer value: ' in porttitor pede justo eu massa."' for column 'admin_id' at row 102
Warning	1265	Data truncated for column 'meal_id' at row 102
Warning	1452	Cannot add or update a child row: a foreign key constraint fails (`masnaszama`.`request`, CONSTRAINT `FKms4u2nlimmmc5tetpj0jo583n` FOREIGN KEY (`admin_id`) REFERENCES `admin` (`person_id`))
Warning	1262	Row 102 was truncated; it contained more data than there were input columns
Warning	1062	Duplicate entry '103' for key 'request.PRIMARY'
Warning	1062	Duplicate entry '104' for key 'request.PRIMARY'
Warning	1265	Data truncated for column 'request_date' at row 105
Warning	1366	Incorrect integer value: ' vulputate ut' for column 'request_status' at row 105
Warning	1366	Incorrect integer value: ' ultrices vel' for column 'admin_id' at row 105
Warning	1366	Incorrect integer value: ' augue."' for column 'meal_id' at row 105
Warning	1452	Cannot add or update a child row: a foreign key constraint fails (`masnaszama`.`request`, CONSTRAINT `FKms4u2nlimmmc5tetpj0jo583n` FOREIGN KEY (`admin_id`) REFERENCES `admin` (`person_id`))
Warning	1262	Row 105 was truncated; it contained more data than there were input columns
Warning	1265	Data truncated for column 'request_date' at row 106
Warning	1366	Incorrect integer value: ' tristique in' for column 'request_status' at row 106
Warning	1366	Incorrect integer value: ' tempus sit amet' for column 'admin_id' at row 106
Warning	1366	Incorrect integer value: ' sem."' for column 'meal_id' at row 106
Warning	1452	Cannot add or update a child row: a foreign key constraint fails (`masnaszama`.`request`, CONSTRAINT `FKms4u2nlimmmc5tetpj0jo583n` FOREIGN KEY (`admin_id`) REFERENCES `admin` (`person_id`))
Warning	1262	Row 106 was truncated; it contained more data than there were input columns
Warning	1062	Duplicate entry '107' for key 'request.PRIMARY'
Warning	1062	Duplicate entry '108' for key 'request.PRIMARY'
Warning	1062	Duplicate entry '109' for key 'request.PRIMARY'
Warning	1062	Duplicate entry '110' for key 'request.PRIMARY'
Warning	1062	Duplicate entry '111' for key 'request.PRIMARY'
Warning	1062	Duplicate entry '112' for key 'request.PRIMARY'
Warning	1062	Duplicate entry '113' for key 'request.PRIMARY'
Warning	1265	Data truncated for column 'request_date' at row 114
Warning	1366	Incorrect integer value: ' erat tortor sollicitudin mi' for column 'request_status' at row 114
Warning	1366	Incorrect integer value: ' sit amet lobortis sapien sapien non mi."' for column 'admin_id' at row 114
Warning	1265	Data truncated for column 'meal_id' at row 114
Warning	1452	Cannot add or update a child row: a foreign key constraint fails (`masnaszama`.`request`, CONSTRAINT `FKms4u2nlimmmc5tetpj0jo583n` FOREIGN KEY (`admin_id`) REFERENCES `admin` (`person_id`))
Warning	1262	Row 114 was truncated; it contained more data than there were input columns
Warning	1062	Duplicate entry '115' for key 'request.PRIMARY'
Warning	1265	Data truncated for column 'request_date' at row 116
Warning	1366	Incorrect integer value: ' tristique in' for column 'request_status' at row 116
Warning	1366	Incorrect integer value: ' tempus sit amet' for column 'admin_id' at row 116
Warning	1366	Incorrect integer value: ' sem."' for column 'meal_id' at row 116
Warning	1452	Cannot add or update a child row: a foreign key constraint fails (`masnaszama`.`request`, CONSTRAINT `FKms4u2nlimmmc5tetpj0jo583n` FOREIGN KEY (`admin_id`) REFERENCES `admin` (`person_id`))
Warning	1262	Row 116 was truncated; it contained more data than there were input columns
Warning	1062	Duplicate entry '117' for key 'request.PRIMARY'
Warning	1062	Duplicate entry '118' for key 'request.PRIMARY'
Warning	1062	Duplicate entry '119' for key 'request.PRIMARY'
Warning	1062	Duplicate entry '120' for key 'request.PRIMARY'
Warning	1062	Duplicate entry '121' for key 'request.PRIMARY'
Warning	1062	Duplicate entry '122' for key 'request.PRIMARY'
Warning	1062	Duplicate entry '123' for key 'request.PRIMARY'
Warning	1265	Data truncated for column 'request_date' at row 124
Warning	1366	Incorrect integer value: ' eleifend luctus' for column 'request_status' at row 124
Warning	1366	Incorrect integer value: ' ultricies eu' for column 'admin_id' at row 124
Warning	1366	Incorrect integer value: ' nibh."' for column 'meal_id' at row 124
Warning	1452	Cannot add or update a child row: a foreign key constraint fails (`masnaszama`.`request`, CONSTRAINT `FKms4u2nlimmmc5tetpj0jo583n` FOREIGN KEY (`admin_id`) REFERENCES `admin` (`person_id`))
Warning	1262	Row 124 was truncated; it contained more data than there were input columns
Warning	1062	Duplicate entry '125' for key 'request.PRIMARY'
Warning	1062	Duplicate entry '126' for key 'request.PRIMARY'
Warning	1062	Duplicate entry '127' for key 'request.PRIMARY'
Warning	1062	Duplicate entry '128' for key 'request.PRIMARY'
Warning	1062	Duplicate entry '129' for key 'request.PRIMARY'
Warning	1265	Data truncated for column 'request_date' at row 130
Warning	1265	Data truncated for column 'request_status' at row 130
Warning	1062	Duplicate entry '130' for key 'request.PRIMARY'
Warning	1262	Row 130 was truncated; it contained more data than there were input columns
Warning	1062	Duplicate entry '131' for key 'request.PRIMARY'
Warning	1265	Data truncated for column 'request_date' at row 132
Warning	1265	Data truncated for column 'request_status' at row 132
Warning	1062	Duplicate entry '132' for key 'request.PRIMARY'
Warning	1262	Row 132 was truncated; it contained more data than there were input columns
Warning	1062	Duplicate entry '133' for key 'request.PRIMARY'
Warning	1265	Data truncated for column 'request_date' at row 134
Warning	1265	Data truncated for column 'request_status' at row 134
Warning	1452	Cannot add or update a child row: a foreign key constraint fails (`masnaszama`.`request`, CONSTRAINT `FKms4u2nlimmmc5tetpj0jo583n` FOREIGN KEY (`admin_id`) REFERENCES `admin` (`person_id`))
Warning	1262	Row 134 was truncated; it contained more data than there were input columns
Warning	1062	Duplicate entry '135' for key 'request.PRIMARY'
Warning	1062	Duplicate entry '136' for key 'request.PRIMARY'
Warning	1062	Duplicate entry '137' for key 'request.PRIMARY'
Warning	1062	Duplicate entry '138' for key 'request.PRIMARY'
Warning	1062	Duplicate entry '139' for key 'request.PRIMARY'
Warning	1062	Duplicate entry '140' for key 'request.PRIMARY'
Warning	1062	Duplicate entry '141' for key 'request.PRIMARY'
Warning	1265	Data truncated for column 'request_date' at row 142
Warning	1366	Incorrect integer value: ' lobortis vel' for column 'request_status' at row 142
Warning	1366	Incorrect integer value: ' dapibus at' for column 'admin_id' at row 142
Warning	1366	Incorrect integer value: ' diam."' for column 'meal_id' at row 142
Warning	1452	Cannot add or update a child row: a foreign key constraint fails (`masnaszama`.`request`, CONSTRAINT `FKms4u2nlimmmc5tetpj0jo583n` FOREIGN KEY (`admin_id`) REFERENCES `admin` (`person_id`))
Warning	1262	Row 142 was truncated; it contained more data than there were input columns
Warning	1062	Duplicate entry '143' for key 'request.PRIMARY'
Warning	1062	Duplicate entry '144' for key 'request.PRIMARY'
Warning	1062	Duplicate entry '145' for key 'request.PRIMARY'
Warning	1265	Data truncated for column 'request_date' at row 146
Warning	1366	Incorrect integer value: ' congue eget' for column 'request_status' at row 146
Warning	1366	Incorrect integer value: ' semper rutrum' for column 'admin_id' at row 146
Warning	1366	Incorrect integer value: ' nulla."' for column 'meal_id' at row 146
Warning	1452	Cannot add or update a child row: a foreign key constraint fails (`masnaszama`.`request`, CONSTRAINT `FKms4u2nlimmmc5tetpj0jo583n` FOREIGN KEY (`admin_id`) REFERENCES `admin` (`person_id`))
Warning	1262	Row 146 was truncated; it contained more data than there were input columns
Warning	1265	Data truncated for column 'request_date' at row 147
Warning	1366	Incorrect integer value: ' consectetuer eget' for column 'request_status' at row 147
Warning	1366	Incorrect integer value: ' rutrum at' for column 'admin_id' at row 147
Warning	1366	Incorrect integer value: ' lorem."' for column 'meal_id' at row 147
Warning	1452	Cannot add or update a child row: a foreign key constraint fails (`masnaszama`.`request`, CONSTRAINT `FKms4u2nlimmmc5tetpj0jo583n` FOREIGN KEY (`admin_id`) REFERENCES `admin` (`person_id`))
Warning	1262	Row 147 was truncated; it contained more data than there were input columns
Warning	1062	Duplicate entry '148' for key 'request.PRIMARY'
Warning	1062	Duplicate entry '149' for key 'request.PRIMARY'
Warning	1062	Duplicate entry '150' for key 'request.PRIMARY'
Warning	1062	Duplicate entry '151' for key 'request.PRIMARY'
Warning	1265	Data truncated for column 'request_date' at row 152
Warning	1366	Incorrect integer value: ' sodales sed' for column 'request_status' at row 152
Warning	1366	Incorrect integer value: ' tincidunt eu' for column 'admin_id' at row 152
Warning	1366	Incorrect integer value: ' felis."' for column 'meal_id' at row 152
Warning	1452	Cannot add or update a child row: a foreign key constraint fails (`masnaszama`.`request`, CONSTRAINT `FKms4u2nlimmmc5tetpj0jo583n` FOREIGN KEY (`admin_id`) REFERENCES `admin` (`person_id`))
Warning	1262	Row 152 was truncated; it contained more data than there were input columns
Warning	1265	Data truncated for column 'request_date' at row 153
Warning	1366	Incorrect integer value: ' consectetuer eget' for column 'request_status' at row 153
Warning	1366	Incorrect integer value: ' rutrum at' for column 'admin_id' at row 153
Warning	1366	Incorrect integer value: ' lorem."' for column 'meal_id' at row 153
Warning	1452	Cannot add or update a child row: a foreign key constraint fails (`masnaszama`.`request`, CONSTRAINT `FKms4u2nlimmmc5tetpj0jo583n` FOREIGN KEY (`admin_id`) REFERENCES `admin` (`person_id`))
Warning	1262	Row 153 was truncated; it contained more data than there were input columns
Warning	1062	Duplicate entry '154' for key 'request.PRIMARY'
Warning	1062	Duplicate entry '155' for key 'request.PRIMARY'
Warning	1062	Duplicate entry '156' for key 'request.PRIMARY'
Warning	1062	Duplicate entry '157' for key 'request.PRIMARY'
Warning	1062	Duplicate entry '158' for key 'request.PRIMARY'
Warning	1062	Duplicate entry '159' for key 'request.PRIMARY'
Warning	1062	Duplicate entry '160' for key 'request.PRIMARY'
Warning	1062	Duplicate entry '161' for key 'request.PRIMARY'
Warning	1265	Data truncated for column 'request_date' at row 162
Warning	1366	Incorrect integer value: ' quam pede lobortis ligula' for column 'request_status' at row 162
Warning	1366	Incorrect integer value: ' sit amet eleifend pede libero quis orci."' for column 'admin_id' at row 162
Warning	1265	Data truncated for column 'meal_id' at row 162
Warning	1452	Cannot add or update a child row: a foreign key constraint fails (`masnaszama`.`request`, CONSTRAINT `FKms4u2nlimmmc5tetpj0jo583n` FOREIGN KEY (`admin_id`) REFERENCES `admin` (`person_id`))
Warning	1262	Row 162 was truncated; it contained more data than there were input columns
Warning	1062	Duplicate entry '163' for key 'request.PRIMARY'
Warning	1265	Data truncated for column 'request_date' at row 164
Warning	1366	Incorrect integer value: ' eleifend luctus' for column 'request_status' at row 164
Warning	1366	Incorrect integer value: ' ultricies eu' for column 'admin_id' at row 164
Warning	1366	Incorrect integer value: ' nibh."' for column 'meal_id' at row 164
Warning	1452	Cannot add or update a child row: a foreign key constraint fails (`masnaszama`.`request`, CONSTRAINT `FKms4u2nlimmmc5tetpj0jo583n` FOREIGN KEY (`admin_id`) REFERENCES `admin` (`person_id`))
Warning	1262	Row 164 was truncated; it contained more data than there were input columns
Warning	1062	Duplicate entry '165' for key 'request.PRIMARY'
Warning	1062	Duplicate entry '166' for key 'request.PRIMARY'
Warning	1062	Duplicate entry '167' for key 'request.PRIMARY'
Warning	1265	Data truncated for column 'request_date' at row 168
Warning	1366	Incorrect integer value: ' eleifend luctus' for column 'request_status' at row 168
Warning	1366	Incorrect integer value: ' ultricies eu' for column 'admin_id' at row 168
Warning	1366	Incorrect integer value: ' nibh."' for column 'meal_id' at row 168
Warning	1452	Cannot add or update a child row: a foreign key constraint fails (`masnaszama`.`request`, CONSTRAINT `FKms4u2nlimmmc5tetpj0jo583n` FOREIGN KEY (`admin_id`) REFERENCES `admin` (`person_id`))
Warning	1262	Row 168 was truncated; it contained more data than there were input columns
Warning	1062	Duplicate entry '169' for key 'request.PRIMARY'
Warning	1062	Duplicate entry '170' for key 'request.PRIMARY'
Warning	1062	Duplicate entry '171' for key 'request.PRIMARY'
Warning	1062	Duplicate entry '172' for key 'request.PRIMARY'
Warning	1062	Duplicate entry '173' for key 'request.PRIMARY'
Warning	1265	Data truncated for column 'request_date' at row 174
Warning	1366	Incorrect integer value: ' blandit non' for column 'request_status' at row 174
Warning	1366	Incorrect integer value: ' interdum in' for column 'admin_id' at row 174
Warning	1366	Incorrect integer value: ' ante."' for column 'meal_id' at row 174
Warning	1452	Cannot add or update a child row: a foreign key constraint fails (`masnaszama`.`request`, CONSTRAINT `FKms4u2nlimmmc5tetpj0jo583n` FOREIGN KEY (`admin_id`) REFERENCES `admin` (`person_id`))
Warning	1262	Row 174 was truncated; it contained more data than there were input columns
Warning	1062	Duplicate entry '175' for key 'request.PRIMARY'
Warning	1062	Duplicate entry '176' for key 'request.PRIMARY'
Warning	1062	Duplicate entry '177' for key 'request.PRIMARY'
Warning	1062	Duplicate entry '178' for key 'request.PRIMARY'
Warning	1265	Data truncated for column 'request_date' at row 179
Warning	1366	Incorrect integer value: ' congue eget' for column 'request_status' at row 179
Warning	1366	Incorrect integer value: ' semper rutrum' for column 'admin_id' at row 179
Warning	1366	Incorrect integer value: ' nulla."' for column 'meal_id' at row 179
Warning	1452	Cannot add or update a child row: a foreign key constraint fails (`masnaszama`.`request`, CONSTRAINT `FKms4u2nlimmmc5tetpj0jo583n` FOREIGN KEY (`admin_id`) REFERENCES `admin` (`person_id`))
Warning	1262	Row 179 was truncated; it contained more data than there were input columns
Warning	1062	Duplicate entry '180' for key 'request.PRIMARY'
Warning	1062	Duplicate entry '181' for key 'request.PRIMARY'
Warning	1265	Data truncated for column 'request_date' at row 182
Warning	1366	Incorrect integer value: ' nulla pede ullamcorper augue' for column 'request_status' at row 182
Warning	1366	Incorrect integer value: ' a suscipit nulla elit ac nulla."' for column 'admin_id' at row 182
Warning	1265	Data truncated for column 'meal_id' at row 182
Warning	1452	Cannot add or update a child row: a foreign key constraint fails (`masnaszama`.`request`, CONSTRAINT `FKms4u2nlimmmc5tetpj0jo583n` FOREIGN KEY (`admin_id`) REFERENCES `admin` (`person_id`))
Warning	1262	Row 182 was truncated; it contained more data than there were input columns
Warning	1265	Data truncated for column 'request_date' at row 183
Warning	1366	Incorrect integer value: ' rhoncus aliquet' for column 'request_status' at row 183
Warning	1366	Incorrect integer value: ' pulvinar sed' for column 'admin_id' at row 183
Warning	1366	Incorrect integer value: ' nisl."' for column 'meal_id' at row 183
Warning	1452	Cannot add or update a child row: a foreign key constraint fails (`masnaszama`.`request`, CONSTRAINT `FKms4u2nlimmmc5tetpj0jo583n` FOREIGN KEY (`admin_id`) REFERENCES `admin` (`person_id`))
Warning	1262	Row 183 was truncated; it contained more data than there were input columns
Warning	1062	Duplicate entry '184' for key 'request.PRIMARY'
Warning	1062	Duplicate entry '185' for key 'request.PRIMARY'
Warning	1062	Duplicate entry '186' for key 'request.PRIMARY'
Warning	1265	Data truncated for column 'request_date' at row 187
Warning	1366	Incorrect integer value: ' vulputate ut' for column 'request_status' at row 187
Warning	1366	Incorrect integer value: ' ultrices vel' for column 'admin_id' at row 187
Warning	1366	Incorrect integer value: ' augue."' for column 'meal_id' at row 187
Warning	1452	Cannot add or update a child row: a foreign key constraint fails (`masnaszama`.`request`, CONSTRAINT `FKms4u2nlimmmc5tetpj0jo583n` FOREIGN KEY (`admin_id`) REFERENCES `admin` (`person_id`))
Warning	1262	Row 187 was truncated; it contained more data than there were input columns
Warning	1062	Duplicate entry '188' for key 'request.PRIMARY'
Warning	1265	Data truncated for column 'request_date' at row 189
Warning	1366	Incorrect integer value: ' consectetuer eget' for column 'request_status' at row 189
Warning	1366	Incorrect integer value: ' rutrum at' for column 'admin_id' at row 189
Warning	1366	Incorrect integer value: ' lorem."' for column 'meal_id' at row 189
Warning	1452	Cannot add or update a child row: a foreign key constraint fails (`masnaszama`.`request`, CONSTRAINT `FKms4u2nlimmmc5tetpj0jo583n` FOREIGN KEY (`admin_id`) REFERENCES `admin` (`person_id`))
Warning	1262	Row 189 was truncated; it contained more data than there were input columns
Warning	1265	Data truncated for column 'request_date' at row 190
Warning	1366	Incorrect integer value: ' nulla pede ullamcorper augue' for column 'request_status' at row 190
Warning	1366	Incorrect integer value: ' a suscipit nulla elit ac nulla."' for column 'admin_id' at row 190
Warning	1265	Data truncated for column 'meal_id' at row 190
Warning	1452	Cannot add or update a child row: a foreign key constraint fails (`masnaszama`.`request`, CONSTRAINT `FKms4u2nlimmmc5tetpj0jo583n` FOREIGN KEY (`admin_id`) REFERENCES `admin` (`person_id`))
Warning	1262	Row 190 was truncated; it contained more data than there were input columns
Warning	1265	Data truncated for column 'request_date' at row 191
Warning	1366	Incorrect integer value: ' suscipit a' for column 'request_status' at row 191
Warning	1366	Incorrect integer value: ' feugiat et' for column 'admin_id' at row 191
Warning	1366	Incorrect integer value: ' eros."' for column 'meal_id' at row 191
Warning	1452	Cannot add or update a child row: a foreign key constraint fails (`masnaszama`.`request`, CONSTRAINT `FKms4u2nlimmmc5tetpj0jo583n` FOREIGN KEY (`admin_id`) REFERENCES `admin` (`person_id`))
Warning	1262	Row 191 was truncated; it contained more data than there were input columns
Warning	1062	Duplicate entry '192' for key 'request.PRIMARY'
Warning	1265	Data truncated for column 'request_date' at row 193
Warning	1366	Incorrect integer value: ' sodales sed' for column 'request_status' at row 193
Warning	1366	Incorrect integer value: ' tincidunt eu' for column 'admin_id' at row 193
Warning	1366	Incorrect integer value: ' felis."' for column 'meal_id' at row 193
Warning	1452	Cannot add or update a child row: a foreign key constraint fails (`masnaszama`.`request`, CONSTRAINT `FKms4u2nlimmmc5tetpj0jo583n` FOREIGN KEY (`admin_id`) REFERENCES `admin` (`person_id`))
Warning	1262	Row 193 was truncated; it contained more data than there were input columns
Warning	1062	Duplicate entry '194' for key 'request.PRIMARY'
Warning	1062	Duplicate entry '195' for key 'request.PRIMARY'
Warning	1062	Duplicate entry '196' for key 'request.PRIMARY'
Warning	1062	Duplicate entry '197' for key 'request.PRIMARY'
Warning	1062	Duplicate entry '198' for key 'request.PRIMARY'
Warning	1265	Data truncated for column 'request_date' at row 199
Warning	1366	Incorrect integer value: ' turpis enim blandit mi' for column 'request_status' at row 199
Warning	1366	Incorrect integer value: ' in porttitor pede justo eu massa."' for column 'admin_id' at row 199
Warning	1265	Data truncated for column 'meal_id' at row 199
Warning	1452	Cannot add or update a child row: a foreign key constraint fails (`masnaszama`.`request`, CONSTRAINT `FKms4u2nlimmmc5tetpj0jo583n` FOREIGN KEY (`admin_id`) REFERENCES `admin` (`person_id`))
Warning	1262	Row 199 was truncated; it contained more data than there were input columns
Warning	1062	Duplicate entry '200' for key 'request.PRIMARY'
Warning	1265	Data truncated for column 'request_date' at row 201
Warning	1366	Incorrect integer value: ' erat tortor sollicitudin mi' for column 'request_status' at row 201
Warning	1366	Incorrect integer value: ' sit amet lobortis sapien sapien non mi."' for column 'admin_id' at row 201
Warning	1265	Data truncated for column 'meal_id' at row 201
Warning	1452	Cannot add or update a child row: a foreign key constraint fails (`masnaszama`.`request`, CONSTRAINT `FKms4u2nlimmmc5tetpj0jo583n` FOREIGN KEY (`admin_id`) REFERENCES `admin` (`person_id`))
Warning	1262	Row 201 was truncated; it contained more data than there were input columns
Warning	1062	Duplicate entry '202' for key 'request.PRIMARY'
Warning	1062	Duplicate entry '203' for key 'request.PRIMARY'
Warning	1062	Duplicate entry '204' for key 'request.PRIMARY'
Warning	1062	Duplicate entry '205' for key 'request.PRIMARY'
Warning	1265	Data truncated for column 'request_date' at row 206
Warning	1366	Incorrect integer value: ' lobortis vel' for column 'request_status' at row 206
Warning	1366	Incorrect integer value: ' dapibus at' for column 'admin_id' at row 206
Warning	1366	Incorrect integer value: ' diam."' for column 'meal_id' at row 206
Warning	1452	Cannot add or update a child row: a foreign key constraint fails (`masnaszama`.`request`, CONSTRAINT `FKms4u2nlimmmc5tetpj0jo583n` FOREIGN KEY (`admin_id`) REFERENCES `admin` (`person_id`))
Warning	1262	Row 206 was truncated; it contained more data than there were input columns
Warning	1062	Duplicate entry '207' for key 'request.PRIMARY'
Warning	1265	Data truncated for column 'request_date' at row 208
Warning	1366	Incorrect integer value: ' consequat in' for column 'request_status' at row 208
Warning	1366	Incorrect integer value: ' consequat ut' for column 'admin_id' at row 208
Warning	1366	Incorrect integer value: ' nulla."' for column 'meal_id' at row 208
Warning	1452	Cannot add or update a child row: a foreign key constraint fails (`masnaszama`.`request`, CONSTRAINT `FKms4u2nlimmmc5tetpj0jo583n` FOREIGN KEY (`admin_id`) REFERENCES `admin` (`person_id`))
Warning	1262	Row 208 was truncated; it contained more data than there were input columns
Warning	1062	Duplicate entry '209' for key 'request.PRIMARY'
Warning	1062	Duplicate entry '210' for key 'request.PRIMARY'
Warning	1062	Duplicate entry '211' for key 'request.PRIMARY'
Warning	1062	Duplicate entry '212' for key 'request.PRIMARY'
Warning	1265	Data truncated for column 'request_date' at row 213
Warning	1366	Incorrect integer value: ' hendrerit at' for column 'request_status' at row 213
Warning	1366	Incorrect integer value: ' vulputate vitae' for column 'admin_id' at row 213
Warning	1366	Incorrect integer value: ' nisl."' for column 'meal_id' at row 213
Warning	1452	Cannot add or update a child row: a foreign key constraint fails (`masnaszama`.`request`, CONSTRAINT `FKms4u2nlimmmc5tetpj0jo583n` FOREIGN KEY (`admin_id`) REFERENCES `admin` (`person_id`))
Warning	1262	Row 213 was truncated; it contained more data than there were input columns
Warning	1062	Duplicate entry '214' for key 'request.PRIMARY'
Warning	1062	Duplicate entry '215' for key 'request.PRIMARY'
Warning	1062	Duplicate entry '216' for key 'request.PRIMARY'
Warning	1062	Duplicate entry '217' for key 'request.PRIMARY'
Warning	1062	Duplicate entry '218' for key 'request.PRIMARY'
Warning	1062	Duplicate entry '219' for key 'request.PRIMARY'
Warning	1265	Data truncated for column 'request_date' at row 220
Warning	1366	Incorrect integer value: ' imperdiet et' for column 'request_status' at row 220
Warning	1366	Incorrect integer value: ' commodo vulputate' for column 'admin_id' at row 220
Warning	1366	Incorrect integer value: ' justo."' for column 'meal_id' at row 220
Warning	1452	Cannot add or update a child row: a foreign key constraint fails (`masnaszama`.`request`, CONSTRAINT `FKms4u2nlimmmc5tetpj0jo583n` FOREIGN KEY (`admin_id`) REFERENCES `admin` (`person_id`))
Warning	1262	Row 220 was truncated; it contained more data than there were input columns
Warning	1062	Duplicate entry '221' for key 'request.PRIMARY'
Warning	1062	Duplicate entry '222' for key 'request.PRIMARY'
Warning	1062	Duplicate entry '223' for key 'request.PRIMARY'
Warning	1062	Duplicate entry '224' for key 'request.PRIMARY'
Warning	1265	Data truncated for column 'request_date' at row 225
Warning	1366	Incorrect integer value: ' turpis enim blandit mi' for column 'request_status' at row 225
Warning	1366	Incorrect integer value: ' in porttitor pede justo eu massa."' for column 'admin_id' at row 225
Warning	1265	Data truncated for column 'meal_id' at row 225
Warning	1452	Cannot add or update a child row: a foreign key constraint fails (`masnaszama`.`request`, CONSTRAINT `FKms4u2nlimmmc5tetpj0jo583n` FOREIGN KEY (`admin_id`) REFERENCES `admin` (`person_id`))
Warning	1262	Row 225 was truncated; it contained more data than there were input columns
Warning	1265	Data truncated for column 'request_date' at row 226
Warning	1366	Incorrect integer value: ' vestibulum sit amet' for column 'request_status' at row 226
Warning	1366	Incorrect integer value: ' cursus id' for column 'admin_id' at row 226
Warning	1366	Incorrect integer value: ' turpis."' for column 'meal_id' at row 226
Warning	1452	Cannot add or update a child row: a foreign key constraint fails (`masnaszama`.`request`, CONSTRAINT `FKms4u2nlimmmc5tetpj0jo583n` FOREIGN KEY (`admin_id`) REFERENCES `admin` (`person_id`))
Warning	1262	Row 226 was truncated; it contained more data than there were input columns
Warning	1062	Duplicate entry '227' for key 'request.PRIMARY'
Warning	1062	Duplicate entry '228' for key 'request.PRIMARY'
Warning	1062	Duplicate entry '229' for key 'request.PRIMARY'
Warning	1062	Duplicate entry '230' for key 'request.PRIMARY'
Warning	1062	Duplicate entry '231' for key 'request.PRIMARY'
Warning	1265	Data truncated for column 'request_date' at row 232
Warning	1366	Incorrect integer value: ' feugiat non' for column 'request_status' at row 232
Warning	1366	Incorrect integer value: ' pretium quis' for column 'admin_id' at row 232
Warning	1366	Incorrect integer value: ' lectus."' for column 'meal_id' at row 232
Warning	1452	Cannot add or update a child row: a foreign key constraint fails (`masnaszama`.`request`, CONSTRAINT `FKms4u2nlimmmc5tetpj0jo583n` FOREIGN KEY (`admin_id`) REFERENCES `admin` (`person_id`))
Warning	1262	Row 232 was truncated; it contained more data than there were input columns
Warning	1062	Duplicate entry '233' for key 'request.PRIMARY'
Warning	1062	Duplicate entry '234' for key 'request.PRIMARY'
Warning	1062	Duplicate entry '235' for key 'request.PRIMARY'
Warning	1062	Duplicate entry '236' for key 'request.PRIMARY'
Warning	1062	Duplicate entry '237' for key 'request.PRIMARY'
Warning	1265	Data truncated for column 'request_date' at row 238
Warning	1366	Incorrect integer value: ' luctus nec' for column 'request_status' at row 238
Warning	1366	Incorrect integer value: ' molestie sed' for column 'admin_id' at row 238
Warning	1366	Incorrect integer value: ' justo."' for column 'meal_id' at row 238
Warning	1452	Cannot add or update a child row: a foreign key constraint fails (`masnaszama`.`request`, CONSTRAINT `FKms4u2nlimmmc5tetpj0jo583n` FOREIGN KEY (`admin_id`) REFERENCES `admin` (`person_id`))
Warning	1262	Row 238 was truncated; it contained more data than there were input columns
Warning	1062	Duplicate entry '239' for key 'request.PRIMARY'
Warning	1062	Duplicate entry '240' for key 'request.PRIMARY'
Warning	1265	Data truncated for column 'request_date' at row 241
Warning	1366	Incorrect integer value: ' blandit non' for column 'request_status' at row 241
Warning	1366	Incorrect integer value: ' interdum in' for column 'admin_id' at row 241
Warning	1366	Incorrect integer value: ' ante."' for column 'meal_id' at row 241
Warning	1452	Cannot add or update a child row: a foreign key constraint fails (`masnaszama`.`request`, CONSTRAINT `FKms4u2nlimmmc5tetpj0jo583n` FOREIGN KEY (`admin_id`) REFERENCES `admin` (`person_id`))
Warning	1262	Row 241 was truncated; it contained more data than there were input columns
Warning	1062	Duplicate entry '242' for key 'request.PRIMARY'
Warning	1062	Duplicate entry '243' for key 'request.PRIMARY'
Warning	1062	Duplicate entry '244' for key 'request.PRIMARY'
Warning	1062	Duplicate entry '245' for key 'request.PRIMARY'
Warning	1062	Duplicate entry '246' for key 'request.PRIMARY'
Warning	1062	Duplicate entry '247' for key 'request.PRIMARY'
Warning	1062	Duplicate entry '248' for key 'request.PRIMARY'
Warning	1062	Duplicate entry '249' for key 'request.PRIMARY'
Warning	1062	Duplicate entry '250' for key 'request.PRIMARY'
Warning	1062	Duplicate entry '251' for key 'request.PRIMARY'
Warning	1062	Duplicate entry '252' for key 'request.PRIMARY'
Warning	1062	Duplicate entry '253' for key 'request.PRIMARY'
Warning	1062	Duplicate entry '254' for key 'request.PRIMARY'
Warning	1265	Data truncated for column 'request_date' at row 255
Warning	1366	Incorrect integer value: ' lobortis vel' for column 'request_status' at row 255
Warning	1366	Incorrect integer value: ' dapibus at' for column 'admin_id' at row 255
Warning	1366	Incorrect integer value: ' diam."' for column 'meal_id' at row 255
Warning	1452	Cannot add or update a child row: a foreign key constraint fails (`masnaszama`.`request`, CONSTRAINT `FKms4u2nlimmmc5tetpj0jo583n` FOREIGN KEY (`admin_id`) REFERENCES `admin` (`person_id`))
Warning	1262	Row 255 was truncated; it contained more data than there were input columns
Warning	1062	Duplicate entry '256' for key 'request.PRIMARY'
Warning	1062	Duplicate entry '257' for key 'request.PRIMARY'
Warning	1062	Duplicate entry '258' for key 'request.PRIMARY'
Warning	1062	Duplicate entry '259' for key 'request.PRIMARY'
Warning	1062	Duplicate entry '260' for key 'request.PRIMARY'
Warning	1265	Data truncated for column 'request_date' at row 261
Warning	1366	Incorrect integer value: ' est quam pharetra magna' for column 'request_status' at row 261
Warning	1366	Incorrect integer value: ' ac consequat metus sapien ut nunc."' for column 'admin_id' at row 261
Warning	1265	Data truncated for column 'meal_id' at row 261
Warning	1452	Cannot add or update a child row: a foreign key constraint fails (`masnaszama`.`request`, CONSTRAINT `FKms4u2nlimmmc5tetpj0jo583n` FOREIGN KEY (`admin_id`) REFERENCES `admin` (`person_id`))
Warning	1262	Row 261 was truncated; it contained more data than there were input columns
Warning	1062	Duplicate entry '262' for key 'request.PRIMARY'
Warning	1062	Duplicate entry '263' for key 'request.PRIMARY'
Warning	1062	Duplicate entry '264' for key 'request.PRIMARY'
Warning	1265	Data truncated for column 'request_date' at row 265
Warning	1366	Incorrect integer value: ' luctus nec' for column 'request_status' at row 265
Warning	1366	Incorrect integer value: ' molestie sed' for column 'admin_id' at row 265
Warning	1366	Incorrect integer value: ' justo."' for column 'meal_id' at row 265
Warning	1452	Cannot add or update a child row: a foreign key constraint fails (`masnaszama`.`request`, CONSTRAINT `FKms4u2nlimmmc5tetpj0jo583n` FOREIGN KEY (`admin_id`) REFERENCES `admin` (`person_id`))
Warning	1262	Row 265 was truncated; it contained more data than there were input columns
Warning	1062	Duplicate entry '266' for key 'request.PRIMARY'
Warning	1062	Duplicate entry '267' for key 'request.PRIMARY'
Warning	1062	Duplicate entry '268' for key 'request.PRIMARY'
Warning	1062	Duplicate entry '269' for key 'request.PRIMARY'
Warning	1062	Duplicate entry '270' for key 'request.PRIMARY'
Warning	1062	Duplicate entry '271' for key 'request.PRIMARY'
Warning	1062	Duplicate entry '272' for key 'request.PRIMARY'
Warning	1062	Duplicate entry '273' for key 'request.PRIMARY'
Warning	1062	Duplicate entry '274' for key 'request.PRIMARY'
Warning	1265	Data truncated for column 'request_date' at row 275
Warning	1366	Incorrect integer value: ' diam erat fermentum justo' for column 'request_status' at row 275
Warning	1366	Incorrect integer value: ' nec condimentum neque sapien placerat ante."' for column 'admin_id' at row 275
Warning	1265	Data truncated for column 'meal_id' at row 275
Warning	1452	Cannot add or update a child row: a foreign key constraint fails (`masnaszama`.`request`, CONSTRAINT `FKms4u2nlimmmc5tetpj0jo583n` FOREIGN KEY (`admin_id`) REFERENCES `admin` (`person_id`))
Warning	1262	Row 275 was truncated; it contained more data than there were input columns
Warning	1062	Duplicate entry '276' for key 'request.PRIMARY'
Warning	1062	Duplicate entry '277' for key 'request.PRIMARY'
Warning	1062	Duplicate entry '278' for key 'request.PRIMARY'
Warning	1062	Duplicate entry '279' for key 'request.PRIMARY'
Warning	1062	Duplicate entry '280' for key 'request.PRIMARY'
Warning	1265	Data truncated for column 'request_date' at row 281
Warning	1366	Incorrect integer value: ' hendrerit at' for column 'request_status' at row 281
Warning	1366	Incorrect integer value: ' vulputate vitae' for column 'admin_id' at row 281
Warning	1366	Incorrect integer value: ' nisl."' for column 'meal_id' at row 281
Warning	1452	Cannot add or update a child row: a foreign key constraint fails (`masnaszama`.`request`, CONSTRAINT `FKms4u2nlimmmc5tetpj0jo583n` FOREIGN KEY (`admin_id`) REFERENCES `admin` (`person_id`))
Warning	1262	Row 281 was truncated; it contained more data than there were input columns
Warning	1265	Data truncated for column 'request_date' at row 282
Warning	1366	Incorrect integer value: ' diam erat fermentum justo' for column 'request_status' at row 282
Warning	1366	Incorrect integer value: ' nec condimentum neque sapien placerat ante."' for column 'admin_id' at row 282
Warning	1265	Data truncated for column 'meal_id' at row 282
Warning	1452	Cannot add or update a child row: a foreign key constraint fails (`masnaszama`.`request`, CONSTRAINT `FKms4u2nlimmmc5tetpj0jo583n` FOREIGN KEY (`admin_id`) REFERENCES `admin` (`person_id`))
Warning	1262	Row 282 was truncated; it contained more data than there were input columns
Warning	1062	Duplicate entry '283' for key 'request.PRIMARY'
Warning	1062	Duplicate entry '284' for key 'request.PRIMARY'
Warning	1062	Duplicate entry '285' for key 'request.PRIMARY'
Warning	1062	Duplicate entry '286' for key 'request.PRIMARY'
Warning	1062	Duplicate entry '287' for key 'request.PRIMARY'
Warning	1062	Duplicate entry '288' for key 'request.PRIMARY'
Warning	1265	Data truncated for column 'request_date' at row 289
Warning	1366	Incorrect integer value: ' vulputate ut' for column 'request_status' at row 289
Warning	1366	Incorrect integer value: ' ultrices vel' for column 'admin_id' at row 289
Warning	1366	Incorrect integer value: ' augue."' for column 'meal_id' at row 289
Warning	1452	Cannot add or update a child row: a foreign key constraint fails (`masnaszama`.`request`, CONSTRAINT `FKms4u2nlimmmc5tetpj0jo583n` FOREIGN KEY (`admin_id`) REFERENCES `admin` (`person_id`))
Warning	1262	Row 289 was truncated; it contained more data than there were input columns
Warning	1062	Duplicate entry '290' for key 'request.PRIMARY'
Warning	1265	Data truncated for column 'request_date' at row 291
Warning	1265	Data truncated for column 'request_status' at row 291
Warning	1062	Duplicate entry '291' for key 'request.PRIMARY'
Warning	1262	Row 291 was truncated; it contained more data than there were input columns
Warning	1062	Duplicate entry '292' for key 'request.PRIMARY'
Warning	1062	Duplicate entry '293' for key 'request.PRIMARY'
Warning	1062	Duplicate entry '294' for key 'request.PRIMARY'
Warning	1062	Duplicate entry '295' for key 'request.PRIMARY'
Warning	1062	Duplicate entry '296' for key 'request.PRIMARY'
Warning	1062	Duplicate entry '297' for key 'request.PRIMARY'
Warning	1062	Duplicate entry '298' for key 'request.PRIMARY'
Warning	1062	Duplicate entry '299' for key 'request.PRIMARY'
Warning	1265	Data truncated for column 'request_date' at row 300
Warning	1366	Incorrect integer value: ' diam erat fermentum justo' for column 'request_status' at row 300
Warning	1366	Incorrect integer value: ' nec condimentum neque sapien placerat ante."' for column 'admin_id' at row 300
Warning	1265	Data truncated for column 'meal_id' at row 300
Warning	1452	Cannot add or update a child row: a foreign key constraint fails (`masnaszama`.`request`, CONSTRAINT `FKms4u2nlimmmc5tetpj0jo583n` FOREIGN KEY (`admin_id`) REFERENCES `admin` (`person_id`))
Warning	1262	Row 300 was truncated; it contained more data than there were input columns
Warning	1062	Duplicate entry '301' for key 'request.PRIMARY'
Warning	1062	Duplicate entry '302' for key 'request.PRIMARY'
Warning	1062	Duplicate entry '303' for key 'request.PRIMARY'
Warning	1265	Data truncated for column 'request_date' at row 304
Warning	1366	Incorrect integer value: ' nulla pede ullamcorper augue' for column 'request_status' at row 304
Warning	1366	Incorrect integer value: ' a suscipit nulla elit ac nulla."' for column 'admin_id' at row 304
Warning	1265	Data truncated for column 'meal_id' at row 304
Warning	1452	Cannot add or update a child row: a foreign key constraint fails (`masnaszama`.`request`, CONSTRAINT `FKms4u2nlimmmc5tetpj0jo583n` FOREIGN KEY (`admin_id`) REFERENCES `admin` (`person_id`))
Warning	1262	Row 304 was truncated; it contained more data than there were input columns
Warning	1062	Duplicate entry '305' for key 'request.PRIMARY'
Warning	1062	Duplicate entry '306' for key 'request.PRIMARY'
Warning	1062	Duplicate entry '307' for key 'request.PRIMARY'
Warning	1062	Duplicate entry '308' for key 'request.PRIMARY'
Warning	1062	Duplicate entry '309' for key 'request.PRIMARY'
Warning	1062	Duplicate entry '310' for key 'request.PRIMARY'
Warning	1265	Data truncated for column 'request_date' at row 311
Warning	1366	Incorrect integer value: ' imperdiet et' for column 'request_status' at row 311
Warning	1366	Incorrect integer value: ' commodo vulputate' for column 'admin_id' at row 311
Warning	1366	Incorrect integer value: ' justo."' for column 'meal_id' at row 311
Warning	1452	Cannot add or update a child row: a foreign key constraint fails (`masnaszama`.`request`, CONSTRAINT `FKms4u2nlimmmc5tetpj0jo583n` FOREIGN KEY (`admin_id`) REFERENCES `admin` (`person_id`))
Warning	1262	Row 311 was truncated; it contained more data than there were input columns
Warning	1062	Duplicate entry '312' for key 'request.PRIMARY'
Warning	1062	Duplicate entry '313' for key 'request.PRIMARY'
Warning	1062	Duplicate entry '314' for key 'request.PRIMARY'
Warning	1062	Duplicate entry '315' for key 'request.PRIMARY'
Warning	1062	Duplicate entry '316' for key 'request.PRIMARY'
Warning	1062	Duplicate entry '317' for key 'request.PRIMARY'
Warning	1062	Duplicate entry '318' for key 'request.PRIMARY'
Warning	1062	Duplicate entry '319' for key 'request.PRIMARY'
Warning	1062	Duplicate entry '320' for key 'request.PRIMARY'
Warning	1265	Data truncated for column 'request_date' at row 321
Warning	1366	Incorrect integer value: ' feugiat non' for column 'request_status' at row 321
Warning	1366	Incorrect integer value: ' pretium quis' for column 'admin_id' at row 321
Warning	1366	Incorrect integer value: ' lectus."' for column 'meal_id' at row 321
Warning	1452	Cannot add or update a child row: a foreign key constraint fails (`masnaszama`.`request`, CONSTRAINT `FKms4u2nlimmmc5tetpj0jo583n` FOREIGN KEY (`admin_id`) REFERENCES `admin` (`person_id`))
Warning	1262	Row 321 was truncated; it contained more data than there were input columns
Warning	1062	Duplicate entry '322' for key 'request.PRIMARY'
Warning	1062	Duplicate entry '323' for key 'request.PRIMARY'
Warning	1062	Duplicate entry '324' for key 'request.PRIMARY'
Warning	1062	Duplicate entry '325' for key 'request.PRIMARY'
Warning	1062	Duplicate entry '326' for key 'request.PRIMARY'
Warning	1062	Duplicate entry '327' for key 'request.PRIMARY'
Warning	1062	Duplicate entry '328' for key 'request.PRIMARY'
Warning	1062	Duplicate entry '329' for key 'request.PRIMARY'
Warning	1265	Data truncated for column 'request_date' at row 330
Warning	1366	Incorrect integer value: ' vestibulum sit amet' for column 'request_status' at row 330
Warning	1366	Incorrect integer value: ' cursus id' for column 'admin_id' at row 330
Warning	1366	Incorrect integer value: ' turpis."' for column 'meal_id' at row 330
Warning	1452	Cannot add or update a child row: a foreign key constraint fails (`masnaszama`.`request`, CONSTRAINT `FKms4u2nlimmmc5tetpj0jo583n` FOREIGN KEY (`admin_id`) REFERENCES `admin` (`person_id`))
Warning	1262	Row 330 was truncated; it contained more data than there were input columns
Warning	1062	Duplicate entry '331' for key 'request.PRIMARY'
Warning	1062	Duplicate entry '332' for key 'request.PRIMARY'
Warning	1062	Duplicate entry '333' for key 'request.PRIMARY'
Warning	1062	Duplicate entry '334' for key 'request.PRIMARY'
Warning	1265	Data truncated for column 'request_date' at row 335
Warning	1366	Incorrect integer value: ' tortor risus dapibus augue' for column 'request_status' at row 335
Warning	1366	Incorrect integer value: ' vel accumsan tellus nisi eu orci."' for column 'admin_id' at row 335
Warning	1265	Data truncated for column 'meal_id' at row 335
Warning	1452	Cannot add or update a child row: a foreign key constraint fails (`masnaszama`.`request`, CONSTRAINT `FKms4u2nlimmmc5tetpj0jo583n` FOREIGN KEY (`admin_id`) REFERENCES `admin` (`person_id`))
Warning	1262	Row 335 was truncated; it contained more data than there were input columns
Warning	1265	Data truncated for column 'request_date' at row 336
Warning	1366	Incorrect integer value: ' consequat in' for column 'request_status' at row 336
Warning	1366	Incorrect integer value: ' consequat ut' for column 'admin_id' at row 336
Warning	1366	Incorrect integer value: ' nulla."' for column 'meal_id' at row 336
Warning	1452	Cannot add or update a child row: a foreign key constraint fails (`masnaszama`.`request`, CONSTRAINT `FKms4u2nlimmmc5tetpj0jo583n` FOREIGN KEY (`admin_id`) REFERENCES `admin` (`person_id`))
Warning	1262	Row 336 was truncated; it contained more data than there were input columns
Warning	1062	Duplicate entry '337' for key 'request.PRIMARY'
Warning	1062	Duplicate entry '338' for key 'request.PRIMARY'
Warning	1062	Duplicate entry '339' for key 'request.PRIMARY'
Warning	1062	Duplicate entry '340' for key 'request.PRIMARY'
Warning	1062	Duplicate entry '341' for key 'request.PRIMARY'
Warning	1062	Duplicate entry '342' for key 'request.PRIMARY'
Warning	1062	Duplicate entry '343' for key 'request.PRIMARY'
Warning	1062	Duplicate entry '344' for key 'request.PRIMARY'
Warning	1062	Duplicate entry '345' for key 'request.PRIMARY'
Warning	1062	Duplicate entry '346' for key 'request.PRIMARY'
Warning	1062	Duplicate entry '347' for key 'request.PRIMARY'
Warning	1062	Duplicate entry '348' for key 'request.PRIMARY'
Warning	1062	Duplicate entry '349' for key 'request.PRIMARY'
Warning	1062	Duplicate entry '350' for key 'request.PRIMARY'
Warning	1062	Duplicate entry '351' for key 'request.PRIMARY'
Warning	1265	Data truncated for column 'request_date' at row 352
Warning	1366	Incorrect integer value: ' feugiat non' for column 'request_status' at row 352
Warning	1366	Incorrect integer value: ' pretium quis' for column 'admin_id' at row 352
Warning	1366	Incorrect integer value: ' lectus."' for column 'meal_id' at row 352
Warning	1452	Cannot add or update a child row: a foreign key constraint fails (`masnaszama`.`request`, CONSTRAINT `FKms4u2nlimmmc5tetpj0jo583n` FOREIGN KEY (`admin_id`) REFERENCES `admin` (`person_id`))
Warning	1262	Row 352 was truncated; it contained more data than there were input columns
Warning	1062	Duplicate entry '353' for key 'request.PRIMARY'
Warning	1062	Duplicate entry '354' for key 'request.PRIMARY'
Warning	1062	Duplicate entry '355' for key 'request.PRIMARY'
Warning	1062	Duplicate entry '356' for key 'request.PRIMARY'
Warning	1062	Duplicate entry '357' for key 'request.PRIMARY'
Warning	1062	Duplicate entry '358' for key 'request.PRIMARY'
Warning	1062	Duplicate entry '359' for key 'request.PRIMARY'
Warning	1062	Duplicate entry '360' for key 'request.PRIMARY'
Warning	1062	Duplicate entry '361' for key 'request.PRIMARY'
Warning	1265	Data truncated for column 'request_date' at row 362
Warning	1366	Incorrect integer value: ' quam pede lobortis ligula' for column 'request_status' at row 362
Warning	1366	Incorrect integer value: ' sit amet eleifend pede libero quis orci."' for column 'admin_id' at row 362
Warning	1265	Data truncated for column 'meal_id' at row 362
Warning	1452	Cannot add or update a child row: a foreign key constraint fails (`masnaszama`.`request`, CONSTRAINT `FKms4u2nlimmmc5tetpj0jo583n` FOREIGN KEY (`admin_id`) REFERENCES `admin` (`person_id`))
Warning	1262	Row 362 was truncated; it contained more data than there were input columns
Warning	1062	Duplicate entry '363' for key 'request.PRIMARY'
Warning	1062	Duplicate entry '364' for key 'request.PRIMARY'
Warning	1062	Duplicate entry '365' for key 'request.PRIMARY'
Warning	1062	Duplicate entry '366' for key 'request.PRIMARY'
Warning	1062	Duplicate entry '367' for key 'request.PRIMARY'
Warning	1062	Duplicate entry '368' for key 'request.PRIMARY'
Warning	1265	Data truncated for column 'request_date' at row 369
Warning	1265	Data truncated for column 'request_status' at row 369
Warning	1062	Duplicate entry '369' for key 'request.PRIMARY'
Warning	1262	Row 369 was truncated; it contained more data than there were input columns
Warning	1062	Duplicate entry '370' for key 'request.PRIMARY'
Warning	1062	Duplicate entry '371' for key 'request.PRIMARY'
Warning	1265	Data truncated for column 'request_date' at row 372
Warning	1265	Data truncated for column 'request_status' at row 372
Warning	1452	Cannot add or update a child row: a foreign key constraint fails (`masnaszama`.`request`, CONSTRAINT `FKms4u2nlimmmc5tetpj0jo583n` FOREIGN KEY (`admin_id`) REFERENCES `admin` (`person_id`))
Warning	1262	Row 372 was truncated; it contained more data than there were input columns
Warning	1062	Duplicate entry '373' for key 'request.PRIMARY'
Warning	1062	Duplicate entry '374' for key 'request.PRIMARY'
Warning	1062	Duplicate entry '375' for key 'request.PRIMARY'
Warning	1062	Duplicate entry '376' for key 'request.PRIMARY'
Warning	1265	Data truncated for column 'request_date' at row 377
Warning	1366	Incorrect integer value: ' eleifend luctus' for column 'request_status' at row 377
Warning	1366	Incorrect integer value: ' ultricies eu' for column 'admin_id' at row 377
Warning	1366	Incorrect integer value: ' nibh."' for column 'meal_id' at row 377
Warning	1452	Cannot add or update a child row: a foreign key constraint fails (`masnaszama`.`request`, CONSTRAINT `FKms4u2nlimmmc5tetpj0jo583n` FOREIGN KEY (`admin_id`) REFERENCES `admin` (`person_id`))
Warning	1262	Row 377 was truncated; it contained more data than there were input columns
Warning	1062	Duplicate entry '378' for key 'request.PRIMARY'
Warning	1062	Duplicate entry '379' for key 'request.PRIMARY'
Warning	1062	Duplicate entry '380' for key 'request.PRIMARY'
Warning	1062	Duplicate entry '381' for key 'request.PRIMARY'
Warning	1265	Data truncated for column 'request_date' at row 382
Warning	1366	Incorrect integer value: ' erat tortor sollicitudin mi' for column 'request_status' at row 382
Warning	1366	Incorrect integer value: ' sit amet lobortis sapien sapien non mi."' for column 'admin_id' at row 382
Warning	1265	Data truncated for column 'meal_id' at row 382
Warning	1452	Cannot add or update a child row: a foreign key constraint fails (`masnaszama`.`request`, CONSTRAINT `FKms4u2nlimmmc5tetpj0jo583n` FOREIGN KEY (`admin_id`) REFERENCES `admin` (`person_id`))
Warning	1262	Row 382 was truncated; it contained more data than there were input columns
Warning	1062	Duplicate entry '383' for key 'request.PRIMARY'
Warning	1062	Duplicate entry '384' for key 'request.PRIMARY'
Warning	1062	Duplicate entry '385' for key 'request.PRIMARY'
Warning	1062	Duplicate entry '386' for key 'request.PRIMARY'
Warning	1062	Duplicate entry '387' for key 'request.PRIMARY'
Warning	1062	Duplicate entry '388' for key 'request.PRIMARY'
Warning	1062	Duplicate entry '389' for key 'request.PRIMARY'
Warning	1062	Duplicate entry '390' for key 'request.PRIMARY'
Warning	1062	Duplicate entry '391' for key 'request.PRIMARY'
Warning	1062	Duplicate entry '392' for key 'request.PRIMARY'
Warning	1265	Data truncated for column 'request_date' at row 393
Warning	1366	Incorrect integer value: ' congue eget' for column 'request_status' at row 393
Warning	1366	Incorrect integer value: ' semper rutrum' for column 'admin_id' at row 393
Warning	1366	Incorrect integer value: ' nulla."' for column 'meal_id' at row 393
Warning	1452	Cannot add or update a child row: a foreign key constraint fails (`masnaszama`.`request`, CONSTRAINT `FKms4u2nlimmmc5tetpj0jo583n` FOREIGN KEY (`admin_id`) REFERENCES `admin` (`person_id`))
Warning	1262	Row 393 was truncated; it contained more data than there were input columns
Warning	1062	Duplicate entry '394' for key 'request.PRIMARY'
Warning	1062	Duplicate entry '395' for key 'request.PRIMARY'
Warning	1062	Duplicate entry '396' for key 'request.PRIMARY'
Warning	1062	Duplicate entry '397' for key 'request.PRIMARY'
Warning	1062	Duplicate entry '398' for key 'request.PRIMARY'
Warning	1062	Duplicate entry '399' for key 'request.PRIMARY'
Warning	1062	Duplicate entry '400' for key 'request.PRIMARY'
Warning	1265	Data truncated for column 'request_date' at row 401
Warning	1366	Incorrect integer value: ' luctus nec' for column 'request_status' at row 401
Warning	1366	Incorrect integer value: ' molestie sed' for column 'admin_id' at row 401
Warning	1366	Incorrect integer value: ' justo."' for column 'meal_id' at row 401
Warning	1452	Cannot add or update a child row: a foreign key constraint fails (`masnaszama`.`request`, CONSTRAINT `FKms4u2nlimmmc5tetpj0jo583n` FOREIGN KEY (`admin_id`) REFERENCES `admin` (`person_id`))
Warning	1262	Row 401 was truncated; it contained more data than there were input columns
Warning	1062	Duplicate entry '402' for key 'request.PRIMARY'
Warning	1062	Duplicate entry '403' for key 'request.PRIMARY'
Warning	1062	Duplicate entry '404' for key 'request.PRIMARY'
Warning	1062	Duplicate entry '405' for key 'request.PRIMARY'
Warning	1062	Duplicate entry '406' for key 'request.PRIMARY'
Warning	1062	Duplicate entry '407' for key 'request.PRIMARY'
Warning	1265	Data truncated for column 'request_date' at row 408
Warning	1366	Incorrect integer value: ' erat tortor sollicitudin mi' for column 'request_status' at row 408
Warning	1366	Incorrect integer value: ' sit amet lobortis sapien sapien non mi."' for column 'admin_id' at row 408
Warning	1265	Data truncated for column 'meal_id' at row 408
Warning	1452	Cannot add or update a child row: a foreign key constraint fails (`masnaszama`.`request`, CONSTRAINT `FKms4u2nlimmmc5tetpj0jo583n` FOREIGN KEY (`admin_id`) REFERENCES `admin` (`person_id`))
Warning	1262	Row 408 was truncated; it contained more data than there were input columns
Warning	1062	Duplicate entry '409' for key 'request.PRIMARY'
Warning	1062	Duplicate entry '410' for key 'request.PRIMARY'
Warning	1062	Duplicate entry '411' for key 'request.PRIMARY'
Warning	1062	Duplicate entry '412' for key 'request.PRIMARY'
Warning	1062	Duplicate entry '413' for key 'request.PRIMARY'
Warning	1062	Duplicate entry '414' for key 'request.PRIMARY'
Warning	1062	Duplicate entry '415' for key 'request.PRIMARY'
Warning	1062	Duplicate entry '416' for key 'request.PRIMARY'
Warning	1062	Duplicate entry '417' for key 'request.PRIMARY'
Warning	1062	Duplicate entry '418' for key 'request.PRIMARY'
Warning	1062	Duplicate entry '419' for key 'request.PRIMARY'
Warning	1062	Duplicate entry '420' for key 'request.PRIMARY'
Warning	1062	Duplicate entry '421' for key 'request.PRIMARY'
Warning	1062	Duplicate entry '422' for key 'request.PRIMARY'
Warning	1062	Duplicate entry '423' for key 'request.PRIMARY'
Warning	1062	Duplicate entry '424' for key 'request.PRIMARY'
Warning	1062	Duplicate entry '425' for key 'request.PRIMARY'
Warning	1062	Duplicate entry '426' for key 'request.PRIMARY'
Warning	1062	Duplicate entry '427' for key 'request.PRIMARY'
Warning	1062	Duplicate entry '428' for key 'request.PRIMARY'
Warning	1062	Duplicate entry '429' for key 'request.PRIMARY'
Warning	1062	Duplicate entry '430' for key 'request.PRIMARY'
Warning	1062	Duplicate entry '431' for key 'request.PRIMARY'
Warning	1062	Duplicate entry '432' for key 'request.PRIMARY'
Warning	1062	Duplicate entry '433' for key 'request.PRIMARY'
Warning	1062	Duplicate entry '434' for key 'request.PRIMARY'
Warning	1062	Duplicate entry '435' for key 'request.PRIMARY'
Warning	1062	Duplicate entry '436' for key 'request.PRIMARY'
Warning	1265	Data truncated for column 'request_date' at row 437
Warning	1366	Incorrect integer value: ' blandit non' for column 'request_status' at row 437
Warning	1366	Incorrect integer value: ' interdum in' for column 'admin_id' at row 437
Warning	1366	Incorrect integer value: ' ante."' for column 'meal_id' at row 437
Warning	1452	Cannot add or update a child row: a foreign key constraint fails (`masnaszama`.`request`, CONSTRAINT `FKms4u2nlimmmc5tetpj0jo583n` FOREIGN KEY (`admin_id`) REFERENCES `admin` (`person_id`))
Warning	1262	Row 437 was truncated; it contained more data than there were input columns
Warning	1062	Duplicate entry '438' for key 'request.PRIMARY'
Warning	1062	Duplicate entry '439' for key 'request.PRIMARY'
Warning	1062	Duplicate entry '440' for key 'request.PRIMARY'
Warning	1062	Duplicate entry '441' for key 'request.PRIMARY'
Warning	1062	Duplicate entry '442' for key 'request.PRIMARY'
Warning	1062	Duplicate entry '443' for key 'request.PRIMARY'
Warning	1265	Data truncated for column 'request_date' at row 444
Warning	1366	Incorrect integer value: ' consequat in' for column 'request_status' at row 444
Warning	1366	Incorrect integer value: ' consequat ut' for column 'admin_id' at row 444
Warning	1366	Incorrect integer value: ' nulla."' for column 'meal_id' at row 444
Warning	1452	Cannot add or update a child row: a foreign key constraint fails (`masnaszama`.`request`, CONSTRAINT `FKms4u2nlimmmc5tetpj0jo583n` FOREIGN KEY (`admin_id`) REFERENCES `admin` (`person_id`))
Warning	1262	Row 444 was truncated; it contained more data than there were input columns
Warning	1265	Data truncated for column 'request_date' at row 445
Warning	1366	Incorrect integer value: ' est quam pharetra magna' for column 'request_status' at row 445
Warning	1366	Incorrect integer value: ' ac consequat metus sapien ut nunc."' for column 'admin_id' at row 445
Warning	1265	Data truncated for column 'meal_id' at row 445
Warning	1452	Cannot add or update a child row: a foreign key constraint fails (`masnaszama`.`request`, CONSTRAINT `FKms4u2nlimmmc5tetpj0jo583n` FOREIGN KEY (`admin_id`) REFERENCES `admin` (`person_id`))
Warning	1262	Row 445 was truncated; it contained more data than there were input columns
Warning	1062	Duplicate entry '446' for key 'request.PRIMARY'
Warning	1265	Data truncated for column 'request_date' at row 447
Warning	1366	Incorrect integer value: ' suscipit a' for column 'request_status' at row 447
Warning	1366	Incorrect integer value: ' feugiat et' for column 'admin_id' at row 447
Warning	1366	Incorrect integer value: ' eros."' for column 'meal_id' at row 447
Warning	1452	Cannot add or update a child row: a foreign key constraint fails (`masnaszama`.`request`, CONSTRAINT `FKms4u2nlimmmc5tetpj0jo583n` FOREIGN KEY (`admin_id`) REFERENCES `admin` (`person_id`))
Warning	1262	Row 447 was truncated; it contained more data than there were input columns
Warning	1062	Duplicate entry '448' for key 'request.PRIMARY'
Warning	1062	Duplicate entry '449' for key 'request.PRIMARY'
Warning	1062	Duplicate entry '450' for key 'request.PRIMARY'
Warning	1062	Duplicate entry '451' for key 'request.PRIMARY'
Warning	1062	Duplicate entry '452' for key 'request.PRIMARY'
Warning	1062	Duplicate entry '453' for key 'request.PRIMARY'
Warning	1062	Duplicate entry '454' for key 'request.PRIMARY'
Warning	1062	Duplicate entry '455' for key 'request.PRIMARY'
Warning	1062	Duplicate entry '456' for key 'request.PRIMARY'
Warning	1062	Duplicate entry '457' for key 'request.PRIMARY'
Warning	1062	Duplicate entry '458' for key 'request.PRIMARY'
Warning	1062	Duplicate entry '459' for key 'request.PRIMARY'
Warning	1062	Duplicate entry '460' for key 'request.PRIMARY'
Warning	1062	Duplicate entry '461' for key 'request.PRIMARY'
Warning	1062	Duplicate entry '462' for key 'request.PRIMARY'
Warning	1062	Duplicate entry '463' for key 'request.PRIMARY'
Warning	1265	Data truncated for column 'request_date' at row 464
Warning	1366	Incorrect integer value: ' erat tortor sollicitudin mi' for column 'request_status' at row 464
Warning	1366	Incorrect integer value: ' sit amet lobortis sapien sapien non mi."' for column 'admin_id' at row 464
Warning	1265	Data truncated for column 'meal_id' at row 464
Warning	1452	Cannot add or update a child row: a foreign key constraint fails (`masnaszama`.`request`, CONSTRAINT `FKms4u2nlimmmc5tetpj0jo583n` FOREIGN KEY (`admin_id`) REFERENCES `admin` (`person_id`))
Warning	1262	Row 464 was truncated; it contained more data than there were input columns
Warning	1062	Duplicate entry '465' for key 'request.PRIMARY'
Warning	1062	Duplicate entry '466' for key 'request.PRIMARY'
Warning	1265	Data truncated for column 'request_date' at row 467
Warning	1366	Incorrect integer value: ' eleifend luctus' for column 'request_status' at row 467
Warning	1366	Incorrect integer value: ' ultricies eu' for column 'admin_id' at row 467
Warning	1366	Incorrect integer value: ' nibh."' for column 'meal_id' at row 467
Warning	1452	Cannot add or update a child row: a foreign key constraint fails (`masnaszama`.`request`, CONSTRAINT `FKms4u2nlimmmc5tetpj0jo583n` FOREIGN KEY (`admin_id`) REFERENCES `admin` (`person_id`))
Warning	1262	Row 467 was truncated; it contained more data than there were input columns
Warning	1062	Duplicate entry '468' for key 'request.PRIMARY'
Warning	1062	Duplicate entry '469' for key 'request.PRIMARY'
Warning	1265	Data truncated for column 'request_date' at row 470
Warning	1366	Incorrect integer value: ' est quam pharetra magna' for column 'request_status' at row 470
Warning	1366	Incorrect integer value: ' ac consequat metus sapien ut nunc."' for column 'admin_id' at row 470
Warning	1265	Data truncated for column 'meal_id' at row 470
Warning	1452	Cannot add or update a child row: a foreign key constraint fails (`masnaszama`.`request`, CONSTRAINT `FKms4u2nlimmmc5tetpj0jo583n` FOREIGN KEY (`admin_id`) REFERENCES `admin` (`person_id`))
Warning	1262	Row 470 was truncated; it contained more data than there were input columns
Warning	1062	Duplicate entry '471' for key 'request.PRIMARY'
Warning	1062	Duplicate entry '472' for key 'request.PRIMARY'
Warning	1062	Duplicate entry '473' for key 'request.PRIMARY'
Warning	1062	Duplicate entry '474' for key 'request.PRIMARY'
Warning	1265	Data truncated for column 'request_date' at row 475
Warning	1366	Incorrect integer value: ' eleifend luctus' for column 'request_status' at row 475
Warning	1366	Incorrect integer value: ' ultricies eu' for column 'admin_id' at row 475
Warning	1366	Incorrect integer value: ' nibh."' for column 'meal_id' at row 475
Warning	1452	Cannot add or update a child row: a foreign key constraint fails (`masnaszama`.`request`, CONSTRAINT `FKms4u2nlimmmc5tetpj0jo583n` FOREIGN KEY (`admin_id`) REFERENCES `admin` (`person_id`))
Warning	1262	Row 475 was truncated; it contained more data than there were input columns
Warning	1062	Duplicate entry '476' for key 'request.PRIMARY'
Warning	1062	Duplicate entry '477' for key 'request.PRIMARY'
Warning	1265	Data truncated for column 'request_date' at row 478
Warning	1265	Data truncated for column 'request_status' at row 478
Warning	1062	Duplicate entry '478' for key 'request.PRIMARY'
Warning	1262	Row 478 was truncated; it contained more data than there were input columns
Warning	1062	Duplicate entry '479' for key 'request.PRIMARY'
Warning	1062	Duplicate entry '480' for key 'request.PRIMARY'
Warning	1062	Duplicate entry '481' for key 'request.PRIMARY'
Warning	1062	Duplicate entry '482' for key 'request.PRIMARY'
Warning	1062	Duplicate entry '483' for key 'request.PRIMARY'
Warning	1265	Data truncated for column 'request_date' at row 484
Warning	1366	Incorrect integer value: ' hendrerit at' for column 'request_status' at row 484
Warning	1366	Incorrect integer value: ' vulputate vitae' for column 'admin_id' at row 484
Warning	1366	Incorrect integer value: ' nisl."' for column 'meal_id' at row 484
Warning	1452	Cannot add or update a child row: a foreign key constraint fails (`masnaszama`.`request`, CONSTRAINT `FKms4u2nlimmmc5tetpj0jo583n` FOREIGN KEY (`admin_id`) REFERENCES `admin` (`person_id`))
Warning	1262	Row 484 was truncated; it contained more data than there were input columns
Warning	1062	Duplicate entry '485' for key 'request.PRIMARY'
Warning	1265	Data truncated for column 'request_date' at row 486
Warning	1366	Incorrect integer value: ' congue eget' for column 'request_status' at row 486
Warning	1366	Incorrect integer value: ' semper rutrum' for column 'admin_id' at row 486
Warning	1366	Incorrect integer value: ' nulla."' for column 'meal_id' at row 486
Warning	1452	Cannot add or update a child row: a foreign key constraint fails (`masnaszama`.`request`, CONSTRAINT `FKms4u2nlimmmc5tetpj0jo583n` FOREIGN KEY (`admin_id`) REFERENCES `admin` (`person_id`))
Warning	1262	Row 486 was truncated; it contained more data than there were input columns
Warning	1062	Duplicate entry '487' for key 'request.PRIMARY'
Warning	1062	Duplicate entry '488' for key 'request.PRIMARY'
Warning	1062	Duplicate entry '489' for key 'request.PRIMARY'
Warning	1062	Duplicate entry '490' for key 'request.PRIMARY'
Warning	1062	Duplicate entry '491' for key 'request.PRIMARY'
Warning	1062	Duplicate entry '492' for key 'request.PRIMARY'
Warning	1062	Duplicate entry '493' for key 'request.PRIMARY'
Warning	1265	Data truncated for column 'request_date' at row 494
Warning	1366	Incorrect integer value: ' luctus nec' for column 'request_status' at row 494
Warning	1366	Incorrect integer value: ' molestie sed' for column 'admin_id' at row 494
Warning	1366	Incorrect integer value: ' justo."' for column 'meal_id' at row 494
Warning	1452	Cannot add or update a child row: a foreign key constraint fails (`masnaszama`.`request`, CONSTRAINT `FKms4u2nlimmmc5tetpj0jo583n` FOREIGN KEY (`admin_id`) REFERENCES `admin` (`person_id`))
Warning	1262	Row 494 was truncated; it contained more data than there were input columns
Warning	1062	Duplicate entry '495' for key 'request.PRIMARY'
Warning	1062	Duplicate entry '496' for key 'request.PRIMARY'
Warning	1062	Duplicate entry '497' for key 'request.PRIMARY'
Warning	1265	Data truncated for column 'request_date' at row 498
Warning	1366	Incorrect integer value: ' consectetuer eget' for column 'request_status' at row 498
Warning	1366	Incorrect integer value: ' rutrum at' for column 'admin_id' at row 498
Warning	1366	Incorrect integer value: ' lorem."' for column 'meal_id' at row 498
Warning	1452	Cannot add or update a child row: a foreign key constraint fails (`masnaszama`.`request`, CONSTRAINT `FKms4u2nlimmmc5tetpj0jo583n` FOREIGN KEY (`admin_id`) REFERENCES `admin` (`person_id`))
Warning	1262	Row 498 was truncated; it contained more data than there were input columns
Warning	1062	Duplicate entry '499' for key 'request.PRIMARY'
Warning	1062	Duplicate entry '500' for key 'request.PRIMARY'
Warning	1062	Duplicate entry '501' for key 'request.PRIMARY'
Warning	1062	Duplicate entry '502' for key 'request.PRIMARY'
Warning	1062	Duplicate entry '503' for key 'request.PRIMARY'
Warning	1265	Data truncated for column 'request_date' at row 504
Warning	1366	Incorrect integer value: ' tristique in' for column 'request_status' at row 504
Warning	1366	Incorrect integer value: ' tempus sit amet' for column 'admin_id' at row 504
Warning	1366	Incorrect integer value: ' sem."' for column 'meal_id' at row 504
Warning	1452	Cannot add or update a child row: a foreign key constraint fails (`masnaszama`.`request`, CONSTRAINT `FKms4u2nlimmmc5tetpj0jo583n` FOREIGN KEY (`admin_id`) REFERENCES `admin` (`person_id`))
Warning	1262	Row 504 was truncated; it contained more data than there were input columns
Warning	1062	Duplicate entry '505' for key 'request.PRIMARY'
Warning	1062	Duplicate entry '506' for key 'request.PRIMARY'
Warning	1062	Duplicate entry '507' for key 'request.PRIMARY'
Warning	1062	Duplicate entry '508' for key 'request.PRIMARY'
Warning	1062	Duplicate entry '509' for key 'request.PRIMARY'
Warning	1062	Duplicate entry '510' for key 'request.PRIMARY'
Warning	1062	Duplicate entry '511' for key 'request.PRIMARY'
Warning	1265	Data truncated for column 'request_date' at row 512
Warning	1366	Incorrect integer value: ' lobortis vel' for column 'request_status' at row 512
Warning	1366	Incorrect integer value: ' dapibus at' for column 'admin_id' at row 512
Warning	1366	Incorrect integer value: ' diam."' for column 'meal_id' at row 512
Warning	1452	Cannot add or update a child row: a foreign key constraint fails (`masnaszama`.`request`, CONSTRAINT `FKms4u2nlimmmc5tetpj0jo583n` FOREIGN KEY (`admin_id`) REFERENCES `admin` (`person_id`))
Warning	1262	Row 512 was truncated; it contained more data than there were input columns
Warning	1062	Duplicate entry '513' for key 'request.PRIMARY'
Warning	1062	Duplicate entry '514' for key 'request.PRIMARY'
Warning	1062	Duplicate entry '515' for key 'request.PRIMARY'
Warning	1062	Duplicate entry '516' for key 'request.PRIMARY'
Warning	1062	Duplicate entry '517' for key 'request.PRIMARY'
Warning	1062	Duplicate entry '518' for key 'request.PRIMARY'
Warning	1062	Duplicate entry '519' for key 'request.PRIMARY'
Warning	1062	Duplicate entry '520' for key 'request.PRIMARY'
Warning	1062	Duplicate entry '521' for key 'request.PRIMARY'
Warning	1062	Duplicate entry '522' for key 'request.PRIMARY'
Warning	1062	Duplicate entry '523' for key 'request.PRIMARY'
Warning	1265	Data truncated for column 'request_date' at row 524
Warning	1366	Incorrect integer value: ' hendrerit at' for column 'request_status' at row 524
Warning	1366	Incorrect integer value: ' vulputate vitae' for column 'admin_id' at row 524
Warning	1366	Incorrect integer value: ' nisl."' for column 'meal_id' at row 524
Warning	1452	Cannot add or update a child row: a foreign key constraint fails (`masnaszama`.`request`, CONSTRAINT `FKms4u2nlimmmc5tetpj0jo583n` FOREIGN KEY (`admin_id`) REFERENCES `admin` (`person_id`))
Warning	1262	Row 524 was truncated; it contained more data than there were input columns
Warning	1265	Data truncated for column 'request_date' at row 525
Warning	1366	Incorrect integer value: ' tristique in' for column 'request_status' at row 525
Warning	1366	Incorrect integer value: ' tempus sit amet' for column 'admin_id' at row 525
Warning	1366	Incorrect integer value: ' sem."' for column 'meal_id' at row 525
Warning	1452	Cannot add or update a child row: a foreign key constraint fails (`masnaszama`.`request`, CONSTRAINT `FKms4u2nlimmmc5tetpj0jo583n` FOREIGN KEY (`admin_id`) REFERENCES `admin` (`person_id`))
Warning	1262	Row 525 was truncated; it contained more data than there were input columns
Warning	1062	Duplicate entry '526' for key 'request.PRIMARY'
Warning	1062	Duplicate entry '527' for key 'request.PRIMARY'
Warning	1062	Duplicate entry '528' for key 'request.PRIMARY'
